2017-02-15 14:35:56,185 WARN org.apache.hadoop.util.NativeCodeLoader: Unable to load native-hadoop library for your platform... using builtin-java classes where applicable
2017-02-15 14:35:58,835 INFO org.apache.hadoop.conf.Configuration.deprecation: session.id is deprecated. Instead, use dfs.metrics.session-id
2017-02-15 14:35:58,851 INFO org.apache.hadoop.metrics.jvm.JvmMetrics: Initializing JVM Metrics with processName=JobTracker, sessionId=
2017-02-15 14:36:01,086 WARN org.apache.hadoop.mapreduce.JobResourceUploader: No job jar file set.  User classes may not be found. See Job or Job#setJar(String).
2017-02-15 14:36:01,330 INFO org.apache.hadoop.mapreduce.lib.input.FileInputFormat: Total input paths to process : 3
2017-02-15 14:36:01,626 INFO org.apache.hadoop.mapreduce.JobSubmitter: number of splits:3
2017-02-15 14:36:03,652 INFO org.apache.hadoop.mapreduce.JobSubmitter: Submitting tokens for job: job_local750408943_0001
2017-02-15 14:36:05,623 INFO org.apache.hadoop.mapreduce.Job: The url to track the job: http://localhost:8080/
2017-02-15 14:36:05,624 INFO org.apache.hadoop.mapreduce.Job: Running job: job_local750408943_0001
2017-02-15 14:36:05,749 INFO org.apache.hadoop.mapred.LocalJobRunner: OutputCommitter set in config null
2017-02-15 14:36:05,897 INFO org.apache.hadoop.mapreduce.lib.output.FileOutputCommitter: File Output Committer Algorithm version is 1
2017-02-15 14:36:06,115 INFO org.apache.hadoop.mapred.LocalJobRunner: OutputCommitter is org.apache.hadoop.mapreduce.lib.output.FileOutputCommitter
2017-02-15 14:36:06,672 INFO org.apache.hadoop.mapred.LocalJobRunner: Waiting for map tasks
2017-02-15 14:36:06,680 INFO org.apache.hadoop.mapred.LocalJobRunner: Starting task: attempt_local750408943_0001_m_000000_0
2017-02-15 14:36:06,748 INFO org.apache.hadoop.mapreduce.Job: Job job_local750408943_0001 running in uber mode : false
2017-02-15 14:36:06,757 INFO org.apache.hadoop.mapreduce.Job:  map 0% reduce 0%
2017-02-15 14:36:06,949 INFO org.apache.hadoop.mapreduce.lib.output.FileOutputCommitter: File Output Committer Algorithm version is 1
2017-02-15 14:36:07,090 INFO org.apache.hadoop.mapred.Task:  Using ResourceCalculatorProcessTree : [ ]
2017-02-15 14:36:07,120 INFO org.apache.hadoop.mapred.MapTask: Processing split: file:/home/cloudera/workspace/Assignment1/input/pg3200.txt:0+16013932
2017-02-15 14:36:07,988 INFO org.apache.hadoop.mapred.MapTask: (EQUATOR) 0 kvi 26214396(104857584)
2017-02-15 14:36:07,988 INFO org.apache.hadoop.mapred.MapTask: mapreduce.task.io.sort.mb: 100
2017-02-15 14:36:07,988 INFO org.apache.hadoop.mapred.MapTask: soft limit at 83886080
2017-02-15 14:36:07,988 INFO org.apache.hadoop.mapred.MapTask: bufstart = 0; bufvoid = 104857600
2017-02-15 14:36:07,988 INFO org.apache.hadoop.mapred.MapTask: kvstart = 26214396; length = 6553600
2017-02-15 14:36:08,067 INFO org.apache.hadoop.mapred.MapTask: Map output collector class = org.apache.hadoop.mapred.MapTask$MapOutputBuffer
2017-02-15 14:36:13,050 INFO org.apache.hadoop.mapred.LocalJobRunner: map > map
2017-02-15 14:36:13,786 INFO org.apache.hadoop.mapreduce.Job:  map 1% reduce 0%
2017-02-15 14:36:16,052 INFO org.apache.hadoop.mapred.LocalJobRunner: map > map
2017-02-15 14:36:16,798 INFO org.apache.hadoop.mapreduce.Job:  map 4% reduce 0%
2017-02-15 14:36:19,054 INFO org.apache.hadoop.mapred.LocalJobRunner: map > map
2017-02-15 14:36:19,801 INFO org.apache.hadoop.mapreduce.Job:  map 8% reduce 0%
2017-02-15 14:36:22,055 INFO org.apache.hadoop.mapred.LocalJobRunner: map > map
2017-02-15 14:36:22,803 INFO org.apache.hadoop.mapreduce.Job:  map 12% reduce 0%
2017-02-15 14:36:25,056 INFO org.apache.hadoop.mapred.LocalJobRunner: map > map
2017-02-15 14:36:25,805 INFO org.apache.hadoop.mapreduce.Job:  map 16% reduce 0%
2017-02-15 14:36:28,056 INFO org.apache.hadoop.mapred.LocalJobRunner: map > map
2017-02-15 14:36:28,808 INFO org.apache.hadoop.mapreduce.Job:  map 20% reduce 0%
2017-02-15 14:36:29,285 INFO org.apache.hadoop.mapred.LocalJobRunner: map > map
2017-02-15 14:36:29,287 INFO org.apache.hadoop.mapred.MapTask: Starting flush of map output
2017-02-15 14:36:29,288 INFO org.apache.hadoop.mapred.MapTask: Spilling map output
2017-02-15 14:36:29,288 INFO org.apache.hadoop.mapred.MapTask: bufstart = 0; bufend = 26808574; bufvoid = 104857600
2017-02-15 14:36:29,289 INFO org.apache.hadoop.mapred.MapTask: kvstart = 26214396(104857584); kvend = 14376544(57506176); length = 11837853/6553600
2017-02-15 14:36:31,057 INFO org.apache.hadoop.mapred.LocalJobRunner: map > sort
2017-02-15 14:36:31,810 INFO org.apache.hadoop.mapreduce.Job:  map 22% reduce 0%
2017-02-15 14:36:34,059 INFO org.apache.hadoop.mapred.LocalJobRunner: map > sort
2017-02-15 14:36:37,059 INFO org.apache.hadoop.mapred.LocalJobRunner: map > sort
2017-02-15 14:36:40,061 INFO org.apache.hadoop.mapred.LocalJobRunner: map > sort
2017-02-15 14:36:43,062 INFO org.apache.hadoop.mapred.LocalJobRunner: map > sort
2017-02-15 14:36:46,063 INFO org.apache.hadoop.mapred.LocalJobRunner: map > sort
2017-02-15 14:36:49,064 INFO org.apache.hadoop.mapred.LocalJobRunner: map > sort
2017-02-15 14:36:52,065 INFO org.apache.hadoop.mapred.LocalJobRunner: map > sort
2017-02-15 14:36:52,253 INFO org.apache.hadoop.mapred.MapTask: Finished spill 0
2017-02-15 14:36:52,283 INFO org.apache.hadoop.mapred.Task: Task:attempt_local750408943_0001_m_000000_0 is done. And is in the process of committing
2017-02-15 14:36:52,288 INFO org.apache.hadoop.mapred.LocalJobRunner: map
2017-02-15 14:36:52,290 INFO org.apache.hadoop.mapred.Task: Task 'attempt_local750408943_0001_m_000000_0' done.
2017-02-15 14:36:52,291 INFO org.apache.hadoop.mapred.LocalJobRunner: Finishing task: attempt_local750408943_0001_m_000000_0
2017-02-15 14:36:52,291 INFO org.apache.hadoop.mapred.LocalJobRunner: Starting task: attempt_local750408943_0001_m_000001_0
2017-02-15 14:36:52,303 INFO org.apache.hadoop.mapreduce.lib.output.FileOutputCommitter: File Output Committer Algorithm version is 1
2017-02-15 14:36:52,303 INFO org.apache.hadoop.mapred.Task:  Using ResourceCalculatorProcessTree : [ ]
2017-02-15 14:36:52,312 INFO org.apache.hadoop.mapred.MapTask: Processing split: file:/home/cloudera/workspace/Assignment1/input/pg100.txt:0+5589886
2017-02-15 14:36:52,611 INFO org.apache.hadoop.mapred.MapTask: (EQUATOR) 0 kvi 26214396(104857584)
2017-02-15 14:36:52,612 INFO org.apache.hadoop.mapred.MapTask: mapreduce.task.io.sort.mb: 100
2017-02-15 14:36:52,613 INFO org.apache.hadoop.mapred.MapTask: soft limit at 83886080
2017-02-15 14:36:52,613 INFO org.apache.hadoop.mapred.MapTask: bufstart = 0; bufvoid = 104857600
2017-02-15 14:36:52,613 INFO org.apache.hadoop.mapred.MapTask: kvstart = 26214396; length = 6553600
2017-02-15 14:36:52,621 INFO org.apache.hadoop.mapred.MapTask: Map output collector class = org.apache.hadoop.mapred.MapTask$MapOutputBuffer
2017-02-15 14:36:52,827 INFO org.apache.hadoop.mapreduce.Job:  map 100% reduce 0%
2017-02-15 14:36:58,030 INFO org.apache.hadoop.mapred.LocalJobRunner: 
2017-02-15 14:36:58,033 INFO org.apache.hadoop.mapred.MapTask: Starting flush of map output
2017-02-15 14:36:58,033 INFO org.apache.hadoop.mapred.MapTask: Spilling map output
2017-02-15 14:36:58,033 INFO org.apache.hadoop.mapred.MapTask: bufstart = 0; bufend = 9056486; bufvoid = 104857600
2017-02-15 14:36:58,033 INFO org.apache.hadoop.mapred.MapTask: kvstart = 26214396(104857584); kvend = 22013108(88052432); length = 4201289/6553600
2017-02-15 14:36:58,319 INFO org.apache.hadoop.mapred.LocalJobRunner: map > sort
2017-02-15 14:36:58,831 INFO org.apache.hadoop.mapreduce.Job:  map 56% reduce 0%
2017-02-15 14:37:01,320 INFO org.apache.hadoop.mapred.LocalJobRunner: map > sort
2017-02-15 14:37:03,882 INFO org.apache.hadoop.mapred.MapTask: Finished spill 0
2017-02-15 14:37:03,901 INFO org.apache.hadoop.mapred.Task: Task:attempt_local750408943_0001_m_000001_0 is done. And is in the process of committing
2017-02-15 14:37:03,913 INFO org.apache.hadoop.mapred.LocalJobRunner: map
2017-02-15 14:37:03,915 INFO org.apache.hadoop.mapred.Task: Task 'attempt_local750408943_0001_m_000001_0' done.
2017-02-15 14:37:03,915 INFO org.apache.hadoop.mapred.LocalJobRunner: Finishing task: attempt_local750408943_0001_m_000001_0
2017-02-15 14:37:03,915 INFO org.apache.hadoop.mapred.LocalJobRunner: Starting task: attempt_local750408943_0001_m_000002_0
2017-02-15 14:37:03,921 INFO org.apache.hadoop.mapreduce.lib.output.FileOutputCommitter: File Output Committer Algorithm version is 1
2017-02-15 14:37:03,924 INFO org.apache.hadoop.mapred.Task:  Using ResourceCalculatorProcessTree : [ ]
2017-02-15 14:37:03,962 INFO org.apache.hadoop.mapred.MapTask: Processing split: file:/home/cloudera/workspace/Assignment1/input/pg31100.txt:0+4454047
2017-02-15 14:37:04,246 INFO org.apache.hadoop.mapred.MapTask: (EQUATOR) 0 kvi 26214396(104857584)
2017-02-15 14:37:04,248 INFO org.apache.hadoop.mapred.MapTask: mapreduce.task.io.sort.mb: 100
2017-02-15 14:37:04,248 INFO org.apache.hadoop.mapred.MapTask: soft limit at 83886080
2017-02-15 14:37:04,249 INFO org.apache.hadoop.mapred.MapTask: bufstart = 0; bufvoid = 104857600
2017-02-15 14:37:04,249 INFO org.apache.hadoop.mapred.MapTask: kvstart = 26214396; length = 6553600
2017-02-15 14:37:04,258 INFO org.apache.hadoop.mapred.MapTask: Map output collector class = org.apache.hadoop.mapred.MapTask$MapOutputBuffer
2017-02-15 14:37:04,834 INFO org.apache.hadoop.mapreduce.Job:  map 100% reduce 0%
2017-02-15 14:37:08,063 INFO org.apache.hadoop.mapred.LocalJobRunner: 
2017-02-15 14:37:08,068 INFO org.apache.hadoop.mapred.MapTask: Starting flush of map output
2017-02-15 14:37:08,068 INFO org.apache.hadoop.mapred.MapTask: Spilling map output
2017-02-15 14:37:08,069 INFO org.apache.hadoop.mapred.MapTask: bufstart = 0; bufend = 7476348; bufvoid = 104857600
2017-02-15 14:37:08,069 INFO org.apache.hadoop.mapred.MapTask: kvstart = 26214396(104857584); kvend = 22967804(91871216); length = 3246593/6553600
2017-02-15 14:37:08,838 INFO org.apache.hadoop.mapreduce.Job:  map 67% reduce 0%
2017-02-15 14:37:09,931 INFO org.apache.hadoop.mapred.LocalJobRunner: map > sort
2017-02-15 14:37:10,839 INFO org.apache.hadoop.mapreduce.Job:  map 89% reduce 0%
2017-02-15 14:37:12,498 INFO org.apache.hadoop.mapred.MapTask: Finished spill 0
2017-02-15 14:37:12,511 INFO org.apache.hadoop.mapred.Task: Task:attempt_local750408943_0001_m_000002_0 is done. And is in the process of committing
2017-02-15 14:37:12,519 INFO org.apache.hadoop.mapred.LocalJobRunner: map
2017-02-15 14:37:12,520 INFO org.apache.hadoop.mapred.Task: Task 'attempt_local750408943_0001_m_000002_0' done.
2017-02-15 14:37:12,522 INFO org.apache.hadoop.mapred.LocalJobRunner: Finishing task: attempt_local750408943_0001_m_000002_0
2017-02-15 14:37:12,523 INFO org.apache.hadoop.mapred.LocalJobRunner: map task executor complete.
2017-02-15 14:37:12,695 INFO org.apache.hadoop.mapred.LocalJobRunner: Waiting for reduce tasks
2017-02-15 14:37:12,699 INFO org.apache.hadoop.mapred.LocalJobRunner: Starting task: attempt_local750408943_0001_r_000000_0
2017-02-15 14:37:12,775 INFO org.apache.hadoop.mapreduce.lib.output.FileOutputCommitter: File Output Committer Algorithm version is 1
2017-02-15 14:37:12,776 INFO org.apache.hadoop.mapred.Task:  Using ResourceCalculatorProcessTree : [ ]
2017-02-15 14:37:12,810 INFO org.apache.hadoop.mapred.ReduceTask: Using ShuffleConsumerPlugin: org.apache.hadoop.mapreduce.task.reduce.Shuffle@7313c51
2017-02-15 14:37:12,840 INFO org.apache.hadoop.mapreduce.Job:  map 100% reduce 0%
2017-02-15 14:37:12,995 INFO org.apache.hadoop.mapreduce.task.reduce.MergeManagerImpl: MergerManager: memoryLimit=261121632, maxSingleShuffleLimit=65280408, mergeThreshold=172340288, ioSortFactor=10, memToMemMergeOutputsThreshold=10
2017-02-15 14:37:13,019 INFO org.apache.hadoop.mapreduce.task.reduce.EventFetcher: attempt_local750408943_0001_r_000000_0 Thread started: EventFetcher for fetching Map Completion Events
2017-02-15 14:37:13,282 INFO org.apache.hadoop.mapreduce.task.reduce.LocalFetcher: localfetcher#1 about to shuffle output of map attempt_local750408943_0001_m_000000_0 decomp: 61 len: 65 to MEMORY
2017-02-15 14:37:13,346 INFO org.apache.hadoop.mapreduce.task.reduce.InMemoryMapOutput: Read 61 bytes from map-output for attempt_local750408943_0001_m_000000_0
2017-02-15 14:37:13,358 INFO org.apache.hadoop.mapreduce.task.reduce.MergeManagerImpl: closeInMemoryFile -> map-output of size: 61, inMemoryMapOutputs.size() -> 1, commitMemory -> 0, usedMemory ->61
2017-02-15 14:37:13,371 INFO org.apache.hadoop.mapreduce.task.reduce.LocalFetcher: localfetcher#1 about to shuffle output of map attempt_local750408943_0001_m_000002_0 decomp: 31 len: 35 to MEMORY
2017-02-15 14:37:13,373 INFO org.apache.hadoop.mapreduce.task.reduce.InMemoryMapOutput: Read 31 bytes from map-output for attempt_local750408943_0001_m_000002_0
2017-02-15 14:37:13,373 INFO org.apache.hadoop.mapreduce.task.reduce.MergeManagerImpl: closeInMemoryFile -> map-output of size: 31, inMemoryMapOutputs.size() -> 2, commitMemory -> 61, usedMemory ->92
2017-02-15 14:37:13,384 INFO org.apache.hadoop.mapreduce.task.reduce.LocalFetcher: localfetcher#1 about to shuffle output of map attempt_local750408943_0001_m_000001_0 decomp: 30 len: 34 to MEMORY
2017-02-15 14:37:13,389 INFO org.apache.hadoop.mapreduce.task.reduce.InMemoryMapOutput: Read 30 bytes from map-output for attempt_local750408943_0001_m_000001_0
2017-02-15 14:37:13,391 INFO org.apache.hadoop.mapreduce.task.reduce.MergeManagerImpl: closeInMemoryFile -> map-output of size: 30, inMemoryMapOutputs.size() -> 3, commitMemory -> 92, usedMemory ->122
2017-02-15 14:37:13,392 INFO org.apache.hadoop.mapreduce.task.reduce.EventFetcher: EventFetcher is interrupted.. Returning
2017-02-15 14:37:13,393 INFO org.apache.hadoop.mapred.LocalJobRunner: 3 / 3 copied.
2017-02-15 14:37:13,393 INFO org.apache.hadoop.mapreduce.task.reduce.MergeManagerImpl: finalMerge called with 3 in-memory map-outputs and 0 on-disk map-outputs
2017-02-15 14:37:13,441 INFO org.apache.hadoop.mapred.Merger: Merging 3 sorted segments
2017-02-15 14:37:13,443 INFO org.apache.hadoop.mapred.Merger: Down to the last merge-pass, with 3 segments left of total size: 104 bytes
2017-02-15 14:37:13,450 INFO org.apache.hadoop.mapreduce.task.reduce.MergeManagerImpl: Merged 3 segments, 122 bytes to disk to satisfy reduce memory limit
2017-02-15 14:37:13,458 INFO org.apache.hadoop.mapreduce.task.reduce.MergeManagerImpl: Merging 1 files, 122 bytes from disk
2017-02-15 14:37:13,470 INFO org.apache.hadoop.mapreduce.task.reduce.MergeManagerImpl: Merging 0 segments, 0 bytes from memory into reduce
2017-02-15 14:37:13,471 INFO org.apache.hadoop.mapred.Merger: Merging 1 sorted segments
2017-02-15 14:37:13,473 INFO org.apache.hadoop.mapred.Merger: Down to the last merge-pass, with 1 segments left of total size: 110 bytes
2017-02-15 14:37:13,475 INFO org.apache.hadoop.mapred.LocalJobRunner: 3 / 3 copied.
2017-02-15 14:37:13,532 INFO org.apache.hadoop.conf.Configuration.deprecation: mapred.skip.on is deprecated. Instead, use mapreduce.job.skiprecords
2017-02-15 14:37:13,535 INFO org.apache.hadoop.mapred.Task: Task:attempt_local750408943_0001_r_000000_0 is done. And is in the process of committing
2017-02-15 14:37:13,549 INFO org.apache.hadoop.mapred.LocalJobRunner: 3 / 3 copied.
2017-02-15 14:37:13,551 INFO org.apache.hadoop.mapred.Task: Task attempt_local750408943_0001_r_000000_0 is allowed to commit now
2017-02-15 14:37:13,552 INFO org.apache.hadoop.mapreduce.lib.output.FileOutputCommitter: Saved output of task 'attempt_local750408943_0001_r_000000_0' to file:/home/cloudera/workspace/Assignment1/Stopwords_10red_comb/output/_temporary/0/task_local750408943_0001_r_000000
2017-02-15 14:37:13,558 INFO org.apache.hadoop.mapred.LocalJobRunner: reduce > reduce
2017-02-15 14:37:13,560 INFO org.apache.hadoop.mapred.Task: Task 'attempt_local750408943_0001_r_000000_0' done.
2017-02-15 14:37:13,560 INFO org.apache.hadoop.mapred.LocalJobRunner: Finishing task: attempt_local750408943_0001_r_000000_0
2017-02-15 14:37:13,561 INFO org.apache.hadoop.mapred.LocalJobRunner: Starting task: attempt_local750408943_0001_r_000001_0
2017-02-15 14:37:13,575 INFO org.apache.hadoop.mapreduce.lib.output.FileOutputCommitter: File Output Committer Algorithm version is 1
2017-02-15 14:37:13,576 INFO org.apache.hadoop.mapred.Task:  Using ResourceCalculatorProcessTree : [ ]
2017-02-15 14:37:13,576 INFO org.apache.hadoop.mapred.ReduceTask: Using ShuffleConsumerPlugin: org.apache.hadoop.mapreduce.task.reduce.Shuffle@e5c71af
2017-02-15 14:37:13,585 INFO org.apache.hadoop.mapreduce.task.reduce.MergeManagerImpl: MergerManager: memoryLimit=261121632, maxSingleShuffleLimit=65280408, mergeThreshold=172340288, ioSortFactor=10, memToMemMergeOutputsThreshold=10
2017-02-15 14:37:13,600 INFO org.apache.hadoop.mapreduce.task.reduce.EventFetcher: attempt_local750408943_0001_r_000001_0 Thread started: EventFetcher for fetching Map Completion Events
2017-02-15 14:37:13,619 INFO org.apache.hadoop.mapreduce.task.reduce.LocalFetcher: localfetcher#2 about to shuffle output of map attempt_local750408943_0001_m_000000_0 decomp: 175 len: 179 to MEMORY
2017-02-15 14:37:13,622 INFO org.apache.hadoop.mapreduce.task.reduce.InMemoryMapOutput: Read 175 bytes from map-output for attempt_local750408943_0001_m_000000_0
2017-02-15 14:37:13,624 INFO org.apache.hadoop.mapreduce.task.reduce.MergeManagerImpl: closeInMemoryFile -> map-output of size: 175, inMemoryMapOutputs.size() -> 1, commitMemory -> 0, usedMemory ->175
2017-02-15 14:37:13,651 INFO org.apache.hadoop.mapreduce.task.reduce.LocalFetcher: localfetcher#2 about to shuffle output of map attempt_local750408943_0001_m_000002_0 decomp: 48 len: 52 to MEMORY
2017-02-15 14:37:13,653 INFO org.apache.hadoop.mapreduce.task.reduce.InMemoryMapOutput: Read 48 bytes from map-output for attempt_local750408943_0001_m_000002_0
2017-02-15 14:37:13,656 INFO org.apache.hadoop.mapreduce.task.reduce.MergeManagerImpl: closeInMemoryFile -> map-output of size: 48, inMemoryMapOutputs.size() -> 2, commitMemory -> 175, usedMemory ->223
2017-02-15 14:37:13,665 INFO org.apache.hadoop.mapreduce.task.reduce.LocalFetcher: localfetcher#2 about to shuffle output of map attempt_local750408943_0001_m_000001_0 decomp: 77 len: 81 to MEMORY
2017-02-15 14:37:13,667 INFO org.apache.hadoop.mapreduce.task.reduce.InMemoryMapOutput: Read 77 bytes from map-output for attempt_local750408943_0001_m_000001_0
2017-02-15 14:37:13,678 INFO org.apache.hadoop.mapreduce.task.reduce.MergeManagerImpl: closeInMemoryFile -> map-output of size: 77, inMemoryMapOutputs.size() -> 3, commitMemory -> 223, usedMemory ->300
2017-02-15 14:37:13,680 INFO org.apache.hadoop.mapreduce.task.reduce.EventFetcher: EventFetcher is interrupted.. Returning
2017-02-15 14:37:13,682 INFO org.apache.hadoop.mapred.LocalJobRunner: 3 / 3 copied.
2017-02-15 14:37:13,682 INFO org.apache.hadoop.mapreduce.task.reduce.MergeManagerImpl: finalMerge called with 3 in-memory map-outputs and 0 on-disk map-outputs
2017-02-15 14:37:13,683 INFO org.apache.hadoop.mapred.Merger: Merging 3 sorted segments
2017-02-15 14:37:13,683 INFO org.apache.hadoop.mapred.Merger: Down to the last merge-pass, with 3 segments left of total size: 291 bytes
2017-02-15 14:37:13,695 INFO org.apache.hadoop.mapreduce.task.reduce.MergeManagerImpl: Merged 3 segments, 300 bytes to disk to satisfy reduce memory limit
2017-02-15 14:37:13,716 INFO org.apache.hadoop.mapreduce.task.reduce.MergeManagerImpl: Merging 1 files, 300 bytes from disk
2017-02-15 14:37:13,720 INFO org.apache.hadoop.mapreduce.task.reduce.MergeManagerImpl: Merging 0 segments, 0 bytes from memory into reduce
2017-02-15 14:37:13,720 INFO org.apache.hadoop.mapred.Merger: Merging 1 sorted segments
2017-02-15 14:37:13,742 INFO org.apache.hadoop.mapred.Merger: Down to the last merge-pass, with 1 segments left of total size: 293 bytes
2017-02-15 14:37:13,742 INFO org.apache.hadoop.mapred.LocalJobRunner: 3 / 3 copied.
2017-02-15 14:37:13,775 INFO org.apache.hadoop.mapred.Task: Task:attempt_local750408943_0001_r_000001_0 is done. And is in the process of committing
2017-02-15 14:37:13,794 INFO org.apache.hadoop.mapred.LocalJobRunner: 3 / 3 copied.
2017-02-15 14:37:13,794 INFO org.apache.hadoop.mapred.Task: Task attempt_local750408943_0001_r_000001_0 is allowed to commit now
2017-02-15 14:37:13,795 INFO org.apache.hadoop.mapreduce.lib.output.FileOutputCommitter: Saved output of task 'attempt_local750408943_0001_r_000001_0' to file:/home/cloudera/workspace/Assignment1/Stopwords_10red_comb/output/_temporary/0/task_local750408943_0001_r_000001
2017-02-15 14:37:13,803 INFO org.apache.hadoop.mapred.LocalJobRunner: reduce > reduce
2017-02-15 14:37:13,808 INFO org.apache.hadoop.mapred.Task: Task 'attempt_local750408943_0001_r_000001_0' done.
2017-02-15 14:37:13,809 INFO org.apache.hadoop.mapred.LocalJobRunner: Finishing task: attempt_local750408943_0001_r_000001_0
2017-02-15 14:37:13,810 INFO org.apache.hadoop.mapred.LocalJobRunner: Starting task: attempt_local750408943_0001_r_000002_0
2017-02-15 14:37:13,817 INFO org.apache.hadoop.mapreduce.lib.output.FileOutputCommitter: File Output Committer Algorithm version is 1
2017-02-15 14:37:13,822 INFO org.apache.hadoop.mapred.Task:  Using ResourceCalculatorProcessTree : [ ]
2017-02-15 14:37:13,828 INFO org.apache.hadoop.mapred.ReduceTask: Using ShuffleConsumerPlugin: org.apache.hadoop.mapreduce.task.reduce.Shuffle@76c073fd
2017-02-15 14:37:13,841 INFO org.apache.hadoop.mapreduce.Job:  map 100% reduce 100%
2017-02-15 14:37:13,848 INFO org.apache.hadoop.mapreduce.task.reduce.MergeManagerImpl: MergerManager: memoryLimit=261121632, maxSingleShuffleLimit=65280408, mergeThreshold=172340288, ioSortFactor=10, memToMemMergeOutputsThreshold=10
2017-02-15 14:37:13,858 INFO org.apache.hadoop.mapreduce.task.reduce.EventFetcher: attempt_local750408943_0001_r_000002_0 Thread started: EventFetcher for fetching Map Completion Events
2017-02-15 14:37:13,871 INFO org.apache.hadoop.mapreduce.task.reduce.LocalFetcher: localfetcher#3 about to shuffle output of map attempt_local750408943_0001_m_000000_0 decomp: 123 len: 127 to MEMORY
2017-02-15 14:37:13,880 INFO org.apache.hadoop.mapreduce.task.reduce.InMemoryMapOutput: Read 123 bytes from map-output for attempt_local750408943_0001_m_000000_0
2017-02-15 14:37:13,881 INFO org.apache.hadoop.mapreduce.task.reduce.MergeManagerImpl: closeInMemoryFile -> map-output of size: 123, inMemoryMapOutputs.size() -> 1, commitMemory -> 0, usedMemory ->123
2017-02-15 14:37:13,902 INFO org.apache.hadoop.mapreduce.task.reduce.LocalFetcher: localfetcher#3 about to shuffle output of map attempt_local750408943_0001_m_000002_0 decomp: 51 len: 55 to MEMORY
2017-02-15 14:37:13,903 INFO org.apache.hadoop.mapreduce.task.reduce.InMemoryMapOutput: Read 51 bytes from map-output for attempt_local750408943_0001_m_000002_0
2017-02-15 14:37:13,903 INFO org.apache.hadoop.mapreduce.task.reduce.MergeManagerImpl: closeInMemoryFile -> map-output of size: 51, inMemoryMapOutputs.size() -> 2, commitMemory -> 123, usedMemory ->174
2017-02-15 14:37:13,916 INFO org.apache.hadoop.mapreduce.task.reduce.LocalFetcher: localfetcher#3 about to shuffle output of map attempt_local750408943_0001_m_000001_0 decomp: 41 len: 45 to MEMORY
2017-02-15 14:37:13,917 INFO org.apache.hadoop.mapreduce.task.reduce.InMemoryMapOutput: Read 41 bytes from map-output for attempt_local750408943_0001_m_000001_0
2017-02-15 14:37:13,919 INFO org.apache.hadoop.mapreduce.task.reduce.MergeManagerImpl: closeInMemoryFile -> map-output of size: 41, inMemoryMapOutputs.size() -> 3, commitMemory -> 174, usedMemory ->215
2017-02-15 14:37:13,921 INFO org.apache.hadoop.mapreduce.task.reduce.EventFetcher: EventFetcher is interrupted.. Returning
2017-02-15 14:37:13,923 INFO org.apache.hadoop.mapred.LocalJobRunner: 3 / 3 copied.
2017-02-15 14:37:13,923 INFO org.apache.hadoop.mapreduce.task.reduce.MergeManagerImpl: finalMerge called with 3 in-memory map-outputs and 0 on-disk map-outputs
2017-02-15 14:37:13,925 INFO org.apache.hadoop.mapred.Merger: Merging 3 sorted segments
2017-02-15 14:37:13,925 INFO org.apache.hadoop.mapred.Merger: Down to the last merge-pass, with 3 segments left of total size: 197 bytes
2017-02-15 14:37:13,939 INFO org.apache.hadoop.mapreduce.task.reduce.MergeManagerImpl: Merged 3 segments, 215 bytes to disk to satisfy reduce memory limit
2017-02-15 14:37:13,940 INFO org.apache.hadoop.mapreduce.task.reduce.MergeManagerImpl: Merging 1 files, 215 bytes from disk
2017-02-15 14:37:13,943 INFO org.apache.hadoop.mapreduce.task.reduce.MergeManagerImpl: Merging 0 segments, 0 bytes from memory into reduce
2017-02-15 14:37:13,943 INFO org.apache.hadoop.mapred.Merger: Merging 1 sorted segments
2017-02-15 14:37:13,956 INFO org.apache.hadoop.mapred.Merger: Down to the last merge-pass, with 1 segments left of total size: 205 bytes
2017-02-15 14:37:13,957 INFO org.apache.hadoop.mapred.LocalJobRunner: 3 / 3 copied.
2017-02-15 14:37:13,997 INFO org.apache.hadoop.mapred.Task: Task:attempt_local750408943_0001_r_000002_0 is done. And is in the process of committing
2017-02-15 14:37:13,998 INFO org.apache.hadoop.mapred.LocalJobRunner: 3 / 3 copied.
2017-02-15 14:37:13,999 INFO org.apache.hadoop.mapred.Task: Task attempt_local750408943_0001_r_000002_0 is allowed to commit now
2017-02-15 14:37:14,011 INFO org.apache.hadoop.mapreduce.lib.output.FileOutputCommitter: Saved output of task 'attempt_local750408943_0001_r_000002_0' to file:/home/cloudera/workspace/Assignment1/Stopwords_10red_comb/output/_temporary/0/task_local750408943_0001_r_000002
2017-02-15 14:37:14,013 INFO org.apache.hadoop.mapred.LocalJobRunner: reduce > reduce
2017-02-15 14:37:14,015 INFO org.apache.hadoop.mapred.Task: Task 'attempt_local750408943_0001_r_000002_0' done.
2017-02-15 14:37:14,017 INFO org.apache.hadoop.mapred.LocalJobRunner: Finishing task: attempt_local750408943_0001_r_000002_0
2017-02-15 14:37:14,018 INFO org.apache.hadoop.mapred.LocalJobRunner: Starting task: attempt_local750408943_0001_r_000003_0
2017-02-15 14:37:14,030 INFO org.apache.hadoop.mapreduce.lib.output.FileOutputCommitter: File Output Committer Algorithm version is 1
2017-02-15 14:37:14,031 INFO org.apache.hadoop.mapred.Task:  Using ResourceCalculatorProcessTree : [ ]
2017-02-15 14:37:14,032 INFO org.apache.hadoop.mapred.ReduceTask: Using ShuffleConsumerPlugin: org.apache.hadoop.mapreduce.task.reduce.Shuffle@50ed97a6
2017-02-15 14:37:14,050 INFO org.apache.hadoop.mapreduce.task.reduce.MergeManagerImpl: MergerManager: memoryLimit=261121632, maxSingleShuffleLimit=65280408, mergeThreshold=172340288, ioSortFactor=10, memToMemMergeOutputsThreshold=10
2017-02-15 14:37:14,060 INFO org.apache.hadoop.mapreduce.task.reduce.EventFetcher: attempt_local750408943_0001_r_000003_0 Thread started: EventFetcher for fetching Map Completion Events
2017-02-15 14:37:14,078 INFO org.apache.hadoop.mapreduce.task.reduce.LocalFetcher: localfetcher#4 about to shuffle output of map attempt_local750408943_0001_m_000000_0 decomp: 63 len: 67 to MEMORY
2017-02-15 14:37:14,080 INFO org.apache.hadoop.mapreduce.task.reduce.InMemoryMapOutput: Read 63 bytes from map-output for attempt_local750408943_0001_m_000000_0
2017-02-15 14:37:14,081 INFO org.apache.hadoop.mapreduce.task.reduce.MergeManagerImpl: closeInMemoryFile -> map-output of size: 63, inMemoryMapOutputs.size() -> 1, commitMemory -> 0, usedMemory ->63
2017-02-15 14:37:14,098 INFO org.apache.hadoop.mapreduce.task.reduce.LocalFetcher: localfetcher#4 about to shuffle output of map attempt_local750408943_0001_m_000002_0 decomp: 11 len: 15 to MEMORY
2017-02-15 14:37:14,105 INFO org.apache.hadoop.mapreduce.task.reduce.InMemoryMapOutput: Read 11 bytes from map-output for attempt_local750408943_0001_m_000002_0
2017-02-15 14:37:14,108 INFO org.apache.hadoop.mapreduce.task.reduce.MergeManagerImpl: closeInMemoryFile -> map-output of size: 11, inMemoryMapOutputs.size() -> 2, commitMemory -> 63, usedMemory ->74
2017-02-15 14:37:14,119 INFO org.apache.hadoop.mapreduce.task.reduce.LocalFetcher: localfetcher#4 about to shuffle output of map attempt_local750408943_0001_m_000001_0 decomp: 11 len: 15 to MEMORY
2017-02-15 14:37:14,124 INFO org.apache.hadoop.mapreduce.task.reduce.InMemoryMapOutput: Read 11 bytes from map-output for attempt_local750408943_0001_m_000001_0
2017-02-15 14:37:14,126 INFO org.apache.hadoop.mapreduce.task.reduce.MergeManagerImpl: closeInMemoryFile -> map-output of size: 11, inMemoryMapOutputs.size() -> 3, commitMemory -> 74, usedMemory ->85
2017-02-15 14:37:14,127 INFO org.apache.hadoop.mapreduce.task.reduce.EventFetcher: EventFetcher is interrupted.. Returning
2017-02-15 14:37:14,127 INFO org.apache.hadoop.mapred.LocalJobRunner: 3 / 3 copied.
2017-02-15 14:37:14,128 INFO org.apache.hadoop.mapreduce.task.reduce.MergeManagerImpl: finalMerge called with 3 in-memory map-outputs and 0 on-disk map-outputs
2017-02-15 14:37:14,131 INFO org.apache.hadoop.mapred.Merger: Merging 3 sorted segments
2017-02-15 14:37:14,131 INFO org.apache.hadoop.mapred.Merger: Down to the last merge-pass, with 3 segments left of total size: 69 bytes
2017-02-15 14:37:14,139 INFO org.apache.hadoop.mapreduce.task.reduce.MergeManagerImpl: Merged 3 segments, 85 bytes to disk to satisfy reduce memory limit
2017-02-15 14:37:14,141 INFO org.apache.hadoop.mapreduce.task.reduce.MergeManagerImpl: Merging 1 files, 85 bytes from disk
2017-02-15 14:37:14,143 INFO org.apache.hadoop.mapreduce.task.reduce.MergeManagerImpl: Merging 0 segments, 0 bytes from memory into reduce
2017-02-15 14:37:14,144 INFO org.apache.hadoop.mapred.Merger: Merging 1 sorted segments
2017-02-15 14:37:14,150 INFO org.apache.hadoop.mapred.Merger: Down to the last merge-pass, with 1 segments left of total size: 75 bytes
2017-02-15 14:37:14,161 INFO org.apache.hadoop.mapred.LocalJobRunner: 3 / 3 copied.
2017-02-15 14:37:14,195 INFO org.apache.hadoop.mapred.Task: Task:attempt_local750408943_0001_r_000003_0 is done. And is in the process of committing
2017-02-15 14:37:14,208 INFO org.apache.hadoop.mapred.LocalJobRunner: 3 / 3 copied.
2017-02-15 14:37:14,216 INFO org.apache.hadoop.mapred.Task: Task attempt_local750408943_0001_r_000003_0 is allowed to commit now
2017-02-15 14:37:14,225 INFO org.apache.hadoop.mapreduce.lib.output.FileOutputCommitter: Saved output of task 'attempt_local750408943_0001_r_000003_0' to file:/home/cloudera/workspace/Assignment1/Stopwords_10red_comb/output/_temporary/0/task_local750408943_0001_r_000003
2017-02-15 14:37:14,226 INFO org.apache.hadoop.mapred.LocalJobRunner: reduce > reduce
2017-02-15 14:37:14,243 INFO org.apache.hadoop.mapred.Task: Task 'attempt_local750408943_0001_r_000003_0' done.
2017-02-15 14:37:14,243 INFO org.apache.hadoop.mapred.LocalJobRunner: Finishing task: attempt_local750408943_0001_r_000003_0
2017-02-15 14:37:14,243 INFO org.apache.hadoop.mapred.LocalJobRunner: Starting task: attempt_local750408943_0001_r_000004_0
2017-02-15 14:37:14,256 INFO org.apache.hadoop.mapreduce.lib.output.FileOutputCommitter: File Output Committer Algorithm version is 1
2017-02-15 14:37:14,257 INFO org.apache.hadoop.mapred.Task:  Using ResourceCalculatorProcessTree : [ ]
2017-02-15 14:37:14,257 INFO org.apache.hadoop.mapred.ReduceTask: Using ShuffleConsumerPlugin: org.apache.hadoop.mapreduce.task.reduce.Shuffle@2deeef8c
2017-02-15 14:37:14,261 INFO org.apache.hadoop.mapreduce.task.reduce.MergeManagerImpl: MergerManager: memoryLimit=261121632, maxSingleShuffleLimit=65280408, mergeThreshold=172340288, ioSortFactor=10, memToMemMergeOutputsThreshold=10
2017-02-15 14:37:14,279 INFO org.apache.hadoop.mapreduce.task.reduce.EventFetcher: attempt_local750408943_0001_r_000004_0 Thread started: EventFetcher for fetching Map Completion Events
2017-02-15 14:37:14,299 INFO org.apache.hadoop.mapreduce.task.reduce.LocalFetcher: localfetcher#5 about to shuffle output of map attempt_local750408943_0001_m_000000_0 decomp: 52 len: 56 to MEMORY
2017-02-15 14:37:14,310 INFO org.apache.hadoop.mapreduce.task.reduce.InMemoryMapOutput: Read 52 bytes from map-output for attempt_local750408943_0001_m_000000_0
2017-02-15 14:37:14,310 INFO org.apache.hadoop.mapreduce.task.reduce.MergeManagerImpl: closeInMemoryFile -> map-output of size: 52, inMemoryMapOutputs.size() -> 1, commitMemory -> 0, usedMemory ->52
2017-02-15 14:37:14,316 INFO org.apache.hadoop.mapreduce.task.reduce.LocalFetcher: localfetcher#5 about to shuffle output of map attempt_local750408943_0001_m_000002_0 decomp: 41 len: 45 to MEMORY
2017-02-15 14:37:14,325 INFO org.apache.hadoop.mapreduce.task.reduce.InMemoryMapOutput: Read 41 bytes from map-output for attempt_local750408943_0001_m_000002_0
2017-02-15 14:37:14,325 INFO org.apache.hadoop.mapreduce.task.reduce.MergeManagerImpl: closeInMemoryFile -> map-output of size: 41, inMemoryMapOutputs.size() -> 2, commitMemory -> 52, usedMemory ->93
2017-02-15 14:37:14,349 INFO org.apache.hadoop.mapreduce.task.reduce.LocalFetcher: localfetcher#5 about to shuffle output of map attempt_local750408943_0001_m_000001_0 decomp: 33 len: 37 to MEMORY
2017-02-15 14:37:14,350 INFO org.apache.hadoop.mapreduce.task.reduce.InMemoryMapOutput: Read 33 bytes from map-output for attempt_local750408943_0001_m_000001_0
2017-02-15 14:37:14,350 INFO org.apache.hadoop.mapreduce.task.reduce.MergeManagerImpl: closeInMemoryFile -> map-output of size: 33, inMemoryMapOutputs.size() -> 3, commitMemory -> 93, usedMemory ->126
2017-02-15 14:37:14,350 INFO org.apache.hadoop.mapreduce.task.reduce.EventFetcher: EventFetcher is interrupted.. Returning
2017-02-15 14:37:14,351 INFO org.apache.hadoop.mapred.LocalJobRunner: 3 / 3 copied.
2017-02-15 14:37:14,351 INFO org.apache.hadoop.mapreduce.task.reduce.MergeManagerImpl: finalMerge called with 3 in-memory map-outputs and 0 on-disk map-outputs
2017-02-15 14:37:14,354 INFO org.apache.hadoop.mapred.Merger: Merging 3 sorted segments
2017-02-15 14:37:14,354 INFO org.apache.hadoop.mapred.Merger: Down to the last merge-pass, with 3 segments left of total size: 109 bytes
2017-02-15 14:37:14,355 INFO org.apache.hadoop.mapreduce.task.reduce.MergeManagerImpl: Merged 3 segments, 126 bytes to disk to satisfy reduce memory limit
2017-02-15 14:37:14,364 INFO org.apache.hadoop.mapreduce.task.reduce.MergeManagerImpl: Merging 1 files, 126 bytes from disk
2017-02-15 14:37:14,365 INFO org.apache.hadoop.mapreduce.task.reduce.MergeManagerImpl: Merging 0 segments, 0 bytes from memory into reduce
2017-02-15 14:37:14,365 INFO org.apache.hadoop.mapred.Merger: Merging 1 sorted segments
2017-02-15 14:37:14,373 INFO org.apache.hadoop.mapred.Merger: Down to the last merge-pass, with 1 segments left of total size: 116 bytes
2017-02-15 14:37:14,374 INFO org.apache.hadoop.mapred.LocalJobRunner: 3 / 3 copied.
2017-02-15 14:37:14,410 INFO org.apache.hadoop.mapred.Task: Task:attempt_local750408943_0001_r_000004_0 is done. And is in the process of committing
2017-02-15 14:37:14,421 INFO org.apache.hadoop.mapred.LocalJobRunner: 3 / 3 copied.
2017-02-15 14:37:14,422 INFO org.apache.hadoop.mapred.Task: Task attempt_local750408943_0001_r_000004_0 is allowed to commit now
2017-02-15 14:37:14,434 INFO org.apache.hadoop.mapreduce.lib.output.FileOutputCommitter: Saved output of task 'attempt_local750408943_0001_r_000004_0' to file:/home/cloudera/workspace/Assignment1/Stopwords_10red_comb/output/_temporary/0/task_local750408943_0001_r_000004
2017-02-15 14:37:14,435 INFO org.apache.hadoop.mapred.LocalJobRunner: reduce > reduce
2017-02-15 14:37:14,435 INFO org.apache.hadoop.mapred.Task: Task 'attempt_local750408943_0001_r_000004_0' done.
2017-02-15 14:37:14,441 INFO org.apache.hadoop.mapred.LocalJobRunner: Finishing task: attempt_local750408943_0001_r_000004_0
2017-02-15 14:37:14,441 INFO org.apache.hadoop.mapred.LocalJobRunner: Starting task: attempt_local750408943_0001_r_000005_0
2017-02-15 14:37:14,453 INFO org.apache.hadoop.mapreduce.lib.output.FileOutputCommitter: File Output Committer Algorithm version is 1
2017-02-15 14:37:14,454 INFO org.apache.hadoop.mapred.Task:  Using ResourceCalculatorProcessTree : [ ]
2017-02-15 14:37:14,454 INFO org.apache.hadoop.mapred.ReduceTask: Using ShuffleConsumerPlugin: org.apache.hadoop.mapreduce.task.reduce.Shuffle@776f844a
2017-02-15 14:37:14,471 INFO org.apache.hadoop.mapreduce.task.reduce.MergeManagerImpl: MergerManager: memoryLimit=261121632, maxSingleShuffleLimit=65280408, mergeThreshold=172340288, ioSortFactor=10, memToMemMergeOutputsThreshold=10
2017-02-15 14:37:14,489 INFO org.apache.hadoop.mapreduce.task.reduce.EventFetcher: attempt_local750408943_0001_r_000005_0 Thread started: EventFetcher for fetching Map Completion Events
2017-02-15 14:37:14,505 INFO org.apache.hadoop.mapreduce.task.reduce.LocalFetcher: localfetcher#6 about to shuffle output of map attempt_local750408943_0001_m_000000_0 decomp: 66 len: 70 to MEMORY
2017-02-15 14:37:14,506 INFO org.apache.hadoop.mapreduce.task.reduce.InMemoryMapOutput: Read 66 bytes from map-output for attempt_local750408943_0001_m_000000_0
2017-02-15 14:37:14,506 INFO org.apache.hadoop.mapreduce.task.reduce.MergeManagerImpl: closeInMemoryFile -> map-output of size: 66, inMemoryMapOutputs.size() -> 1, commitMemory -> 0, usedMemory ->66
2017-02-15 14:37:14,520 INFO org.apache.hadoop.mapreduce.task.reduce.LocalFetcher: localfetcher#6 about to shuffle output of map attempt_local750408943_0001_m_000002_0 decomp: 23 len: 27 to MEMORY
2017-02-15 14:37:14,530 INFO org.apache.hadoop.mapreduce.task.reduce.InMemoryMapOutput: Read 23 bytes from map-output for attempt_local750408943_0001_m_000002_0
2017-02-15 14:37:14,530 INFO org.apache.hadoop.mapreduce.task.reduce.MergeManagerImpl: closeInMemoryFile -> map-output of size: 23, inMemoryMapOutputs.size() -> 2, commitMemory -> 66, usedMemory ->89
2017-02-15 14:37:14,550 INFO org.apache.hadoop.mapreduce.task.reduce.LocalFetcher: localfetcher#6 about to shuffle output of map attempt_local750408943_0001_m_000001_0 decomp: 23 len: 27 to MEMORY
2017-02-15 14:37:14,562 INFO org.apache.hadoop.mapreduce.task.reduce.InMemoryMapOutput: Read 23 bytes from map-output for attempt_local750408943_0001_m_000001_0
2017-02-15 14:37:14,563 INFO org.apache.hadoop.mapreduce.task.reduce.MergeManagerImpl: closeInMemoryFile -> map-output of size: 23, inMemoryMapOutputs.size() -> 3, commitMemory -> 89, usedMemory ->112
2017-02-15 14:37:14,564 INFO org.apache.hadoop.mapreduce.task.reduce.EventFetcher: EventFetcher is interrupted.. Returning
2017-02-15 14:37:14,565 INFO org.apache.hadoop.mapred.LocalJobRunner: 3 / 3 copied.
2017-02-15 14:37:14,566 INFO org.apache.hadoop.mapreduce.task.reduce.MergeManagerImpl: finalMerge called with 3 in-memory map-outputs and 0 on-disk map-outputs
2017-02-15 14:37:14,568 INFO org.apache.hadoop.mapred.Merger: Merging 3 sorted segments
2017-02-15 14:37:14,568 INFO org.apache.hadoop.mapred.Merger: Down to the last merge-pass, with 3 segments left of total size: 94 bytes
2017-02-15 14:37:14,579 INFO org.apache.hadoop.mapreduce.task.reduce.MergeManagerImpl: Merged 3 segments, 112 bytes to disk to satisfy reduce memory limit
2017-02-15 14:37:14,580 INFO org.apache.hadoop.mapreduce.task.reduce.MergeManagerImpl: Merging 1 files, 112 bytes from disk
2017-02-15 14:37:14,580 INFO org.apache.hadoop.mapreduce.task.reduce.MergeManagerImpl: Merging 0 segments, 0 bytes from memory into reduce
2017-02-15 14:37:14,580 INFO org.apache.hadoop.mapred.Merger: Merging 1 sorted segments
2017-02-15 14:37:14,592 INFO org.apache.hadoop.mapred.Merger: Down to the last merge-pass, with 1 segments left of total size: 102 bytes
2017-02-15 14:37:14,593 INFO org.apache.hadoop.mapred.LocalJobRunner: 3 / 3 copied.
2017-02-15 14:37:14,634 INFO org.apache.hadoop.mapred.Task: Task:attempt_local750408943_0001_r_000005_0 is done. And is in the process of committing
2017-02-15 14:37:14,643 INFO org.apache.hadoop.mapred.LocalJobRunner: 3 / 3 copied.
2017-02-15 14:37:14,644 INFO org.apache.hadoop.mapred.Task: Task attempt_local750408943_0001_r_000005_0 is allowed to commit now
2017-02-15 14:37:14,654 INFO org.apache.hadoop.mapreduce.lib.output.FileOutputCommitter: Saved output of task 'attempt_local750408943_0001_r_000005_0' to file:/home/cloudera/workspace/Assignment1/Stopwords_10red_comb/output/_temporary/0/task_local750408943_0001_r_000005
2017-02-15 14:37:14,655 INFO org.apache.hadoop.mapred.LocalJobRunner: reduce > reduce
2017-02-15 14:37:14,663 INFO org.apache.hadoop.mapred.Task: Task 'attempt_local750408943_0001_r_000005_0' done.
2017-02-15 14:37:14,663 INFO org.apache.hadoop.mapred.LocalJobRunner: Finishing task: attempt_local750408943_0001_r_000005_0
2017-02-15 14:37:14,663 INFO org.apache.hadoop.mapred.LocalJobRunner: Starting task: attempt_local750408943_0001_r_000006_0
2017-02-15 14:37:14,686 INFO org.apache.hadoop.mapreduce.lib.output.FileOutputCommitter: File Output Committer Algorithm version is 1
2017-02-15 14:37:14,688 INFO org.apache.hadoop.mapred.Task:  Using ResourceCalculatorProcessTree : [ ]
2017-02-15 14:37:14,697 INFO org.apache.hadoop.mapred.ReduceTask: Using ShuffleConsumerPlugin: org.apache.hadoop.mapreduce.task.reduce.Shuffle@5b7b6f08
2017-02-15 14:37:14,704 INFO org.apache.hadoop.mapreduce.task.reduce.MergeManagerImpl: MergerManager: memoryLimit=261121632, maxSingleShuffleLimit=65280408, mergeThreshold=172340288, ioSortFactor=10, memToMemMergeOutputsThreshold=10
2017-02-15 14:37:14,731 INFO org.apache.hadoop.mapreduce.task.reduce.EventFetcher: attempt_local750408943_0001_r_000006_0 Thread started: EventFetcher for fetching Map Completion Events
2017-02-15 14:37:14,736 INFO org.apache.hadoop.mapreduce.task.reduce.LocalFetcher: localfetcher#7 about to shuffle output of map attempt_local750408943_0001_m_000000_0 decomp: 112 len: 116 to MEMORY
2017-02-15 14:37:14,749 INFO org.apache.hadoop.mapreduce.task.reduce.InMemoryMapOutput: Read 112 bytes from map-output for attempt_local750408943_0001_m_000000_0
2017-02-15 14:37:14,750 INFO org.apache.hadoop.mapreduce.task.reduce.MergeManagerImpl: closeInMemoryFile -> map-output of size: 112, inMemoryMapOutputs.size() -> 1, commitMemory -> 0, usedMemory ->112
2017-02-15 14:37:14,783 INFO org.apache.hadoop.mapreduce.task.reduce.LocalFetcher: localfetcher#7 about to shuffle output of map attempt_local750408943_0001_m_000002_0 decomp: 36 len: 40 to MEMORY
2017-02-15 14:37:14,783 INFO org.apache.hadoop.mapreduce.task.reduce.InMemoryMapOutput: Read 36 bytes from map-output for attempt_local750408943_0001_m_000002_0
2017-02-15 14:37:14,784 INFO org.apache.hadoop.mapreduce.task.reduce.MergeManagerImpl: closeInMemoryFile -> map-output of size: 36, inMemoryMapOutputs.size() -> 2, commitMemory -> 112, usedMemory ->148
2017-02-15 14:37:14,804 INFO org.apache.hadoop.mapreduce.task.reduce.LocalFetcher: localfetcher#7 about to shuffle output of map attempt_local750408943_0001_m_000001_0 decomp: 36 len: 40 to MEMORY
2017-02-15 14:37:14,815 INFO org.apache.hadoop.mapreduce.task.reduce.InMemoryMapOutput: Read 36 bytes from map-output for attempt_local750408943_0001_m_000001_0
2017-02-15 14:37:14,815 INFO org.apache.hadoop.mapreduce.task.reduce.MergeManagerImpl: closeInMemoryFile -> map-output of size: 36, inMemoryMapOutputs.size() -> 3, commitMemory -> 148, usedMemory ->184
2017-02-15 14:37:14,816 INFO org.apache.hadoop.mapreduce.task.reduce.EventFetcher: EventFetcher is interrupted.. Returning
2017-02-15 14:37:14,816 INFO org.apache.hadoop.mapred.LocalJobRunner: 3 / 3 copied.
2017-02-15 14:37:14,816 INFO org.apache.hadoop.mapreduce.task.reduce.MergeManagerImpl: finalMerge called with 3 in-memory map-outputs and 0 on-disk map-outputs
2017-02-15 14:37:14,824 INFO org.apache.hadoop.mapred.Merger: Merging 3 sorted segments
2017-02-15 14:37:14,825 INFO org.apache.hadoop.mapred.Merger: Down to the last merge-pass, with 3 segments left of total size: 166 bytes
2017-02-15 14:37:14,842 INFO org.apache.hadoop.mapreduce.Job:  map 100% reduce 60%
2017-02-15 14:37:14,842 INFO org.apache.hadoop.mapreduce.task.reduce.MergeManagerImpl: Merged 3 segments, 184 bytes to disk to satisfy reduce memory limit
2017-02-15 14:37:14,847 INFO org.apache.hadoop.mapreduce.task.reduce.MergeManagerImpl: Merging 1 files, 184 bytes from disk
2017-02-15 14:37:14,848 INFO org.apache.hadoop.mapreduce.task.reduce.MergeManagerImpl: Merging 0 segments, 0 bytes from memory into reduce
2017-02-15 14:37:14,849 INFO org.apache.hadoop.mapred.Merger: Merging 1 sorted segments
2017-02-15 14:37:14,855 INFO org.apache.hadoop.mapred.Merger: Down to the last merge-pass, with 1 segments left of total size: 172 bytes
2017-02-15 14:37:14,856 INFO org.apache.hadoop.mapred.LocalJobRunner: 3 / 3 copied.
2017-02-15 14:37:14,909 INFO org.apache.hadoop.mapred.Task: Task:attempt_local750408943_0001_r_000006_0 is done. And is in the process of committing
2017-02-15 14:37:14,912 INFO org.apache.hadoop.mapred.LocalJobRunner: 3 / 3 copied.
2017-02-15 14:37:14,912 INFO org.apache.hadoop.mapred.Task: Task attempt_local750408943_0001_r_000006_0 is allowed to commit now
2017-02-15 14:37:14,922 INFO org.apache.hadoop.mapreduce.lib.output.FileOutputCommitter: Saved output of task 'attempt_local750408943_0001_r_000006_0' to file:/home/cloudera/workspace/Assignment1/Stopwords_10red_comb/output/_temporary/0/task_local750408943_0001_r_000006
2017-02-15 14:37:14,932 INFO org.apache.hadoop.mapred.LocalJobRunner: reduce > reduce
2017-02-15 14:37:14,932 INFO org.apache.hadoop.mapred.Task: Task 'attempt_local750408943_0001_r_000006_0' done.
2017-02-15 14:37:14,932 INFO org.apache.hadoop.mapred.LocalJobRunner: Finishing task: attempt_local750408943_0001_r_000006_0
2017-02-15 14:37:14,933 INFO org.apache.hadoop.mapred.LocalJobRunner: Starting task: attempt_local750408943_0001_r_000007_0
2017-02-15 14:37:14,942 INFO org.apache.hadoop.mapreduce.lib.output.FileOutputCommitter: File Output Committer Algorithm version is 1
2017-02-15 14:37:14,943 INFO org.apache.hadoop.mapred.Task:  Using ResourceCalculatorProcessTree : [ ]
2017-02-15 14:37:14,953 INFO org.apache.hadoop.mapred.ReduceTask: Using ShuffleConsumerPlugin: org.apache.hadoop.mapreduce.task.reduce.Shuffle@13b71ee8
2017-02-15 14:37:14,971 INFO org.apache.hadoop.mapreduce.task.reduce.MergeManagerImpl: MergerManager: memoryLimit=261121632, maxSingleShuffleLimit=65280408, mergeThreshold=172340288, ioSortFactor=10, memToMemMergeOutputsThreshold=10
2017-02-15 14:37:14,988 INFO org.apache.hadoop.mapreduce.task.reduce.EventFetcher: attempt_local750408943_0001_r_000007_0 Thread started: EventFetcher for fetching Map Completion Events
2017-02-15 14:37:14,996 INFO org.apache.hadoop.mapreduce.task.reduce.LocalFetcher: localfetcher#8 about to shuffle output of map attempt_local750408943_0001_m_000000_0 decomp: 150 len: 154 to MEMORY
2017-02-15 14:37:15,009 INFO org.apache.hadoop.mapreduce.task.reduce.InMemoryMapOutput: Read 150 bytes from map-output for attempt_local750408943_0001_m_000000_0
2017-02-15 14:37:15,020 INFO org.apache.hadoop.mapreduce.task.reduce.MergeManagerImpl: closeInMemoryFile -> map-output of size: 150, inMemoryMapOutputs.size() -> 1, commitMemory -> 0, usedMemory ->150
2017-02-15 14:37:15,030 INFO org.apache.hadoop.mapreduce.task.reduce.LocalFetcher: localfetcher#8 about to shuffle output of map attempt_local750408943_0001_m_000002_0 decomp: 11 len: 15 to MEMORY
2017-02-15 14:37:15,031 INFO org.apache.hadoop.mapreduce.task.reduce.InMemoryMapOutput: Read 11 bytes from map-output for attempt_local750408943_0001_m_000002_0
2017-02-15 14:37:15,040 INFO org.apache.hadoop.mapreduce.task.reduce.MergeManagerImpl: closeInMemoryFile -> map-output of size: 11, inMemoryMapOutputs.size() -> 2, commitMemory -> 150, usedMemory ->161
2017-02-15 14:37:15,049 INFO org.apache.hadoop.mapreduce.task.reduce.LocalFetcher: localfetcher#8 about to shuffle output of map attempt_local750408943_0001_m_000001_0 decomp: 22 len: 26 to MEMORY
2017-02-15 14:37:15,060 INFO org.apache.hadoop.mapreduce.task.reduce.InMemoryMapOutput: Read 22 bytes from map-output for attempt_local750408943_0001_m_000001_0
2017-02-15 14:37:15,060 INFO org.apache.hadoop.mapreduce.task.reduce.MergeManagerImpl: closeInMemoryFile -> map-output of size: 22, inMemoryMapOutputs.size() -> 3, commitMemory -> 161, usedMemory ->183
2017-02-15 14:37:15,061 INFO org.apache.hadoop.mapreduce.task.reduce.EventFetcher: EventFetcher is interrupted.. Returning
2017-02-15 14:37:15,062 INFO org.apache.hadoop.mapred.LocalJobRunner: 3 / 3 copied.
2017-02-15 14:37:15,062 INFO org.apache.hadoop.mapreduce.task.reduce.MergeManagerImpl: finalMerge called with 3 in-memory map-outputs and 0 on-disk map-outputs
2017-02-15 14:37:15,075 INFO org.apache.hadoop.mapred.Merger: Merging 3 sorted segments
2017-02-15 14:37:15,075 INFO org.apache.hadoop.mapred.Merger: Down to the last merge-pass, with 3 segments left of total size: 167 bytes
2017-02-15 14:37:15,082 INFO org.apache.hadoop.mapreduce.task.reduce.MergeManagerImpl: Merged 3 segments, 183 bytes to disk to satisfy reduce memory limit
2017-02-15 14:37:15,082 INFO org.apache.hadoop.mapreduce.task.reduce.MergeManagerImpl: Merging 1 files, 183 bytes from disk
2017-02-15 14:37:15,082 INFO org.apache.hadoop.mapreduce.task.reduce.MergeManagerImpl: Merging 0 segments, 0 bytes from memory into reduce
2017-02-15 14:37:15,083 INFO org.apache.hadoop.mapred.Merger: Merging 1 sorted segments
2017-02-15 14:37:15,091 INFO org.apache.hadoop.mapred.Merger: Down to the last merge-pass, with 1 segments left of total size: 173 bytes
2017-02-15 14:37:15,091 INFO org.apache.hadoop.mapred.LocalJobRunner: 3 / 3 copied.
2017-02-15 14:37:15,118 INFO org.apache.hadoop.mapred.Task: Task:attempt_local750408943_0001_r_000007_0 is done. And is in the process of committing
2017-02-15 14:37:15,135 INFO org.apache.hadoop.mapred.LocalJobRunner: 3 / 3 copied.
2017-02-15 14:37:15,136 INFO org.apache.hadoop.mapred.Task: Task attempt_local750408943_0001_r_000007_0 is allowed to commit now
2017-02-15 14:37:15,137 INFO org.apache.hadoop.mapreduce.lib.output.FileOutputCommitter: Saved output of task 'attempt_local750408943_0001_r_000007_0' to file:/home/cloudera/workspace/Assignment1/Stopwords_10red_comb/output/_temporary/0/task_local750408943_0001_r_000007
2017-02-15 14:37:15,150 INFO org.apache.hadoop.mapred.LocalJobRunner: reduce > reduce
2017-02-15 14:37:15,150 INFO org.apache.hadoop.mapred.Task: Task 'attempt_local750408943_0001_r_000007_0' done.
2017-02-15 14:37:15,151 INFO org.apache.hadoop.mapred.LocalJobRunner: Finishing task: attempt_local750408943_0001_r_000007_0
2017-02-15 14:37:15,151 INFO org.apache.hadoop.mapred.LocalJobRunner: Starting task: attempt_local750408943_0001_r_000008_0
2017-02-15 14:37:15,171 INFO org.apache.hadoop.mapreduce.lib.output.FileOutputCommitter: File Output Committer Algorithm version is 1
2017-02-15 14:37:15,177 INFO org.apache.hadoop.mapred.Task:  Using ResourceCalculatorProcessTree : [ ]
2017-02-15 14:37:15,179 INFO org.apache.hadoop.mapred.ReduceTask: Using ShuffleConsumerPlugin: org.apache.hadoop.mapreduce.task.reduce.Shuffle@15e7a880
2017-02-15 14:37:15,196 INFO org.apache.hadoop.mapreduce.task.reduce.MergeManagerImpl: MergerManager: memoryLimit=261121632, maxSingleShuffleLimit=65280408, mergeThreshold=172340288, ioSortFactor=10, memToMemMergeOutputsThreshold=10
2017-02-15 14:37:15,209 INFO org.apache.hadoop.mapreduce.task.reduce.EventFetcher: attempt_local750408943_0001_r_000008_0 Thread started: EventFetcher for fetching Map Completion Events
2017-02-15 14:37:15,227 INFO org.apache.hadoop.mapreduce.task.reduce.LocalFetcher: localfetcher#9 about to shuffle output of map attempt_local750408943_0001_m_000000_0 decomp: 122 len: 126 to MEMORY
2017-02-15 14:37:15,238 INFO org.apache.hadoop.mapreduce.task.reduce.InMemoryMapOutput: Read 122 bytes from map-output for attempt_local750408943_0001_m_000000_0
2017-02-15 14:37:15,239 INFO org.apache.hadoop.mapreduce.task.reduce.MergeManagerImpl: closeInMemoryFile -> map-output of size: 122, inMemoryMapOutputs.size() -> 1, commitMemory -> 0, usedMemory ->122
2017-02-15 14:37:15,250 INFO org.apache.hadoop.mapreduce.task.reduce.LocalFetcher: localfetcher#9 about to shuffle output of map attempt_local750408943_0001_m_000002_0 decomp: 49 len: 53 to MEMORY
2017-02-15 14:37:15,260 INFO org.apache.hadoop.mapreduce.task.reduce.InMemoryMapOutput: Read 49 bytes from map-output for attempt_local750408943_0001_m_000002_0
2017-02-15 14:37:15,261 INFO org.apache.hadoop.mapreduce.task.reduce.MergeManagerImpl: closeInMemoryFile -> map-output of size: 49, inMemoryMapOutputs.size() -> 2, commitMemory -> 122, usedMemory ->171
2017-02-15 14:37:15,272 INFO org.apache.hadoop.mapreduce.task.reduce.LocalFetcher: localfetcher#9 about to shuffle output of map attempt_local750408943_0001_m_000001_0 decomp: 49 len: 53 to MEMORY
2017-02-15 14:37:15,283 INFO org.apache.hadoop.mapreduce.task.reduce.InMemoryMapOutput: Read 49 bytes from map-output for attempt_local750408943_0001_m_000001_0
2017-02-15 14:37:15,283 INFO org.apache.hadoop.mapreduce.task.reduce.MergeManagerImpl: closeInMemoryFile -> map-output of size: 49, inMemoryMapOutputs.size() -> 3, commitMemory -> 171, usedMemory ->220
2017-02-15 14:37:15,284 INFO org.apache.hadoop.mapreduce.task.reduce.EventFetcher: EventFetcher is interrupted.. Returning
2017-02-15 14:37:15,284 INFO org.apache.hadoop.mapred.LocalJobRunner: 3 / 3 copied.
2017-02-15 14:37:15,284 INFO org.apache.hadoop.mapreduce.task.reduce.MergeManagerImpl: finalMerge called with 3 in-memory map-outputs and 0 on-disk map-outputs
2017-02-15 14:37:15,291 INFO org.apache.hadoop.mapred.Merger: Merging 3 sorted segments
2017-02-15 14:37:15,291 INFO org.apache.hadoop.mapred.Merger: Down to the last merge-pass, with 3 segments left of total size: 208 bytes
2017-02-15 14:37:15,298 INFO org.apache.hadoop.mapreduce.task.reduce.MergeManagerImpl: Merged 3 segments, 220 bytes to disk to satisfy reduce memory limit
2017-02-15 14:37:15,308 INFO org.apache.hadoop.mapreduce.task.reduce.MergeManagerImpl: Merging 1 files, 220 bytes from disk
2017-02-15 14:37:15,312 INFO org.apache.hadoop.mapreduce.task.reduce.MergeManagerImpl: Merging 0 segments, 0 bytes from memory into reduce
2017-02-15 14:37:15,314 INFO org.apache.hadoop.mapred.Merger: Merging 1 sorted segments
2017-02-15 14:37:15,315 INFO org.apache.hadoop.mapred.Merger: Down to the last merge-pass, with 1 segments left of total size: 212 bytes
2017-02-15 14:37:15,316 INFO org.apache.hadoop.mapred.LocalJobRunner: 3 / 3 copied.
2017-02-15 14:37:15,358 INFO org.apache.hadoop.mapred.Task: Task:attempt_local750408943_0001_r_000008_0 is done. And is in the process of committing
2017-02-15 14:37:15,360 INFO org.apache.hadoop.mapred.LocalJobRunner: 3 / 3 copied.
2017-02-15 14:37:15,371 INFO org.apache.hadoop.mapred.Task: Task attempt_local750408943_0001_r_000008_0 is allowed to commit now
2017-02-15 14:37:15,386 INFO org.apache.hadoop.mapreduce.lib.output.FileOutputCommitter: Saved output of task 'attempt_local750408943_0001_r_000008_0' to file:/home/cloudera/workspace/Assignment1/Stopwords_10red_comb/output/_temporary/0/task_local750408943_0001_r_000008
2017-02-15 14:37:15,391 INFO org.apache.hadoop.mapred.LocalJobRunner: reduce > reduce
2017-02-15 14:37:15,393 INFO org.apache.hadoop.mapred.Task: Task 'attempt_local750408943_0001_r_000008_0' done.
2017-02-15 14:37:15,394 INFO org.apache.hadoop.mapred.LocalJobRunner: Finishing task: attempt_local750408943_0001_r_000008_0
2017-02-15 14:37:15,395 INFO org.apache.hadoop.mapred.LocalJobRunner: Starting task: attempt_local750408943_0001_r_000009_0
2017-02-15 14:37:15,412 INFO org.apache.hadoop.mapreduce.lib.output.FileOutputCommitter: File Output Committer Algorithm version is 1
2017-02-15 14:37:15,425 INFO org.apache.hadoop.mapred.Task:  Using ResourceCalculatorProcessTree : [ ]
2017-02-15 14:37:15,426 INFO org.apache.hadoop.mapred.ReduceTask: Using ShuffleConsumerPlugin: org.apache.hadoop.mapreduce.task.reduce.Shuffle@37869e13
2017-02-15 14:37:15,435 INFO org.apache.hadoop.mapreduce.task.reduce.MergeManagerImpl: MergerManager: memoryLimit=261121632, maxSingleShuffleLimit=65280408, mergeThreshold=172340288, ioSortFactor=10, memToMemMergeOutputsThreshold=10
2017-02-15 14:37:15,454 INFO org.apache.hadoop.mapreduce.task.reduce.EventFetcher: attempt_local750408943_0001_r_000009_0 Thread started: EventFetcher for fetching Map Completion Events
2017-02-15 14:37:15,474 INFO org.apache.hadoop.mapreduce.task.reduce.LocalFetcher: localfetcher#10 about to shuffle output of map attempt_local750408943_0001_m_000000_0 decomp: 32 len: 36 to MEMORY
2017-02-15 14:37:15,475 INFO org.apache.hadoop.mapreduce.task.reduce.InMemoryMapOutput: Read 32 bytes from map-output for attempt_local750408943_0001_m_000000_0
2017-02-15 14:37:15,476 INFO org.apache.hadoop.mapreduce.task.reduce.MergeManagerImpl: closeInMemoryFile -> map-output of size: 32, inMemoryMapOutputs.size() -> 1, commitMemory -> 0, usedMemory ->32
2017-02-15 14:37:15,494 INFO org.apache.hadoop.mapreduce.task.reduce.LocalFetcher: localfetcher#10 about to shuffle output of map attempt_local750408943_0001_m_000002_0 decomp: 2 len: 6 to MEMORY
2017-02-15 14:37:15,495 INFO org.apache.hadoop.mapreduce.task.reduce.InMemoryMapOutput: Read 2 bytes from map-output for attempt_local750408943_0001_m_000002_0
2017-02-15 14:37:15,495 INFO org.apache.hadoop.mapreduce.task.reduce.MergeManagerImpl: closeInMemoryFile -> map-output of size: 2, inMemoryMapOutputs.size() -> 2, commitMemory -> 32, usedMemory ->34
2017-02-15 14:37:15,509 INFO org.apache.hadoop.mapreduce.task.reduce.LocalFetcher: localfetcher#10 about to shuffle output of map attempt_local750408943_0001_m_000001_0 decomp: 23 len: 27 to MEMORY
2017-02-15 14:37:15,509 INFO org.apache.hadoop.mapreduce.task.reduce.InMemoryMapOutput: Read 23 bytes from map-output for attempt_local750408943_0001_m_000001_0
2017-02-15 14:37:15,518 INFO org.apache.hadoop.mapreduce.task.reduce.MergeManagerImpl: closeInMemoryFile -> map-output of size: 23, inMemoryMapOutputs.size() -> 3, commitMemory -> 34, usedMemory ->57
2017-02-15 14:37:15,518 INFO org.apache.hadoop.mapreduce.task.reduce.EventFetcher: EventFetcher is interrupted.. Returning
2017-02-15 14:37:15,519 INFO org.apache.hadoop.mapred.LocalJobRunner: 3 / 3 copied.
2017-02-15 14:37:15,519 INFO org.apache.hadoop.mapreduce.task.reduce.MergeManagerImpl: finalMerge called with 3 in-memory map-outputs and 0 on-disk map-outputs
2017-02-15 14:37:15,522 INFO org.apache.hadoop.mapred.Merger: Merging 3 sorted segments
2017-02-15 14:37:15,522 INFO org.apache.hadoop.mapred.Merger: Down to the last merge-pass, with 2 segments left of total size: 43 bytes
2017-02-15 14:37:15,534 INFO org.apache.hadoop.mapreduce.task.reduce.MergeManagerImpl: Merged 3 segments, 57 bytes to disk to satisfy reduce memory limit
2017-02-15 14:37:15,534 INFO org.apache.hadoop.mapreduce.task.reduce.MergeManagerImpl: Merging 1 files, 57 bytes from disk
2017-02-15 14:37:15,545 INFO org.apache.hadoop.mapreduce.task.reduce.MergeManagerImpl: Merging 0 segments, 0 bytes from memory into reduce
2017-02-15 14:37:15,545 INFO org.apache.hadoop.mapred.Merger: Merging 1 sorted segments
2017-02-15 14:37:15,546 INFO org.apache.hadoop.mapred.Merger: Down to the last merge-pass, with 1 segments left of total size: 47 bytes
2017-02-15 14:37:15,551 INFO org.apache.hadoop.mapred.LocalJobRunner: 3 / 3 copied.
2017-02-15 14:37:15,585 INFO org.apache.hadoop.mapred.Task: Task:attempt_local750408943_0001_r_000009_0 is done. And is in the process of committing
2017-02-15 14:37:15,604 INFO org.apache.hadoop.mapred.LocalJobRunner: 3 / 3 copied.
2017-02-15 14:37:15,605 INFO org.apache.hadoop.mapred.Task: Task attempt_local750408943_0001_r_000009_0 is allowed to commit now
2017-02-15 14:37:15,615 INFO org.apache.hadoop.mapreduce.lib.output.FileOutputCommitter: Saved output of task 'attempt_local750408943_0001_r_000009_0' to file:/home/cloudera/workspace/Assignment1/Stopwords_10red_comb/output/_temporary/0/task_local750408943_0001_r_000009
2017-02-15 14:37:15,621 INFO org.apache.hadoop.mapred.LocalJobRunner: reduce > reduce
2017-02-15 14:37:15,621 INFO org.apache.hadoop.mapred.Task: Task 'attempt_local750408943_0001_r_000009_0' done.
2017-02-15 14:37:15,625 INFO org.apache.hadoop.mapred.LocalJobRunner: Finishing task: attempt_local750408943_0001_r_000009_0
2017-02-15 14:37:15,625 INFO org.apache.hadoop.mapred.LocalJobRunner: reduce task executor complete.
2017-02-15 14:37:15,843 INFO org.apache.hadoop.mapreduce.Job:  map 100% reduce 100%
2017-02-15 14:37:15,843 INFO org.apache.hadoop.mapreduce.Job: Job job_local750408943_0001 completed successfully
2017-02-15 14:37:16,208 INFO org.apache.hadoop.mapreduce.Job: Counters: 33
	File System Counters
		FILE: Number of bytes read=324383284
		FILE: Number of bytes written=3486267
		FILE: Number of read operations=0
		FILE: Number of large read operations=0
		FILE: Number of write operations=0
	Map-Reduce Framework
		Map input records=507535
		Map output records=4821436
		Map output bytes=43341408
		Map output materialized bytes=1724
		Input split bytes=369
		Combine input records=4821436
		Combine output records=156
		Reduce input groups=95
		Reduce shuffle bytes=1724
		Reduce input records=156
		Reduce output records=95
		Spilled Records=312
		Shuffled Maps =30
		Failed Shuffles=0
		Merged Map outputs=30
		GC time elapsed (ms)=892
		CPU time spent (ms)=0
		Physical memory (bytes) snapshot=0
		Virtual memory (bytes) snapshot=0
		Total committed heap usage (bytes)=2065485824
	Shuffle Errors
		BAD_ID=0
		CONNECTION=0
		IO_ERROR=0
		WRONG_LENGTH=0
		WRONG_MAP=0
		WRONG_REDUCE=0
	File Input Format Counters 
		Bytes Read=26057865
	File Output Format Counters 
		Bytes Written=1040
