2017-02-15 14:32:58,136 WARN org.apache.hadoop.util.NativeCodeLoader: Unable to load native-hadoop library for your platform... using builtin-java classes where applicable
2017-02-15 14:33:00,724 INFO org.apache.hadoop.conf.Configuration.deprecation: session.id is deprecated. Instead, use dfs.metrics.session-id
2017-02-15 14:33:00,736 INFO org.apache.hadoop.metrics.jvm.JvmMetrics: Initializing JVM Metrics with processName=JobTracker, sessionId=
2017-02-15 14:33:03,040 WARN org.apache.hadoop.mapreduce.JobResourceUploader: No job jar file set.  User classes may not be found. See Job or Job#setJar(String).
2017-02-15 14:33:03,203 INFO org.apache.hadoop.mapreduce.lib.input.FileInputFormat: Total input paths to process : 3
2017-02-15 14:33:03,505 INFO org.apache.hadoop.mapreduce.JobSubmitter: number of splits:3
2017-02-15 14:33:04,900 INFO org.apache.hadoop.mapreduce.JobSubmitter: Submitting tokens for job: job_local1348344441_0001
2017-02-15 14:33:06,765 INFO org.apache.hadoop.mapreduce.Job: The url to track the job: http://localhost:8080/
2017-02-15 14:33:06,767 INFO org.apache.hadoop.mapreduce.Job: Running job: job_local1348344441_0001
2017-02-15 14:33:06,795 INFO org.apache.hadoop.mapred.LocalJobRunner: OutputCommitter set in config null
2017-02-15 14:33:06,859 INFO org.apache.hadoop.mapreduce.lib.output.FileOutputCommitter: File Output Committer Algorithm version is 1
2017-02-15 14:33:06,889 INFO org.apache.hadoop.mapred.LocalJobRunner: OutputCommitter is org.apache.hadoop.mapreduce.lib.output.FileOutputCommitter
2017-02-15 14:33:07,418 INFO org.apache.hadoop.mapred.LocalJobRunner: Waiting for map tasks
2017-02-15 14:33:07,422 INFO org.apache.hadoop.mapred.LocalJobRunner: Starting task: attempt_local1348344441_0001_m_000000_0
2017-02-15 14:33:07,709 INFO org.apache.hadoop.mapreduce.lib.output.FileOutputCommitter: File Output Committer Algorithm version is 1
2017-02-15 14:33:07,798 INFO org.apache.hadoop.mapred.Task:  Using ResourceCalculatorProcessTree : [ ]
2017-02-15 14:33:07,799 INFO org.apache.hadoop.mapreduce.Job: Job job_local1348344441_0001 running in uber mode : false
2017-02-15 14:33:07,801 INFO org.apache.hadoop.mapreduce.Job:  map 0% reduce 0%
2017-02-15 14:33:07,835 INFO org.apache.hadoop.mapred.MapTask: Processing split: file:/home/cloudera/workspace/Assignment1/input/pg3200.txt:0+16013932
2017-02-15 14:33:08,598 INFO org.apache.hadoop.mapred.MapTask: (EQUATOR) 0 kvi 26214396(104857584)
2017-02-15 14:33:08,605 INFO org.apache.hadoop.mapred.MapTask: mapreduce.task.io.sort.mb: 100
2017-02-15 14:33:08,605 INFO org.apache.hadoop.mapred.MapTask: soft limit at 83886080
2017-02-15 14:33:08,611 INFO org.apache.hadoop.mapred.MapTask: bufstart = 0; bufvoid = 104857600
2017-02-15 14:33:08,611 INFO org.apache.hadoop.mapred.MapTask: kvstart = 26214396; length = 6553600
2017-02-15 14:33:08,669 INFO org.apache.hadoop.mapred.MapTask: Map output collector class = org.apache.hadoop.mapred.MapTask$MapOutputBuffer
2017-02-15 14:33:14,132 INFO org.apache.hadoop.mapred.LocalJobRunner: map > map
2017-02-15 14:33:14,842 INFO org.apache.hadoop.mapreduce.Job:  map 1% reduce 0%
2017-02-15 14:33:17,217 INFO org.apache.hadoop.mapred.LocalJobRunner: map > map
2017-02-15 14:33:17,847 INFO org.apache.hadoop.mapreduce.Job:  map 4% reduce 0%
2017-02-15 14:33:20,221 INFO org.apache.hadoop.mapred.LocalJobRunner: map > map
2017-02-15 14:33:20,851 INFO org.apache.hadoop.mapreduce.Job:  map 8% reduce 0%
2017-02-15 14:33:23,224 INFO org.apache.hadoop.mapred.LocalJobRunner: map > map
2017-02-15 14:33:23,853 INFO org.apache.hadoop.mapreduce.Job:  map 12% reduce 0%
2017-02-15 14:33:26,226 INFO org.apache.hadoop.mapred.LocalJobRunner: map > map
2017-02-15 14:33:26,855 INFO org.apache.hadoop.mapreduce.Job:  map 17% reduce 0%
2017-02-15 14:33:29,227 INFO org.apache.hadoop.mapred.LocalJobRunner: map > map
2017-02-15 14:33:29,857 INFO org.apache.hadoop.mapreduce.Job:  map 21% reduce 0%
2017-02-15 14:33:30,125 INFO org.apache.hadoop.mapred.LocalJobRunner: map > map
2017-02-15 14:33:30,128 INFO org.apache.hadoop.mapred.MapTask: Starting flush of map output
2017-02-15 14:33:30,129 INFO org.apache.hadoop.mapred.MapTask: Spilling map output
2017-02-15 14:33:30,132 INFO org.apache.hadoop.mapred.MapTask: bufstart = 0; bufend = 26808574; bufvoid = 104857600
2017-02-15 14:33:30,133 INFO org.apache.hadoop.mapred.MapTask: kvstart = 26214396(104857584); kvend = 14376544(57506176); length = 11837853/6553600
2017-02-15 14:33:32,230 INFO org.apache.hadoop.mapred.LocalJobRunner: map > sort
2017-02-15 14:33:32,859 INFO org.apache.hadoop.mapreduce.Job:  map 22% reduce 0%
2017-02-15 14:33:35,260 INFO org.apache.hadoop.mapred.LocalJobRunner: map > sort
2017-02-15 14:33:38,263 INFO org.apache.hadoop.mapred.LocalJobRunner: map > sort
2017-02-15 14:33:41,265 INFO org.apache.hadoop.mapred.LocalJobRunner: map > sort
2017-02-15 14:33:44,266 INFO org.apache.hadoop.mapred.LocalJobRunner: map > sort
2017-02-15 14:33:47,267 INFO org.apache.hadoop.mapred.LocalJobRunner: map > sort
2017-02-15 14:33:50,269 INFO org.apache.hadoop.mapred.LocalJobRunner: map > sort
2017-02-15 14:33:58,308 INFO org.apache.hadoop.mapred.MapTask: Finished spill 0
2017-02-15 14:33:58,425 INFO org.apache.hadoop.mapred.Task: Task:attempt_local1348344441_0001_m_000000_0 is done. And is in the process of committing
2017-02-15 14:33:58,436 INFO org.apache.hadoop.mapred.LocalJobRunner: map
2017-02-15 14:33:58,437 INFO org.apache.hadoop.mapred.Task: Task 'attempt_local1348344441_0001_m_000000_0' done.
2017-02-15 14:33:58,438 INFO org.apache.hadoop.mapred.LocalJobRunner: Finishing task: attempt_local1348344441_0001_m_000000_0
2017-02-15 14:33:58,438 INFO org.apache.hadoop.mapred.LocalJobRunner: Starting task: attempt_local1348344441_0001_m_000001_0
2017-02-15 14:33:58,448 INFO org.apache.hadoop.mapreduce.lib.output.FileOutputCommitter: File Output Committer Algorithm version is 1
2017-02-15 14:33:58,449 INFO org.apache.hadoop.mapred.Task:  Using ResourceCalculatorProcessTree : [ ]
2017-02-15 14:33:58,463 INFO org.apache.hadoop.mapred.MapTask: Processing split: file:/home/cloudera/workspace/Assignment1/input/pg100.txt:0+5589886
2017-02-15 14:33:58,751 INFO org.apache.hadoop.mapred.MapTask: (EQUATOR) 0 kvi 26214396(104857584)
2017-02-15 14:33:58,753 INFO org.apache.hadoop.mapred.MapTask: mapreduce.task.io.sort.mb: 100
2017-02-15 14:33:58,753 INFO org.apache.hadoop.mapred.MapTask: soft limit at 83886080
2017-02-15 14:33:58,753 INFO org.apache.hadoop.mapred.MapTask: bufstart = 0; bufvoid = 104857600
2017-02-15 14:33:58,754 INFO org.apache.hadoop.mapred.MapTask: kvstart = 26214396; length = 6553600
2017-02-15 14:33:58,760 INFO org.apache.hadoop.mapred.MapTask: Map output collector class = org.apache.hadoop.mapred.MapTask$MapOutputBuffer
2017-02-15 14:33:58,893 INFO org.apache.hadoop.mapreduce.Job:  map 100% reduce 0%
2017-02-15 14:34:04,470 INFO org.apache.hadoop.mapred.LocalJobRunner: map > map
2017-02-15 14:34:04,898 INFO org.apache.hadoop.mapreduce.Job:  map 53% reduce 0%
2017-02-15 14:34:05,188 INFO org.apache.hadoop.mapred.LocalJobRunner: map > map
2017-02-15 14:34:05,189 INFO org.apache.hadoop.mapred.MapTask: Starting flush of map output
2017-02-15 14:34:05,191 INFO org.apache.hadoop.mapred.MapTask: Spilling map output
2017-02-15 14:34:05,191 INFO org.apache.hadoop.mapred.MapTask: bufstart = 0; bufend = 9056486; bufvoid = 104857600
2017-02-15 14:34:05,193 INFO org.apache.hadoop.mapred.MapTask: kvstart = 26214396(104857584); kvend = 22013108(88052432); length = 4201289/6553600
2017-02-15 14:34:07,472 INFO org.apache.hadoop.mapred.LocalJobRunner: map > sort
2017-02-15 14:34:07,900 INFO org.apache.hadoop.mapreduce.Job:  map 56% reduce 0%
2017-02-15 14:34:10,473 INFO org.apache.hadoop.mapred.LocalJobRunner: map > sort
2017-02-15 14:34:13,474 INFO org.apache.hadoop.mapred.LocalJobRunner: map > sort
2017-02-15 14:34:14,119 INFO org.apache.hadoop.mapred.MapTask: Finished spill 0
2017-02-15 14:34:14,130 INFO org.apache.hadoop.mapred.Task: Task:attempt_local1348344441_0001_m_000001_0 is done. And is in the process of committing
2017-02-15 14:34:14,138 INFO org.apache.hadoop.mapred.LocalJobRunner: map
2017-02-15 14:34:14,140 INFO org.apache.hadoop.mapred.Task: Task 'attempt_local1348344441_0001_m_000001_0' done.
2017-02-15 14:34:14,143 INFO org.apache.hadoop.mapred.LocalJobRunner: Finishing task: attempt_local1348344441_0001_m_000001_0
2017-02-15 14:34:14,144 INFO org.apache.hadoop.mapred.LocalJobRunner: Starting task: attempt_local1348344441_0001_m_000002_0
2017-02-15 14:34:14,151 INFO org.apache.hadoop.mapreduce.lib.output.FileOutputCommitter: File Output Committer Algorithm version is 1
2017-02-15 14:34:14,153 INFO org.apache.hadoop.mapred.Task:  Using ResourceCalculatorProcessTree : [ ]
2017-02-15 14:34:14,162 INFO org.apache.hadoop.mapred.MapTask: Processing split: file:/home/cloudera/workspace/Assignment1/input/pg31100.txt:0+4454047
2017-02-15 14:34:14,395 INFO org.apache.hadoop.mapred.MapTask: (EQUATOR) 0 kvi 26214396(104857584)
2017-02-15 14:34:14,398 INFO org.apache.hadoop.mapred.MapTask: mapreduce.task.io.sort.mb: 100
2017-02-15 14:34:14,399 INFO org.apache.hadoop.mapred.MapTask: soft limit at 83886080
2017-02-15 14:34:14,399 INFO org.apache.hadoop.mapred.MapTask: bufstart = 0; bufvoid = 104857600
2017-02-15 14:34:14,401 INFO org.apache.hadoop.mapred.MapTask: kvstart = 26214396; length = 6553600
2017-02-15 14:34:14,410 INFO org.apache.hadoop.mapred.MapTask: Map output collector class = org.apache.hadoop.mapred.MapTask$MapOutputBuffer
2017-02-15 14:34:14,906 INFO org.apache.hadoop.mapreduce.Job:  map 100% reduce 0%
2017-02-15 14:34:19,114 INFO org.apache.hadoop.mapred.LocalJobRunner: 
2017-02-15 14:34:19,115 INFO org.apache.hadoop.mapred.MapTask: Starting flush of map output
2017-02-15 14:34:19,115 INFO org.apache.hadoop.mapred.MapTask: Spilling map output
2017-02-15 14:34:19,115 INFO org.apache.hadoop.mapred.MapTask: bufstart = 0; bufend = 7476348; bufvoid = 104857600
2017-02-15 14:34:19,116 INFO org.apache.hadoop.mapred.MapTask: kvstart = 26214396(104857584); kvend = 22967804(91871216); length = 3246593/6553600
2017-02-15 14:34:19,909 INFO org.apache.hadoop.mapreduce.Job:  map 67% reduce 0%
2017-02-15 14:34:20,162 INFO org.apache.hadoop.mapred.LocalJobRunner: map > sort
2017-02-15 14:34:20,910 INFO org.apache.hadoop.mapreduce.Job:  map 89% reduce 0%
2017-02-15 14:34:23,163 INFO org.apache.hadoop.mapred.LocalJobRunner: map > sort
2017-02-15 14:34:25,074 INFO org.apache.hadoop.mapred.MapTask: Finished spill 0
2017-02-15 14:34:25,079 INFO org.apache.hadoop.mapred.Task: Task:attempt_local1348344441_0001_m_000002_0 is done. And is in the process of committing
2017-02-15 14:34:25,092 INFO org.apache.hadoop.mapred.LocalJobRunner: map
2017-02-15 14:34:25,093 INFO org.apache.hadoop.mapred.Task: Task 'attempt_local1348344441_0001_m_000002_0' done.
2017-02-15 14:34:25,093 INFO org.apache.hadoop.mapred.LocalJobRunner: Finishing task: attempt_local1348344441_0001_m_000002_0
2017-02-15 14:34:25,094 INFO org.apache.hadoop.mapred.LocalJobRunner: map task executor complete.
2017-02-15 14:34:25,191 INFO org.apache.hadoop.mapred.LocalJobRunner: Waiting for reduce tasks
2017-02-15 14:34:25,198 INFO org.apache.hadoop.mapred.LocalJobRunner: Starting task: attempt_local1348344441_0001_r_000000_0
2017-02-15 14:34:25,265 INFO org.apache.hadoop.mapreduce.lib.output.FileOutputCommitter: File Output Committer Algorithm version is 1
2017-02-15 14:34:25,266 INFO org.apache.hadoop.mapred.Task:  Using ResourceCalculatorProcessTree : [ ]
2017-02-15 14:34:25,290 INFO org.apache.hadoop.mapred.ReduceTask: Using ShuffleConsumerPlugin: org.apache.hadoop.mapreduce.task.reduce.Shuffle@71781ce4
2017-02-15 14:34:25,451 INFO org.apache.hadoop.mapreduce.task.reduce.MergeManagerImpl: MergerManager: memoryLimit=261121632, maxSingleShuffleLimit=65280408, mergeThreshold=172340288, ioSortFactor=10, memToMemMergeOutputsThreshold=10
2017-02-15 14:34:25,474 INFO org.apache.hadoop.mapreduce.task.reduce.EventFetcher: attempt_local1348344441_0001_r_000000_0 Thread started: EventFetcher for fetching Map Completion Events
2017-02-15 14:34:25,720 INFO org.apache.hadoop.mapreduce.task.reduce.LocalFetcher: localfetcher#1 about to shuffle output of map attempt_local1348344441_0001_m_000000_0 decomp: 2408659 len: 2408663 to MEMORY
2017-02-15 14:34:25,880 INFO org.apache.hadoop.mapreduce.task.reduce.InMemoryMapOutput: Read 2408659 bytes from map-output for attempt_local1348344441_0001_m_000000_0
2017-02-15 14:34:25,902 INFO org.apache.hadoop.mapreduce.task.reduce.MergeManagerImpl: closeInMemoryFile -> map-output of size: 2408659, inMemoryMapOutputs.size() -> 1, commitMemory -> 0, usedMemory ->2408659
2017-02-15 14:34:25,913 INFO org.apache.hadoop.mapreduce.Job:  map 100% reduce 0%
2017-02-15 14:34:25,921 INFO org.apache.hadoop.mapreduce.task.reduce.LocalFetcher: localfetcher#1 about to shuffle output of map attempt_local1348344441_0001_m_000002_0 decomp: 858765 len: 858769 to MEMORY
2017-02-15 14:34:25,940 INFO org.apache.hadoop.mapreduce.task.reduce.InMemoryMapOutput: Read 858765 bytes from map-output for attempt_local1348344441_0001_m_000002_0
2017-02-15 14:34:25,942 INFO org.apache.hadoop.mapreduce.task.reduce.MergeManagerImpl: closeInMemoryFile -> map-output of size: 858765, inMemoryMapOutputs.size() -> 2, commitMemory -> 2408659, usedMemory ->3267424
2017-02-15 14:34:25,950 INFO org.apache.hadoop.mapreduce.task.reduce.LocalFetcher: localfetcher#1 about to shuffle output of map attempt_local1348344441_0001_m_000001_0 decomp: 834372 len: 834376 to MEMORY
2017-02-15 14:34:25,969 INFO org.apache.hadoop.mapreduce.task.reduce.InMemoryMapOutput: Read 834372 bytes from map-output for attempt_local1348344441_0001_m_000001_0
2017-02-15 14:34:25,970 INFO org.apache.hadoop.mapreduce.task.reduce.MergeManagerImpl: closeInMemoryFile -> map-output of size: 834372, inMemoryMapOutputs.size() -> 3, commitMemory -> 3267424, usedMemory ->4101796
2017-02-15 14:34:25,971 INFO org.apache.hadoop.mapreduce.task.reduce.EventFetcher: EventFetcher is interrupted.. Returning
2017-02-15 14:34:25,973 INFO org.apache.hadoop.mapred.LocalJobRunner: 3 / 3 copied.
2017-02-15 14:34:25,973 INFO org.apache.hadoop.mapreduce.task.reduce.MergeManagerImpl: finalMerge called with 3 in-memory map-outputs and 0 on-disk map-outputs
2017-02-15 14:34:26,013 INFO org.apache.hadoop.mapred.Merger: Merging 3 sorted segments
2017-02-15 14:34:26,017 INFO org.apache.hadoop.mapred.Merger: Down to the last merge-pass, with 3 segments left of total size: 4101772 bytes
2017-02-15 14:34:27,856 INFO org.apache.hadoop.mapreduce.task.reduce.MergeManagerImpl: Merged 3 segments, 4101796 bytes to disk to satisfy reduce memory limit
2017-02-15 14:34:27,860 INFO org.apache.hadoop.mapreduce.task.reduce.MergeManagerImpl: Merging 1 files, 4101796 bytes from disk
2017-02-15 14:34:27,868 INFO org.apache.hadoop.mapreduce.task.reduce.MergeManagerImpl: Merging 0 segments, 0 bytes from memory into reduce
2017-02-15 14:34:27,869 INFO org.apache.hadoop.mapred.Merger: Merging 1 sorted segments
2017-02-15 14:34:27,870 INFO org.apache.hadoop.mapred.Merger: Down to the last merge-pass, with 1 segments left of total size: 4101784 bytes
2017-02-15 14:34:27,871 INFO org.apache.hadoop.mapred.LocalJobRunner: 3 / 3 copied.
2017-02-15 14:34:27,992 INFO org.apache.hadoop.conf.Configuration.deprecation: mapred.skip.on is deprecated. Instead, use mapreduce.job.skiprecords
2017-02-15 14:34:30,372 INFO org.apache.hadoop.mapred.Task: Task:attempt_local1348344441_0001_r_000000_0 is done. And is in the process of committing
2017-02-15 14:34:30,385 INFO org.apache.hadoop.mapred.LocalJobRunner: 3 / 3 copied.
2017-02-15 14:34:30,388 INFO org.apache.hadoop.mapred.Task: Task attempt_local1348344441_0001_r_000000_0 is allowed to commit now
2017-02-15 14:34:30,396 INFO org.apache.hadoop.mapreduce.lib.output.FileOutputCommitter: Saved output of task 'attempt_local1348344441_0001_r_000000_0' to file:/home/cloudera/workspace/Assignment1/Stopwords_10red/output/_temporary/0/task_local1348344441_0001_r_000000
2017-02-15 14:34:30,405 INFO org.apache.hadoop.mapred.LocalJobRunner: reduce > reduce
2017-02-15 14:34:30,406 INFO org.apache.hadoop.mapred.Task: Task 'attempt_local1348344441_0001_r_000000_0' done.
2017-02-15 14:34:30,406 INFO org.apache.hadoop.mapred.LocalJobRunner: Finishing task: attempt_local1348344441_0001_r_000000_0
2017-02-15 14:34:30,407 INFO org.apache.hadoop.mapred.LocalJobRunner: Starting task: attempt_local1348344441_0001_r_000001_0
2017-02-15 14:34:30,416 INFO org.apache.hadoop.mapreduce.lib.output.FileOutputCommitter: File Output Committer Algorithm version is 1
2017-02-15 14:34:30,417 INFO org.apache.hadoop.mapred.Task:  Using ResourceCalculatorProcessTree : [ ]
2017-02-15 14:34:30,417 INFO org.apache.hadoop.mapred.ReduceTask: Using ShuffleConsumerPlugin: org.apache.hadoop.mapreduce.task.reduce.Shuffle@34ee124f
2017-02-15 14:34:30,434 INFO org.apache.hadoop.mapreduce.task.reduce.MergeManagerImpl: MergerManager: memoryLimit=261121632, maxSingleShuffleLimit=65280408, mergeThreshold=172340288, ioSortFactor=10, memToMemMergeOutputsThreshold=10
2017-02-15 14:34:30,445 INFO org.apache.hadoop.mapreduce.task.reduce.EventFetcher: attempt_local1348344441_0001_r_000001_0 Thread started: EventFetcher for fetching Map Completion Events
2017-02-15 14:34:30,476 INFO org.apache.hadoop.mapreduce.task.reduce.LocalFetcher: localfetcher#2 about to shuffle output of map attempt_local1348344441_0001_m_000000_0 decomp: 3914763 len: 3914767 to MEMORY
2017-02-15 14:34:30,625 INFO org.apache.hadoop.mapreduce.task.reduce.InMemoryMapOutput: Read 3914763 bytes from map-output for attempt_local1348344441_0001_m_000000_0
2017-02-15 14:34:30,627 INFO org.apache.hadoop.mapreduce.task.reduce.MergeManagerImpl: closeInMemoryFile -> map-output of size: 3914763, inMemoryMapOutputs.size() -> 1, commitMemory -> 0, usedMemory ->3914763
2017-02-15 14:34:30,636 INFO org.apache.hadoop.mapreduce.task.reduce.LocalFetcher: localfetcher#2 about to shuffle output of map attempt_local1348344441_0001_m_000002_0 decomp: 1069594 len: 1069598 to MEMORY
2017-02-15 14:34:30,647 INFO org.apache.hadoop.mapreduce.task.reduce.InMemoryMapOutput: Read 1069594 bytes from map-output for attempt_local1348344441_0001_m_000002_0
2017-02-15 14:34:30,651 INFO org.apache.hadoop.mapreduce.task.reduce.MergeManagerImpl: closeInMemoryFile -> map-output of size: 1069594, inMemoryMapOutputs.size() -> 2, commitMemory -> 3914763, usedMemory ->4984357
2017-02-15 14:34:30,666 INFO org.apache.hadoop.mapreduce.task.reduce.LocalFetcher: localfetcher#2 about to shuffle output of map attempt_local1348344441_0001_m_000001_0 decomp: 2097907 len: 2097911 to MEMORY
2017-02-15 14:34:30,694 INFO org.apache.hadoop.mapreduce.task.reduce.InMemoryMapOutput: Read 2097907 bytes from map-output for attempt_local1348344441_0001_m_000001_0
2017-02-15 14:34:30,695 INFO org.apache.hadoop.mapreduce.task.reduce.MergeManagerImpl: closeInMemoryFile -> map-output of size: 2097907, inMemoryMapOutputs.size() -> 3, commitMemory -> 4984357, usedMemory ->7082264
2017-02-15 14:34:30,699 INFO org.apache.hadoop.mapreduce.task.reduce.EventFetcher: EventFetcher is interrupted.. Returning
2017-02-15 14:34:30,700 INFO org.apache.hadoop.mapred.LocalJobRunner: 3 / 3 copied.
2017-02-15 14:34:30,700 INFO org.apache.hadoop.mapreduce.task.reduce.MergeManagerImpl: finalMerge called with 3 in-memory map-outputs and 0 on-disk map-outputs
2017-02-15 14:34:30,701 INFO org.apache.hadoop.mapred.Merger: Merging 3 sorted segments
2017-02-15 14:34:30,702 INFO org.apache.hadoop.mapred.Merger: Down to the last merge-pass, with 3 segments left of total size: 7082255 bytes
2017-02-15 14:34:30,916 INFO org.apache.hadoop.mapreduce.Job:  map 100% reduce 10%
2017-02-15 14:34:33,198 INFO org.apache.hadoop.mapreduce.task.reduce.MergeManagerImpl: Merged 3 segments, 7082264 bytes to disk to satisfy reduce memory limit
2017-02-15 14:34:33,202 INFO org.apache.hadoop.mapreduce.task.reduce.MergeManagerImpl: Merging 1 files, 7082264 bytes from disk
2017-02-15 14:34:33,203 INFO org.apache.hadoop.mapreduce.task.reduce.MergeManagerImpl: Merging 0 segments, 0 bytes from memory into reduce
2017-02-15 14:34:33,205 INFO org.apache.hadoop.mapred.Merger: Merging 1 sorted segments
2017-02-15 14:34:33,205 INFO org.apache.hadoop.mapred.Merger: Down to the last merge-pass, with 1 segments left of total size: 7082257 bytes
2017-02-15 14:34:33,209 INFO org.apache.hadoop.mapred.LocalJobRunner: 3 / 3 copied.
2017-02-15 14:34:35,957 INFO org.apache.hadoop.mapred.Task: Task:attempt_local1348344441_0001_r_000001_0 is done. And is in the process of committing
2017-02-15 14:34:35,966 INFO org.apache.hadoop.mapred.LocalJobRunner: 3 / 3 copied.
2017-02-15 14:34:35,967 INFO org.apache.hadoop.mapred.Task: Task attempt_local1348344441_0001_r_000001_0 is allowed to commit now
2017-02-15 14:34:35,971 INFO org.apache.hadoop.mapreduce.lib.output.FileOutputCommitter: Saved output of task 'attempt_local1348344441_0001_r_000001_0' to file:/home/cloudera/workspace/Assignment1/Stopwords_10red/output/_temporary/0/task_local1348344441_0001_r_000001
2017-02-15 14:34:35,975 INFO org.apache.hadoop.mapred.LocalJobRunner: reduce > reduce
2017-02-15 14:34:35,976 INFO org.apache.hadoop.mapred.Task: Task 'attempt_local1348344441_0001_r_000001_0' done.
2017-02-15 14:34:35,976 INFO org.apache.hadoop.mapred.LocalJobRunner: Finishing task: attempt_local1348344441_0001_r_000001_0
2017-02-15 14:34:35,977 INFO org.apache.hadoop.mapred.LocalJobRunner: Starting task: attempt_local1348344441_0001_r_000002_0
2017-02-15 14:34:35,987 INFO org.apache.hadoop.mapreduce.lib.output.FileOutputCommitter: File Output Committer Algorithm version is 1
2017-02-15 14:34:35,988 INFO org.apache.hadoop.mapred.Task:  Using ResourceCalculatorProcessTree : [ ]
2017-02-15 14:34:35,990 INFO org.apache.hadoop.mapred.ReduceTask: Using ShuffleConsumerPlugin: org.apache.hadoop.mapreduce.task.reduce.Shuffle@75302bb6
2017-02-15 14:34:35,995 INFO org.apache.hadoop.mapreduce.task.reduce.MergeManagerImpl: MergerManager: memoryLimit=261121632, maxSingleShuffleLimit=65280408, mergeThreshold=172340288, ioSortFactor=10, memToMemMergeOutputsThreshold=10
2017-02-15 14:34:36,010 INFO org.apache.hadoop.mapreduce.task.reduce.EventFetcher: attempt_local1348344441_0001_r_000002_0 Thread started: EventFetcher for fetching Map Completion Events
2017-02-15 14:34:36,024 INFO org.apache.hadoop.mapreduce.task.reduce.LocalFetcher: localfetcher#3 about to shuffle output of map attempt_local1348344441_0001_m_000000_0 decomp: 5103485 len: 5103489 to MEMORY
2017-02-15 14:34:36,179 INFO org.apache.hadoop.mapreduce.task.reduce.InMemoryMapOutput: Read 5103485 bytes from map-output for attempt_local1348344441_0001_m_000000_0
2017-02-15 14:34:36,180 INFO org.apache.hadoop.mapreduce.task.reduce.MergeManagerImpl: closeInMemoryFile -> map-output of size: 5103485, inMemoryMapOutputs.size() -> 1, commitMemory -> 0, usedMemory ->5103485
2017-02-15 14:34:36,198 INFO org.apache.hadoop.mapreduce.task.reduce.LocalFetcher: localfetcher#3 about to shuffle output of map attempt_local1348344441_0001_m_000002_0 decomp: 1233828 len: 1233832 to MEMORY
2017-02-15 14:34:36,214 INFO org.apache.hadoop.mapreduce.task.reduce.InMemoryMapOutput: Read 1233828 bytes from map-output for attempt_local1348344441_0001_m_000002_0
2017-02-15 14:34:36,216 INFO org.apache.hadoop.mapreduce.task.reduce.MergeManagerImpl: closeInMemoryFile -> map-output of size: 1233828, inMemoryMapOutputs.size() -> 2, commitMemory -> 5103485, usedMemory ->6337313
2017-02-15 14:34:36,226 INFO org.apache.hadoop.mapreduce.task.reduce.LocalFetcher: localfetcher#3 about to shuffle output of map attempt_local1348344441_0001_m_000001_0 decomp: 1250625 len: 1250629 to MEMORY
2017-02-15 14:34:36,252 INFO org.apache.hadoop.mapreduce.task.reduce.InMemoryMapOutput: Read 1250625 bytes from map-output for attempt_local1348344441_0001_m_000001_0
2017-02-15 14:34:36,253 INFO org.apache.hadoop.mapreduce.task.reduce.MergeManagerImpl: closeInMemoryFile -> map-output of size: 1250625, inMemoryMapOutputs.size() -> 3, commitMemory -> 6337313, usedMemory ->7587938
2017-02-15 14:34:36,255 INFO org.apache.hadoop.mapreduce.task.reduce.EventFetcher: EventFetcher is interrupted.. Returning
2017-02-15 14:34:36,255 INFO org.apache.hadoop.mapred.LocalJobRunner: 3 / 3 copied.
2017-02-15 14:34:36,256 INFO org.apache.hadoop.mapreduce.task.reduce.MergeManagerImpl: finalMerge called with 3 in-memory map-outputs and 0 on-disk map-outputs
2017-02-15 14:34:36,257 INFO org.apache.hadoop.mapred.Merger: Merging 3 sorted segments
2017-02-15 14:34:36,257 INFO org.apache.hadoop.mapred.Merger: Down to the last merge-pass, with 3 segments left of total size: 7587904 bytes
2017-02-15 14:34:36,921 INFO org.apache.hadoop.mapreduce.Job:  map 100% reduce 20%
2017-02-15 14:34:38,583 INFO org.apache.hadoop.mapreduce.task.reduce.MergeManagerImpl: Merged 3 segments, 7587938 bytes to disk to satisfy reduce memory limit
2017-02-15 14:34:38,585 INFO org.apache.hadoop.mapreduce.task.reduce.MergeManagerImpl: Merging 1 files, 7587938 bytes from disk
2017-02-15 14:34:38,587 INFO org.apache.hadoop.mapreduce.task.reduce.MergeManagerImpl: Merging 0 segments, 0 bytes from memory into reduce
2017-02-15 14:34:38,588 INFO org.apache.hadoop.mapred.Merger: Merging 1 sorted segments
2017-02-15 14:34:38,588 INFO org.apache.hadoop.mapred.Merger: Down to the last merge-pass, with 1 segments left of total size: 7587922 bytes
2017-02-15 14:34:38,594 INFO org.apache.hadoop.mapred.LocalJobRunner: 3 / 3 copied.
2017-02-15 14:34:41,288 INFO org.apache.hadoop.mapred.Task: Task:attempt_local1348344441_0001_r_000002_0 is done. And is in the process of committing
2017-02-15 14:34:41,297 INFO org.apache.hadoop.mapred.LocalJobRunner: 3 / 3 copied.
2017-02-15 14:34:41,301 INFO org.apache.hadoop.mapred.Task: Task attempt_local1348344441_0001_r_000002_0 is allowed to commit now
2017-02-15 14:34:41,325 INFO org.apache.hadoop.mapreduce.lib.output.FileOutputCommitter: Saved output of task 'attempt_local1348344441_0001_r_000002_0' to file:/home/cloudera/workspace/Assignment1/Stopwords_10red/output/_temporary/0/task_local1348344441_0001_r_000002
2017-02-15 14:34:41,332 INFO org.apache.hadoop.mapred.LocalJobRunner: reduce > reduce
2017-02-15 14:34:41,332 INFO org.apache.hadoop.mapred.Task: Task 'attempt_local1348344441_0001_r_000002_0' done.
2017-02-15 14:34:41,332 INFO org.apache.hadoop.mapred.LocalJobRunner: Finishing task: attempt_local1348344441_0001_r_000002_0
2017-02-15 14:34:41,333 INFO org.apache.hadoop.mapred.LocalJobRunner: Starting task: attempt_local1348344441_0001_r_000003_0
2017-02-15 14:34:41,351 INFO org.apache.hadoop.mapreduce.lib.output.FileOutputCommitter: File Output Committer Algorithm version is 1
2017-02-15 14:34:41,352 INFO org.apache.hadoop.mapred.Task:  Using ResourceCalculatorProcessTree : [ ]
2017-02-15 14:34:41,357 INFO org.apache.hadoop.mapred.ReduceTask: Using ShuffleConsumerPlugin: org.apache.hadoop.mapreduce.task.reduce.Shuffle@270e8506
2017-02-15 14:34:41,368 INFO org.apache.hadoop.mapreduce.task.reduce.MergeManagerImpl: MergerManager: memoryLimit=261121632, maxSingleShuffleLimit=65280408, mergeThreshold=172340288, ioSortFactor=10, memToMemMergeOutputsThreshold=10
2017-02-15 14:34:41,381 INFO org.apache.hadoop.mapreduce.task.reduce.EventFetcher: attempt_local1348344441_0001_r_000003_0 Thread started: EventFetcher for fetching Map Completion Events
2017-02-15 14:34:41,398 INFO org.apache.hadoop.mapreduce.task.reduce.LocalFetcher: localfetcher#4 about to shuffle output of map attempt_local1348344441_0001_m_000000_0 decomp: 2553973 len: 2553977 to MEMORY
2017-02-15 14:34:41,490 INFO org.apache.hadoop.mapreduce.task.reduce.InMemoryMapOutput: Read 2553973 bytes from map-output for attempt_local1348344441_0001_m_000000_0
2017-02-15 14:34:41,494 INFO org.apache.hadoop.mapreduce.task.reduce.MergeManagerImpl: closeInMemoryFile -> map-output of size: 2553973, inMemoryMapOutputs.size() -> 1, commitMemory -> 0, usedMemory ->2553973
2017-02-15 14:34:41,509 INFO org.apache.hadoop.mapreduce.task.reduce.LocalFetcher: localfetcher#4 about to shuffle output of map attempt_local1348344441_0001_m_000002_0 decomp: 673442 len: 673446 to MEMORY
2017-02-15 14:34:41,522 INFO org.apache.hadoop.mapreduce.task.reduce.InMemoryMapOutput: Read 673442 bytes from map-output for attempt_local1348344441_0001_m_000002_0
2017-02-15 14:34:41,523 INFO org.apache.hadoop.mapreduce.task.reduce.MergeManagerImpl: closeInMemoryFile -> map-output of size: 673442, inMemoryMapOutputs.size() -> 2, commitMemory -> 2553973, usedMemory ->3227415
2017-02-15 14:34:41,534 INFO org.apache.hadoop.mapreduce.task.reduce.LocalFetcher: localfetcher#4 about to shuffle output of map attempt_local1348344441_0001_m_000001_0 decomp: 929866 len: 929870 to MEMORY
2017-02-15 14:34:41,554 INFO org.apache.hadoop.mapreduce.task.reduce.InMemoryMapOutput: Read 929866 bytes from map-output for attempt_local1348344441_0001_m_000001_0
2017-02-15 14:34:41,554 INFO org.apache.hadoop.mapreduce.task.reduce.MergeManagerImpl: closeInMemoryFile -> map-output of size: 929866, inMemoryMapOutputs.size() -> 3, commitMemory -> 3227415, usedMemory ->4157281
2017-02-15 14:34:41,557 INFO org.apache.hadoop.mapreduce.task.reduce.EventFetcher: EventFetcher is interrupted.. Returning
2017-02-15 14:34:41,557 INFO org.apache.hadoop.mapred.LocalJobRunner: 3 / 3 copied.
2017-02-15 14:34:41,557 INFO org.apache.hadoop.mapreduce.task.reduce.MergeManagerImpl: finalMerge called with 3 in-memory map-outputs and 0 on-disk map-outputs
2017-02-15 14:34:41,561 INFO org.apache.hadoop.mapred.Merger: Merging 3 sorted segments
2017-02-15 14:34:41,563 INFO org.apache.hadoop.mapred.Merger: Down to the last merge-pass, with 3 segments left of total size: 4157256 bytes
2017-02-15 14:34:41,925 INFO org.apache.hadoop.mapreduce.Job:  map 100% reduce 30%
2017-02-15 14:34:43,018 INFO org.apache.hadoop.mapreduce.task.reduce.MergeManagerImpl: Merged 3 segments, 4157281 bytes to disk to satisfy reduce memory limit
2017-02-15 14:34:43,022 INFO org.apache.hadoop.mapreduce.task.reduce.MergeManagerImpl: Merging 1 files, 4157281 bytes from disk
2017-02-15 14:34:43,023 INFO org.apache.hadoop.mapreduce.task.reduce.MergeManagerImpl: Merging 0 segments, 0 bytes from memory into reduce
2017-02-15 14:34:43,023 INFO org.apache.hadoop.mapred.Merger: Merging 1 sorted segments
2017-02-15 14:34:43,024 INFO org.apache.hadoop.mapred.Merger: Down to the last merge-pass, with 1 segments left of total size: 4157268 bytes
2017-02-15 14:34:43,025 INFO org.apache.hadoop.mapred.LocalJobRunner: 3 / 3 copied.
2017-02-15 14:34:44,247 INFO org.apache.hadoop.mapred.Task: Task:attempt_local1348344441_0001_r_000003_0 is done. And is in the process of committing
2017-02-15 14:34:44,256 INFO org.apache.hadoop.mapred.LocalJobRunner: 3 / 3 copied.
2017-02-15 14:34:44,257 INFO org.apache.hadoop.mapred.Task: Task attempt_local1348344441_0001_r_000003_0 is allowed to commit now
2017-02-15 14:34:44,269 INFO org.apache.hadoop.mapreduce.lib.output.FileOutputCommitter: Saved output of task 'attempt_local1348344441_0001_r_000003_0' to file:/home/cloudera/workspace/Assignment1/Stopwords_10red/output/_temporary/0/task_local1348344441_0001_r_000003
2017-02-15 14:34:44,271 INFO org.apache.hadoop.mapred.LocalJobRunner: reduce > reduce
2017-02-15 14:34:44,273 INFO org.apache.hadoop.mapred.Task: Task 'attempt_local1348344441_0001_r_000003_0' done.
2017-02-15 14:34:44,274 INFO org.apache.hadoop.mapred.LocalJobRunner: Finishing task: attempt_local1348344441_0001_r_000003_0
2017-02-15 14:34:44,275 INFO org.apache.hadoop.mapred.LocalJobRunner: Starting task: attempt_local1348344441_0001_r_000004_0
2017-02-15 14:34:44,281 INFO org.apache.hadoop.mapreduce.lib.output.FileOutputCommitter: File Output Committer Algorithm version is 1
2017-02-15 14:34:44,285 INFO org.apache.hadoop.mapred.Task:  Using ResourceCalculatorProcessTree : [ ]
2017-02-15 14:34:44,286 INFO org.apache.hadoop.mapred.ReduceTask: Using ShuffleConsumerPlugin: org.apache.hadoop.mapreduce.task.reduce.Shuffle@545e2452
2017-02-15 14:34:44,297 INFO org.apache.hadoop.mapreduce.task.reduce.MergeManagerImpl: MergerManager: memoryLimit=261121632, maxSingleShuffleLimit=65280408, mergeThreshold=172340288, ioSortFactor=10, memToMemMergeOutputsThreshold=10
2017-02-15 14:34:44,304 INFO org.apache.hadoop.mapreduce.task.reduce.EventFetcher: attempt_local1348344441_0001_r_000004_0 Thread started: EventFetcher for fetching Map Completion Events
2017-02-15 14:34:44,329 INFO org.apache.hadoop.mapreduce.task.reduce.LocalFetcher: localfetcher#5 about to shuffle output of map attempt_local1348344441_0001_m_000000_0 decomp: 2995416 len: 2995420 to MEMORY
2017-02-15 14:34:44,428 INFO org.apache.hadoop.mapreduce.task.reduce.InMemoryMapOutput: Read 2995416 bytes from map-output for attempt_local1348344441_0001_m_000000_0
2017-02-15 14:34:44,430 INFO org.apache.hadoop.mapreduce.task.reduce.MergeManagerImpl: closeInMemoryFile -> map-output of size: 2995416, inMemoryMapOutputs.size() -> 1, commitMemory -> 0, usedMemory ->2995416
2017-02-15 14:34:44,440 INFO org.apache.hadoop.mapreduce.task.reduce.LocalFetcher: localfetcher#5 about to shuffle output of map attempt_local1348344441_0001_m_000002_0 decomp: 837138 len: 837142 to MEMORY
2017-02-15 14:34:44,451 INFO org.apache.hadoop.mapreduce.task.reduce.InMemoryMapOutput: Read 837138 bytes from map-output for attempt_local1348344441_0001_m_000002_0
2017-02-15 14:34:44,452 INFO org.apache.hadoop.mapreduce.task.reduce.MergeManagerImpl: closeInMemoryFile -> map-output of size: 837138, inMemoryMapOutputs.size() -> 2, commitMemory -> 2995416, usedMemory ->3832554
2017-02-15 14:34:44,461 INFO org.apache.hadoop.mapreduce.task.reduce.LocalFetcher: localfetcher#5 about to shuffle output of map attempt_local1348344441_0001_m_000001_0 decomp: 973181 len: 973185 to MEMORY
2017-02-15 14:34:44,488 INFO org.apache.hadoop.mapreduce.task.reduce.InMemoryMapOutput: Read 973181 bytes from map-output for attempt_local1348344441_0001_m_000001_0
2017-02-15 14:34:44,490 INFO org.apache.hadoop.mapreduce.task.reduce.MergeManagerImpl: closeInMemoryFile -> map-output of size: 973181, inMemoryMapOutputs.size() -> 3, commitMemory -> 3832554, usedMemory ->4805735
2017-02-15 14:34:44,491 INFO org.apache.hadoop.mapreduce.task.reduce.EventFetcher: EventFetcher is interrupted.. Returning
2017-02-15 14:34:44,493 INFO org.apache.hadoop.mapred.LocalJobRunner: 3 / 3 copied.
2017-02-15 14:34:44,494 INFO org.apache.hadoop.mapreduce.task.reduce.MergeManagerImpl: finalMerge called with 3 in-memory map-outputs and 0 on-disk map-outputs
2017-02-15 14:34:44,503 INFO org.apache.hadoop.mapred.Merger: Merging 3 sorted segments
2017-02-15 14:34:44,508 INFO org.apache.hadoop.mapred.Merger: Down to the last merge-pass, with 3 segments left of total size: 4805708 bytes
2017-02-15 14:34:44,927 INFO org.apache.hadoop.mapreduce.Job:  map 100% reduce 40%
2017-02-15 14:34:45,966 INFO org.apache.hadoop.mapreduce.task.reduce.MergeManagerImpl: Merged 3 segments, 4805735 bytes to disk to satisfy reduce memory limit
2017-02-15 14:34:45,971 INFO org.apache.hadoop.mapreduce.task.reduce.MergeManagerImpl: Merging 1 files, 4805735 bytes from disk
2017-02-15 14:34:45,971 INFO org.apache.hadoop.mapreduce.task.reduce.MergeManagerImpl: Merging 0 segments, 0 bytes from memory into reduce
2017-02-15 14:34:45,972 INFO org.apache.hadoop.mapred.Merger: Merging 1 sorted segments
2017-02-15 14:34:45,974 INFO org.apache.hadoop.mapred.Merger: Down to the last merge-pass, with 1 segments left of total size: 4805725 bytes
2017-02-15 14:34:45,975 INFO org.apache.hadoop.mapred.LocalJobRunner: 3 / 3 copied.
2017-02-15 14:34:47,393 INFO org.apache.hadoop.mapred.Task: Task:attempt_local1348344441_0001_r_000004_0 is done. And is in the process of committing
2017-02-15 14:34:47,401 INFO org.apache.hadoop.mapred.LocalJobRunner: 3 / 3 copied.
2017-02-15 14:34:47,401 INFO org.apache.hadoop.mapred.Task: Task attempt_local1348344441_0001_r_000004_0 is allowed to commit now
2017-02-15 14:34:47,410 INFO org.apache.hadoop.mapreduce.lib.output.FileOutputCommitter: Saved output of task 'attempt_local1348344441_0001_r_000004_0' to file:/home/cloudera/workspace/Assignment1/Stopwords_10red/output/_temporary/0/task_local1348344441_0001_r_000004
2017-02-15 14:34:47,414 INFO org.apache.hadoop.mapred.LocalJobRunner: reduce > reduce
2017-02-15 14:34:47,415 INFO org.apache.hadoop.mapred.Task: Task 'attempt_local1348344441_0001_r_000004_0' done.
2017-02-15 14:34:47,415 INFO org.apache.hadoop.mapred.LocalJobRunner: Finishing task: attempt_local1348344441_0001_r_000004_0
2017-02-15 14:34:47,415 INFO org.apache.hadoop.mapred.LocalJobRunner: Starting task: attempt_local1348344441_0001_r_000005_0
2017-02-15 14:34:47,425 INFO org.apache.hadoop.mapreduce.lib.output.FileOutputCommitter: File Output Committer Algorithm version is 1
2017-02-15 14:34:47,429 INFO org.apache.hadoop.mapred.Task:  Using ResourceCalculatorProcessTree : [ ]
2017-02-15 14:34:47,432 INFO org.apache.hadoop.mapred.ReduceTask: Using ShuffleConsumerPlugin: org.apache.hadoop.mapreduce.task.reduce.Shuffle@7826221e
2017-02-15 14:34:47,442 INFO org.apache.hadoop.mapreduce.task.reduce.MergeManagerImpl: MergerManager: memoryLimit=261121632, maxSingleShuffleLimit=65280408, mergeThreshold=172340288, ioSortFactor=10, memToMemMergeOutputsThreshold=10
2017-02-15 14:34:47,456 INFO org.apache.hadoop.mapreduce.task.reduce.EventFetcher: attempt_local1348344441_0001_r_000005_0 Thread started: EventFetcher for fetching Map Completion Events
2017-02-15 14:34:47,479 INFO org.apache.hadoop.mapreduce.task.reduce.LocalFetcher: localfetcher#6 about to shuffle output of map attempt_local1348344441_0001_m_000000_0 decomp: 2430328 len: 2430332 to MEMORY
2017-02-15 14:34:47,588 INFO org.apache.hadoop.mapreduce.task.reduce.InMemoryMapOutput: Read 2430328 bytes from map-output for attempt_local1348344441_0001_m_000000_0
2017-02-15 14:34:47,594 INFO org.apache.hadoop.mapreduce.task.reduce.MergeManagerImpl: closeInMemoryFile -> map-output of size: 2430328, inMemoryMapOutputs.size() -> 1, commitMemory -> 0, usedMemory ->2430328
2017-02-15 14:34:47,613 INFO org.apache.hadoop.mapreduce.task.reduce.LocalFetcher: localfetcher#6 about to shuffle output of map attempt_local1348344441_0001_m_000002_0 decomp: 700248 len: 700252 to MEMORY
2017-02-15 14:34:47,626 INFO org.apache.hadoop.mapreduce.task.reduce.InMemoryMapOutput: Read 700248 bytes from map-output for attempt_local1348344441_0001_m_000002_0
2017-02-15 14:34:47,627 INFO org.apache.hadoop.mapreduce.task.reduce.MergeManagerImpl: closeInMemoryFile -> map-output of size: 700248, inMemoryMapOutputs.size() -> 2, commitMemory -> 2430328, usedMemory ->3130576
2017-02-15 14:34:47,637 INFO org.apache.hadoop.mapreduce.task.reduce.LocalFetcher: localfetcher#6 about to shuffle output of map attempt_local1348344441_0001_m_000001_0 decomp: 813818 len: 813822 to MEMORY
2017-02-15 14:34:47,656 INFO org.apache.hadoop.mapreduce.task.reduce.InMemoryMapOutput: Read 813818 bytes from map-output for attempt_local1348344441_0001_m_000001_0
2017-02-15 14:34:47,660 INFO org.apache.hadoop.mapreduce.task.reduce.MergeManagerImpl: closeInMemoryFile -> map-output of size: 813818, inMemoryMapOutputs.size() -> 3, commitMemory -> 3130576, usedMemory ->3944394
2017-02-15 14:34:47,662 INFO org.apache.hadoop.mapreduce.task.reduce.EventFetcher: EventFetcher is interrupted.. Returning
2017-02-15 14:34:47,662 INFO org.apache.hadoop.mapred.LocalJobRunner: 3 / 3 copied.
2017-02-15 14:34:47,662 INFO org.apache.hadoop.mapreduce.task.reduce.MergeManagerImpl: finalMerge called with 3 in-memory map-outputs and 0 on-disk map-outputs
2017-02-15 14:34:47,666 INFO org.apache.hadoop.mapred.Merger: Merging 3 sorted segments
2017-02-15 14:34:47,666 INFO org.apache.hadoop.mapred.Merger: Down to the last merge-pass, with 3 segments left of total size: 3944364 bytes
2017-02-15 14:34:47,930 INFO org.apache.hadoop.mapreduce.Job:  map 100% reduce 50%
2017-02-15 14:34:48,810 INFO org.apache.hadoop.mapreduce.task.reduce.MergeManagerImpl: Merged 3 segments, 3944394 bytes to disk to satisfy reduce memory limit
2017-02-15 14:34:48,813 INFO org.apache.hadoop.mapreduce.task.reduce.MergeManagerImpl: Merging 1 files, 3944394 bytes from disk
2017-02-15 14:34:48,813 INFO org.apache.hadoop.mapreduce.task.reduce.MergeManagerImpl: Merging 0 segments, 0 bytes from memory into reduce
2017-02-15 14:34:48,814 INFO org.apache.hadoop.mapred.Merger: Merging 1 sorted segments
2017-02-15 14:34:48,818 INFO org.apache.hadoop.mapred.Merger: Down to the last merge-pass, with 1 segments left of total size: 3944383 bytes
2017-02-15 14:34:48,820 INFO org.apache.hadoop.mapred.LocalJobRunner: 3 / 3 copied.
2017-02-15 14:34:50,033 INFO org.apache.hadoop.mapred.Task: Task:attempt_local1348344441_0001_r_000005_0 is done. And is in the process of committing
2017-02-15 14:34:50,037 INFO org.apache.hadoop.mapred.LocalJobRunner: 3 / 3 copied.
2017-02-15 14:34:50,039 INFO org.apache.hadoop.mapred.Task: Task attempt_local1348344441_0001_r_000005_0 is allowed to commit now
2017-02-15 14:34:50,048 INFO org.apache.hadoop.mapreduce.lib.output.FileOutputCommitter: Saved output of task 'attempt_local1348344441_0001_r_000005_0' to file:/home/cloudera/workspace/Assignment1/Stopwords_10red/output/_temporary/0/task_local1348344441_0001_r_000005
2017-02-15 14:34:50,051 INFO org.apache.hadoop.mapred.LocalJobRunner: reduce > reduce
2017-02-15 14:34:50,053 INFO org.apache.hadoop.mapred.Task: Task 'attempt_local1348344441_0001_r_000005_0' done.
2017-02-15 14:34:50,054 INFO org.apache.hadoop.mapred.LocalJobRunner: Finishing task: attempt_local1348344441_0001_r_000005_0
2017-02-15 14:34:50,055 INFO org.apache.hadoop.mapred.LocalJobRunner: Starting task: attempt_local1348344441_0001_r_000006_0
2017-02-15 14:34:50,065 INFO org.apache.hadoop.mapreduce.lib.output.FileOutputCommitter: File Output Committer Algorithm version is 1
2017-02-15 14:34:50,073 INFO org.apache.hadoop.mapred.Task:  Using ResourceCalculatorProcessTree : [ ]
2017-02-15 14:34:50,077 INFO org.apache.hadoop.mapred.ReduceTask: Using ShuffleConsumerPlugin: org.apache.hadoop.mapreduce.task.reduce.Shuffle@3e6abe5a
2017-02-15 14:34:50,099 INFO org.apache.hadoop.mapreduce.task.reduce.MergeManagerImpl: MergerManager: memoryLimit=261121632, maxSingleShuffleLimit=65280408, mergeThreshold=172340288, ioSortFactor=10, memToMemMergeOutputsThreshold=10
2017-02-15 14:34:50,112 INFO org.apache.hadoop.mapreduce.task.reduce.EventFetcher: attempt_local1348344441_0001_r_000006_0 Thread started: EventFetcher for fetching Map Completion Events
2017-02-15 14:34:50,126 INFO org.apache.hadoop.mapreduce.task.reduce.LocalFetcher: localfetcher#7 about to shuffle output of map attempt_local1348344441_0001_m_000000_0 decomp: 3375039 len: 3375043 to MEMORY
2017-02-15 14:34:50,256 INFO org.apache.hadoop.mapreduce.task.reduce.InMemoryMapOutput: Read 3375039 bytes from map-output for attempt_local1348344441_0001_m_000000_0
2017-02-15 14:34:50,256 INFO org.apache.hadoop.mapreduce.task.reduce.MergeManagerImpl: closeInMemoryFile -> map-output of size: 3375039, inMemoryMapOutputs.size() -> 1, commitMemory -> 0, usedMemory ->3375039
2017-02-15 14:34:50,270 INFO org.apache.hadoop.mapreduce.task.reduce.LocalFetcher: localfetcher#7 about to shuffle output of map attempt_local1348344441_0001_m_000002_0 decomp: 967689 len: 967693 to MEMORY
2017-02-15 14:34:50,285 INFO org.apache.hadoop.mapreduce.task.reduce.InMemoryMapOutput: Read 967689 bytes from map-output for attempt_local1348344441_0001_m_000002_0
2017-02-15 14:34:50,287 INFO org.apache.hadoop.mapreduce.task.reduce.MergeManagerImpl: closeInMemoryFile -> map-output of size: 967689, inMemoryMapOutputs.size() -> 2, commitMemory -> 3375039, usedMemory ->4342728
2017-02-15 14:34:50,295 INFO org.apache.hadoop.mapreduce.task.reduce.LocalFetcher: localfetcher#7 about to shuffle output of map attempt_local1348344441_0001_m_000001_0 decomp: 1168409 len: 1168413 to MEMORY
2017-02-15 14:34:50,317 INFO org.apache.hadoop.mapreduce.task.reduce.InMemoryMapOutput: Read 1168409 bytes from map-output for attempt_local1348344441_0001_m_000001_0
2017-02-15 14:34:50,318 INFO org.apache.hadoop.mapreduce.task.reduce.MergeManagerImpl: closeInMemoryFile -> map-output of size: 1168409, inMemoryMapOutputs.size() -> 3, commitMemory -> 4342728, usedMemory ->5511137
2017-02-15 14:34:50,322 INFO org.apache.hadoop.mapreduce.task.reduce.EventFetcher: EventFetcher is interrupted.. Returning
2017-02-15 14:34:50,323 INFO org.apache.hadoop.mapred.LocalJobRunner: 3 / 3 copied.
2017-02-15 14:34:50,324 INFO org.apache.hadoop.mapreduce.task.reduce.MergeManagerImpl: finalMerge called with 3 in-memory map-outputs and 0 on-disk map-outputs
2017-02-15 14:34:50,327 INFO org.apache.hadoop.mapred.Merger: Merging 3 sorted segments
2017-02-15 14:34:50,335 INFO org.apache.hadoop.mapred.Merger: Down to the last merge-pass, with 3 segments left of total size: 5511116 bytes
2017-02-15 14:34:50,931 INFO org.apache.hadoop.mapreduce.Job:  map 100% reduce 60%
2017-02-15 14:34:52,277 INFO org.apache.hadoop.mapreduce.task.reduce.MergeManagerImpl: Merged 3 segments, 5511137 bytes to disk to satisfy reduce memory limit
2017-02-15 14:34:52,281 INFO org.apache.hadoop.mapreduce.task.reduce.MergeManagerImpl: Merging 1 files, 5511137 bytes from disk
2017-02-15 14:34:52,282 INFO org.apache.hadoop.mapreduce.task.reduce.MergeManagerImpl: Merging 0 segments, 0 bytes from memory into reduce
2017-02-15 14:34:52,285 INFO org.apache.hadoop.mapred.Merger: Merging 1 sorted segments
2017-02-15 14:34:52,287 INFO org.apache.hadoop.mapred.Merger: Down to the last merge-pass, with 1 segments left of total size: 5511128 bytes
2017-02-15 14:34:52,291 INFO org.apache.hadoop.mapred.LocalJobRunner: 3 / 3 copied.
2017-02-15 14:34:54,121 INFO org.apache.hadoop.mapred.Task: Task:attempt_local1348344441_0001_r_000006_0 is done. And is in the process of committing
2017-02-15 14:34:54,130 INFO org.apache.hadoop.mapred.LocalJobRunner: 3 / 3 copied.
2017-02-15 14:34:54,132 INFO org.apache.hadoop.mapred.Task: Task attempt_local1348344441_0001_r_000006_0 is allowed to commit now
2017-02-15 14:34:54,141 INFO org.apache.hadoop.mapreduce.lib.output.FileOutputCommitter: Saved output of task 'attempt_local1348344441_0001_r_000006_0' to file:/home/cloudera/workspace/Assignment1/Stopwords_10red/output/_temporary/0/task_local1348344441_0001_r_000006
2017-02-15 14:34:54,144 INFO org.apache.hadoop.mapred.LocalJobRunner: reduce > reduce
2017-02-15 14:34:54,145 INFO org.apache.hadoop.mapred.Task: Task 'attempt_local1348344441_0001_r_000006_0' done.
2017-02-15 14:34:54,145 INFO org.apache.hadoop.mapred.LocalJobRunner: Finishing task: attempt_local1348344441_0001_r_000006_0
2017-02-15 14:34:54,146 INFO org.apache.hadoop.mapred.LocalJobRunner: Starting task: attempt_local1348344441_0001_r_000007_0
2017-02-15 14:34:54,152 INFO org.apache.hadoop.mapreduce.lib.output.FileOutputCommitter: File Output Committer Algorithm version is 1
2017-02-15 14:34:54,155 INFO org.apache.hadoop.mapred.Task:  Using ResourceCalculatorProcessTree : [ ]
2017-02-15 14:34:54,157 INFO org.apache.hadoop.mapred.ReduceTask: Using ShuffleConsumerPlugin: org.apache.hadoop.mapreduce.task.reduce.Shuffle@55662d9a
2017-02-15 14:34:54,165 INFO org.apache.hadoop.mapreduce.task.reduce.MergeManagerImpl: MergerManager: memoryLimit=261121632, maxSingleShuffleLimit=65280408, mergeThreshold=172340288, ioSortFactor=10, memToMemMergeOutputsThreshold=10
2017-02-15 14:34:54,176 INFO org.apache.hadoop.mapreduce.task.reduce.EventFetcher: attempt_local1348344441_0001_r_000007_0 Thread started: EventFetcher for fetching Map Completion Events
2017-02-15 14:34:54,187 INFO org.apache.hadoop.mapreduce.task.reduce.LocalFetcher: localfetcher#8 about to shuffle output of map attempt_local1348344441_0001_m_000000_0 decomp: 2738433 len: 2738437 to MEMORY
2017-02-15 14:34:54,280 INFO org.apache.hadoop.mapreduce.task.reduce.InMemoryMapOutput: Read 2738433 bytes from map-output for attempt_local1348344441_0001_m_000000_0
2017-02-15 14:34:54,281 INFO org.apache.hadoop.mapreduce.task.reduce.MergeManagerImpl: closeInMemoryFile -> map-output of size: 2738433, inMemoryMapOutputs.size() -> 1, commitMemory -> 0, usedMemory ->2738433
2017-02-15 14:34:54,299 INFO org.apache.hadoop.mapreduce.task.reduce.LocalFetcher: localfetcher#8 about to shuffle output of map attempt_local1348344441_0001_m_000002_0 decomp: 701254 len: 701258 to MEMORY
2017-02-15 14:34:54,334 INFO org.apache.hadoop.mapreduce.task.reduce.InMemoryMapOutput: Read 701254 bytes from map-output for attempt_local1348344441_0001_m_000002_0
2017-02-15 14:34:54,335 INFO org.apache.hadoop.mapreduce.task.reduce.MergeManagerImpl: closeInMemoryFile -> map-output of size: 701254, inMemoryMapOutputs.size() -> 2, commitMemory -> 2738433, usedMemory ->3439687
2017-02-15 14:34:54,350 INFO org.apache.hadoop.mapreduce.task.reduce.LocalFetcher: localfetcher#8 about to shuffle output of map attempt_local1348344441_0001_m_000001_0 decomp: 869417 len: 869421 to MEMORY
2017-02-15 14:34:54,375 INFO org.apache.hadoop.mapreduce.task.reduce.InMemoryMapOutput: Read 869417 bytes from map-output for attempt_local1348344441_0001_m_000001_0
2017-02-15 14:34:54,375 INFO org.apache.hadoop.mapreduce.task.reduce.MergeManagerImpl: closeInMemoryFile -> map-output of size: 869417, inMemoryMapOutputs.size() -> 3, commitMemory -> 3439687, usedMemory ->4309104
2017-02-15 14:34:54,377 INFO org.apache.hadoop.mapreduce.task.reduce.EventFetcher: EventFetcher is interrupted.. Returning
2017-02-15 14:34:54,378 INFO org.apache.hadoop.mapred.LocalJobRunner: 3 / 3 copied.
2017-02-15 14:34:54,378 INFO org.apache.hadoop.mapreduce.task.reduce.MergeManagerImpl: finalMerge called with 3 in-memory map-outputs and 0 on-disk map-outputs
2017-02-15 14:34:54,386 INFO org.apache.hadoop.mapred.Merger: Merging 3 sorted segments
2017-02-15 14:34:54,395 INFO org.apache.hadoop.mapred.Merger: Down to the last merge-pass, with 3 segments left of total size: 4309077 bytes
2017-02-15 14:34:54,935 INFO org.apache.hadoop.mapreduce.Job:  map 100% reduce 70%
2017-02-15 14:34:55,662 INFO org.apache.hadoop.mapreduce.task.reduce.MergeManagerImpl: Merged 3 segments, 4309104 bytes to disk to satisfy reduce memory limit
2017-02-15 14:34:55,663 INFO org.apache.hadoop.mapreduce.task.reduce.MergeManagerImpl: Merging 1 files, 4309104 bytes from disk
2017-02-15 14:34:55,663 INFO org.apache.hadoop.mapreduce.task.reduce.MergeManagerImpl: Merging 0 segments, 0 bytes from memory into reduce
2017-02-15 14:34:55,663 INFO org.apache.hadoop.mapred.Merger: Merging 1 sorted segments
2017-02-15 14:34:55,667 INFO org.apache.hadoop.mapred.Merger: Down to the last merge-pass, with 1 segments left of total size: 4309091 bytes
2017-02-15 14:34:55,669 INFO org.apache.hadoop.mapred.LocalJobRunner: 3 / 3 copied.
2017-02-15 14:34:56,946 INFO org.apache.hadoop.mapred.Task: Task:attempt_local1348344441_0001_r_000007_0 is done. And is in the process of committing
2017-02-15 14:34:56,951 INFO org.apache.hadoop.mapred.LocalJobRunner: 3 / 3 copied.
2017-02-15 14:34:56,951 INFO org.apache.hadoop.mapred.Task: Task attempt_local1348344441_0001_r_000007_0 is allowed to commit now
2017-02-15 14:34:56,961 INFO org.apache.hadoop.mapreduce.lib.output.FileOutputCommitter: Saved output of task 'attempt_local1348344441_0001_r_000007_0' to file:/home/cloudera/workspace/Assignment1/Stopwords_10red/output/_temporary/0/task_local1348344441_0001_r_000007
2017-02-15 14:34:56,969 INFO org.apache.hadoop.mapred.LocalJobRunner: reduce > reduce
2017-02-15 14:34:56,971 INFO org.apache.hadoop.mapred.Task: Task 'attempt_local1348344441_0001_r_000007_0' done.
2017-02-15 14:34:56,971 INFO org.apache.hadoop.mapred.LocalJobRunner: Finishing task: attempt_local1348344441_0001_r_000007_0
2017-02-15 14:34:56,971 INFO org.apache.hadoop.mapred.LocalJobRunner: Starting task: attempt_local1348344441_0001_r_000008_0
2017-02-15 14:34:56,982 INFO org.apache.hadoop.mapreduce.lib.output.FileOutputCommitter: File Output Committer Algorithm version is 1
2017-02-15 14:34:56,983 INFO org.apache.hadoop.mapred.Task:  Using ResourceCalculatorProcessTree : [ ]
2017-02-15 14:34:56,983 INFO org.apache.hadoop.mapred.ReduceTask: Using ShuffleConsumerPlugin: org.apache.hadoop.mapreduce.task.reduce.Shuffle@49a931a8
2017-02-15 14:34:56,995 INFO org.apache.hadoop.mapreduce.task.reduce.MergeManagerImpl: MergerManager: memoryLimit=261121632, maxSingleShuffleLimit=65280408, mergeThreshold=172340288, ioSortFactor=10, memToMemMergeOutputsThreshold=10
2017-02-15 14:34:57,014 INFO org.apache.hadoop.mapreduce.task.reduce.EventFetcher: attempt_local1348344441_0001_r_000008_0 Thread started: EventFetcher for fetching Map Completion Events
2017-02-15 14:34:57,043 INFO org.apache.hadoop.mapreduce.task.reduce.LocalFetcher: localfetcher#9 about to shuffle output of map attempt_local1348344441_0001_m_000000_0 decomp: 5320702 len: 5320706 to MEMORY
2017-02-15 14:34:57,229 INFO org.apache.hadoop.mapreduce.task.reduce.InMemoryMapOutput: Read 5320702 bytes from map-output for attempt_local1348344441_0001_m_000000_0
2017-02-15 14:34:57,229 INFO org.apache.hadoop.mapreduce.task.reduce.MergeManagerImpl: closeInMemoryFile -> map-output of size: 5320702, inMemoryMapOutputs.size() -> 1, commitMemory -> 0, usedMemory ->5320702
2017-02-15 14:34:57,245 INFO org.apache.hadoop.mapreduce.task.reduce.LocalFetcher: localfetcher#9 about to shuffle output of map attempt_local1348344441_0001_m_000002_0 decomp: 1480380 len: 1480384 to MEMORY
2017-02-15 14:34:57,289 INFO org.apache.hadoop.mapreduce.task.reduce.InMemoryMapOutput: Read 1480380 bytes from map-output for attempt_local1348344441_0001_m_000002_0
2017-02-15 14:34:57,289 INFO org.apache.hadoop.mapreduce.task.reduce.MergeManagerImpl: closeInMemoryFile -> map-output of size: 1480380, inMemoryMapOutputs.size() -> 2, commitMemory -> 5320702, usedMemory ->6801082
2017-02-15 14:34:57,308 INFO org.apache.hadoop.mapreduce.task.reduce.LocalFetcher: localfetcher#9 about to shuffle output of map attempt_local1348344441_0001_m_000001_0 decomp: 1512772 len: 1512776 to MEMORY
2017-02-15 14:34:57,377 INFO org.apache.hadoop.mapreduce.task.reduce.InMemoryMapOutput: Read 1512772 bytes from map-output for attempt_local1348344441_0001_m_000001_0
2017-02-15 14:34:57,379 INFO org.apache.hadoop.mapreduce.task.reduce.MergeManagerImpl: closeInMemoryFile -> map-output of size: 1512772, inMemoryMapOutputs.size() -> 3, commitMemory -> 6801082, usedMemory ->8313854
2017-02-15 14:34:57,380 INFO org.apache.hadoop.mapreduce.task.reduce.EventFetcher: EventFetcher is interrupted.. Returning
2017-02-15 14:34:57,381 INFO org.apache.hadoop.mapred.LocalJobRunner: 3 / 3 copied.
2017-02-15 14:34:57,381 INFO org.apache.hadoop.mapreduce.task.reduce.MergeManagerImpl: finalMerge called with 3 in-memory map-outputs and 0 on-disk map-outputs
2017-02-15 14:34:57,382 INFO org.apache.hadoop.mapred.Merger: Merging 3 sorted segments
2017-02-15 14:34:57,382 INFO org.apache.hadoop.mapred.Merger: Down to the last merge-pass, with 3 segments left of total size: 8313842 bytes
2017-02-15 14:34:57,939 INFO org.apache.hadoop.mapreduce.Job:  map 100% reduce 80%
2017-02-15 14:35:00,091 INFO org.apache.hadoop.mapreduce.task.reduce.MergeManagerImpl: Merged 3 segments, 8313854 bytes to disk to satisfy reduce memory limit
2017-02-15 14:35:00,096 INFO org.apache.hadoop.mapreduce.task.reduce.MergeManagerImpl: Merging 1 files, 8313854 bytes from disk
2017-02-15 14:35:00,097 INFO org.apache.hadoop.mapreduce.task.reduce.MergeManagerImpl: Merging 0 segments, 0 bytes from memory into reduce
2017-02-15 14:35:00,098 INFO org.apache.hadoop.mapred.Merger: Merging 1 sorted segments
2017-02-15 14:35:00,099 INFO org.apache.hadoop.mapred.Merger: Down to the last merge-pass, with 1 segments left of total size: 8313846 bytes
2017-02-15 14:35:00,102 INFO org.apache.hadoop.mapred.LocalJobRunner: 3 / 3 copied.
2017-02-15 14:35:02,907 INFO org.apache.hadoop.mapred.Task: Task:attempt_local1348344441_0001_r_000008_0 is done. And is in the process of committing
2017-02-15 14:35:02,919 INFO org.apache.hadoop.mapred.LocalJobRunner: 3 / 3 copied.
2017-02-15 14:35:02,920 INFO org.apache.hadoop.mapred.Task: Task attempt_local1348344441_0001_r_000008_0 is allowed to commit now
2017-02-15 14:35:02,924 INFO org.apache.hadoop.mapreduce.lib.output.FileOutputCommitter: Saved output of task 'attempt_local1348344441_0001_r_000008_0' to file:/home/cloudera/workspace/Assignment1/Stopwords_10red/output/_temporary/0/task_local1348344441_0001_r_000008
2017-02-15 14:35:02,929 INFO org.apache.hadoop.mapred.LocalJobRunner: reduce > reduce
2017-02-15 14:35:02,929 INFO org.apache.hadoop.mapred.Task: Task 'attempt_local1348344441_0001_r_000008_0' done.
2017-02-15 14:35:02,930 INFO org.apache.hadoop.mapred.LocalJobRunner: Finishing task: attempt_local1348344441_0001_r_000008_0
2017-02-15 14:35:02,931 INFO org.apache.hadoop.mapred.LocalJobRunner: Starting task: attempt_local1348344441_0001_r_000009_0
2017-02-15 14:35:02,938 INFO org.apache.hadoop.mapreduce.lib.output.FileOutputCommitter: File Output Committer Algorithm version is 1
2017-02-15 14:35:02,939 INFO org.apache.hadoop.mapred.Task:  Using ResourceCalculatorProcessTree : [ ]
2017-02-15 14:35:02,939 INFO org.apache.hadoop.mapred.ReduceTask: Using ShuffleConsumerPlugin: org.apache.hadoop.mapreduce.task.reduce.Shuffle@d3ceb07
2017-02-15 14:35:02,943 INFO org.apache.hadoop.mapreduce.Job:  map 100% reduce 100%
2017-02-15 14:35:02,947 INFO org.apache.hadoop.mapreduce.task.reduce.MergeManagerImpl: MergerManager: memoryLimit=261121632, maxSingleShuffleLimit=65280408, mergeThreshold=172340288, ioSortFactor=10, memToMemMergeOutputsThreshold=10
2017-02-15 14:35:02,969 INFO org.apache.hadoop.mapreduce.task.reduce.EventFetcher: attempt_local1348344441_0001_r_000009_0 Thread started: EventFetcher for fetching Map Completion Events
2017-02-15 14:35:02,979 INFO org.apache.hadoop.mapreduce.task.reduce.LocalFetcher: localfetcher#10 about to shuffle output of map attempt_local1348344441_0001_m_000000_0 decomp: 1886724 len: 1886728 to MEMORY
2017-02-15 14:35:03,051 INFO org.apache.hadoop.mapreduce.task.reduce.InMemoryMapOutput: Read 1886724 bytes from map-output for attempt_local1348344441_0001_m_000000_0
2017-02-15 14:35:03,059 INFO org.apache.hadoop.mapreduce.task.reduce.MergeManagerImpl: closeInMemoryFile -> map-output of size: 1886724, inMemoryMapOutputs.size() -> 1, commitMemory -> 0, usedMemory ->1886724
2017-02-15 14:35:03,069 INFO org.apache.hadoop.mapreduce.task.reduce.LocalFetcher: localfetcher#10 about to shuffle output of map attempt_local1348344441_0001_m_000002_0 decomp: 577328 len: 577332 to MEMORY
2017-02-15 14:35:03,078 INFO org.apache.hadoop.mapreduce.task.reduce.InMemoryMapOutput: Read 577328 bytes from map-output for attempt_local1348344441_0001_m_000002_0
2017-02-15 14:35:03,079 INFO org.apache.hadoop.mapreduce.task.reduce.MergeManagerImpl: closeInMemoryFile -> map-output of size: 577328, inMemoryMapOutputs.size() -> 2, commitMemory -> 1886724, usedMemory ->2464052
2017-02-15 14:35:03,087 INFO org.apache.hadoop.mapreduce.task.reduce.LocalFetcher: localfetcher#10 about to shuffle output of map attempt_local1348344441_0001_m_000001_0 decomp: 706785 len: 706789 to MEMORY
2017-02-15 14:35:03,111 INFO org.apache.hadoop.mapreduce.task.reduce.InMemoryMapOutput: Read 706785 bytes from map-output for attempt_local1348344441_0001_m_000001_0
2017-02-15 14:35:03,113 INFO org.apache.hadoop.mapreduce.task.reduce.MergeManagerImpl: closeInMemoryFile -> map-output of size: 706785, inMemoryMapOutputs.size() -> 3, commitMemory -> 2464052, usedMemory ->3170837
2017-02-15 14:35:03,114 INFO org.apache.hadoop.mapreduce.task.reduce.EventFetcher: EventFetcher is interrupted.. Returning
2017-02-15 14:35:03,115 INFO org.apache.hadoop.mapred.LocalJobRunner: 3 / 3 copied.
2017-02-15 14:35:03,115 INFO org.apache.hadoop.mapreduce.task.reduce.MergeManagerImpl: finalMerge called with 3 in-memory map-outputs and 0 on-disk map-outputs
2017-02-15 14:35:03,117 INFO org.apache.hadoop.mapred.Merger: Merging 3 sorted segments
2017-02-15 14:35:03,117 INFO org.apache.hadoop.mapred.Merger: Down to the last merge-pass, with 3 segments left of total size: 3170814 bytes
2017-02-15 14:35:03,943 INFO org.apache.hadoop.mapreduce.Job:  map 100% reduce 90%
2017-02-15 14:35:04,113 INFO org.apache.hadoop.mapreduce.task.reduce.MergeManagerImpl: Merged 3 segments, 3170837 bytes to disk to satisfy reduce memory limit
2017-02-15 14:35:04,114 INFO org.apache.hadoop.mapreduce.task.reduce.MergeManagerImpl: Merging 1 files, 3170837 bytes from disk
2017-02-15 14:35:04,117 INFO org.apache.hadoop.mapreduce.task.reduce.MergeManagerImpl: Merging 0 segments, 0 bytes from memory into reduce
2017-02-15 14:35:04,122 INFO org.apache.hadoop.mapred.Merger: Merging 1 sorted segments
2017-02-15 14:35:04,123 INFO org.apache.hadoop.mapred.Merger: Down to the last merge-pass, with 1 segments left of total size: 3170827 bytes
2017-02-15 14:35:04,133 INFO org.apache.hadoop.mapred.LocalJobRunner: 3 / 3 copied.
2017-02-15 14:35:05,129 INFO org.apache.hadoop.mapred.Task: Task:attempt_local1348344441_0001_r_000009_0 is done. And is in the process of committing
2017-02-15 14:35:05,144 INFO org.apache.hadoop.mapred.LocalJobRunner: 3 / 3 copied.
2017-02-15 14:35:05,145 INFO org.apache.hadoop.mapred.Task: Task attempt_local1348344441_0001_r_000009_0 is allowed to commit now
2017-02-15 14:35:05,161 INFO org.apache.hadoop.mapreduce.lib.output.FileOutputCommitter: Saved output of task 'attempt_local1348344441_0001_r_000009_0' to file:/home/cloudera/workspace/Assignment1/Stopwords_10red/output/_temporary/0/task_local1348344441_0001_r_000009
2017-02-15 14:35:05,162 INFO org.apache.hadoop.mapred.LocalJobRunner: reduce > reduce
2017-02-15 14:35:05,165 INFO org.apache.hadoop.mapred.Task: Task 'attempt_local1348344441_0001_r_000009_0' done.
2017-02-15 14:35:05,166 INFO org.apache.hadoop.mapred.LocalJobRunner: Finishing task: attempt_local1348344441_0001_r_000009_0
2017-02-15 14:35:05,168 INFO org.apache.hadoop.mapred.LocalJobRunner: reduce task executor complete.
2017-02-15 14:35:05,945 INFO org.apache.hadoop.mapreduce.Job:  map 100% reduce 100%
2017-02-15 14:35:05,945 INFO org.apache.hadoop.mapreduce.Job: Job job_local1348344441_0001 completed successfully
2017-02-15 14:35:06,202 INFO org.apache.hadoop.mapreduce.Job: Counters: 33
	File System Counters
		FILE: Number of bytes read=920752837
		FILE: Number of bytes written=960801474
		FILE: Number of read operations=0
		FILE: Number of large read operations=0
		FILE: Number of write operations=0
	Map-Reduce Framework
		Map input records=507535
		Map output records=4821436
		Map output bytes=43341408
		Map output materialized bytes=52984460
		Input split bytes=369
		Combine input records=0
		Combine output records=0
		Reduce input groups=55781
		Reduce shuffle bytes=52984460
		Reduce input records=4821436
		Reduce output records=140
		Spilled Records=9642872
		Shuffled Maps =30
		Failed Shuffles=0
		Merged Map outputs=30
		GC time elapsed (ms)=791
		CPU time spent (ms)=0
		Physical memory (bytes) snapshot=0
		Virtual memory (bytes) snapshot=0
		Total committed heap usage (bytes)=2066882560
	Shuffle Errors
		BAD_ID=0
		CONNECTION=0
		IO_ERROR=0
		WRONG_LENGTH=0
		WRONG_MAP=0
		WRONG_REDUCE=0
	File Input Format Counters 
		Bytes Read=26057865
	File Output Format Counters 
		Bytes Written=1502
