2017-02-16 06:20:16,188 WARN org.apache.hadoop.util.NativeCodeLoader: Unable to load native-hadoop library for your platform... using builtin-java classes where applicable
2017-02-16 06:20:18,136 INFO org.apache.hadoop.conf.Configuration.deprecation: session.id is deprecated. Instead, use dfs.metrics.session-id
2017-02-16 06:20:18,183 INFO org.apache.hadoop.metrics.jvm.JvmMetrics: Initializing JVM Metrics with processName=JobTracker, sessionId=
2017-02-16 06:20:19,638 WARN org.apache.hadoop.mapreduce.JobResourceUploader: No job jar file set.  User classes may not be found. See Job or Job#setJar(String).
2017-02-16 06:20:19,834 INFO org.apache.hadoop.mapreduce.lib.input.FileInputFormat: Total input paths to process : 3
2017-02-16 06:20:20,133 INFO org.apache.hadoop.mapreduce.JobSubmitter: number of splits:3
2017-02-16 06:20:21,332 INFO org.apache.hadoop.mapreduce.JobSubmitter: Submitting tokens for job: job_local1365262745_0001
2017-02-16 06:20:22,655 INFO org.apache.hadoop.mapreduce.Job: The url to track the job: http://localhost:8080/
2017-02-16 06:20:22,656 INFO org.apache.hadoop.mapreduce.Job: Running job: job_local1365262745_0001
2017-02-16 06:20:22,681 INFO org.apache.hadoop.mapred.LocalJobRunner: OutputCommitter set in config null
2017-02-16 06:20:22,726 INFO org.apache.hadoop.mapreduce.lib.output.FileOutputCommitter: File Output Committer Algorithm version is 1
2017-02-16 06:20:22,746 INFO org.apache.hadoop.mapred.LocalJobRunner: OutputCommitter is org.apache.hadoop.mapreduce.lib.output.FileOutputCommitter
2017-02-16 06:20:23,104 INFO org.apache.hadoop.mapred.LocalJobRunner: Waiting for map tasks
2017-02-16 06:20:23,109 INFO org.apache.hadoop.mapred.LocalJobRunner: Starting task: attempt_local1365262745_0001_m_000000_0
2017-02-16 06:20:23,296 INFO org.apache.hadoop.mapreduce.lib.output.FileOutputCommitter: File Output Committer Algorithm version is 1
2017-02-16 06:20:23,453 INFO org.apache.hadoop.mapred.Task:  Using ResourceCalculatorProcessTree : [ ]
2017-02-16 06:20:23,474 INFO org.apache.hadoop.mapred.MapTask: Processing split: file:/home/cloudera/workspace/Assignment1/input/pg3200.txt:0+16013932
2017-02-16 06:20:23,767 INFO org.apache.hadoop.mapreduce.Job: Job job_local1365262745_0001 running in uber mode : false
2017-02-16 06:20:23,793 INFO org.apache.hadoop.mapreduce.Job:  map 0% reduce 0%
2017-02-16 06:20:24,981 INFO org.apache.hadoop.mapred.MapTask: (EQUATOR) 0 kvi 26214396(104857584)
2017-02-16 06:20:24,982 INFO org.apache.hadoop.mapred.MapTask: mapreduce.task.io.sort.mb: 100
2017-02-16 06:20:24,982 INFO org.apache.hadoop.mapred.MapTask: soft limit at 83886080
2017-02-16 06:20:24,982 INFO org.apache.hadoop.mapred.MapTask: bufstart = 0; bufvoid = 104857600
2017-02-16 06:20:24,982 INFO org.apache.hadoop.mapred.MapTask: kvstart = 26214396; length = 6553600
2017-02-16 06:20:25,038 INFO org.apache.hadoop.mapred.MapTask: Map output collector class = org.apache.hadoop.mapred.MapTask$MapOutputBuffer
2017-02-16 06:20:29,637 INFO org.apache.hadoop.mapred.LocalJobRunner: map > map
2017-02-16 06:20:32,660 INFO org.apache.hadoop.mapred.LocalJobRunner: map > map
2017-02-16 06:20:32,859 INFO org.apache.hadoop.mapreduce.Job:  map 2% reduce 0%
2017-02-16 06:20:35,669 INFO org.apache.hadoop.mapred.LocalJobRunner: map > map
2017-02-16 06:20:35,892 INFO org.apache.hadoop.mapreduce.Job:  map 3% reduce 0%
2017-02-16 06:20:38,690 INFO org.apache.hadoop.mapred.LocalJobRunner: map > map
2017-02-16 06:20:38,925 INFO org.apache.hadoop.mapreduce.Job:  map 5% reduce 0%
2017-02-16 06:20:41,723 INFO org.apache.hadoop.mapred.LocalJobRunner: map > map
2017-02-16 06:20:41,960 INFO org.apache.hadoop.mapreduce.Job:  map 6% reduce 0%
2017-02-16 06:20:44,732 INFO org.apache.hadoop.mapred.LocalJobRunner: map > map
2017-02-16 06:20:44,991 INFO org.apache.hadoop.mapreduce.Job:  map 7% reduce 0%
2017-02-16 06:20:47,740 INFO org.apache.hadoop.mapred.LocalJobRunner: map > map
2017-02-16 06:20:48,009 INFO org.apache.hadoop.mapreduce.Job:  map 9% reduce 0%
2017-02-16 06:20:50,810 INFO org.apache.hadoop.mapred.LocalJobRunner: map > map
2017-02-16 06:20:51,042 INFO org.apache.hadoop.mapreduce.Job:  map 10% reduce 0%
2017-02-16 06:20:53,823 INFO org.apache.hadoop.mapred.LocalJobRunner: map > map
2017-02-16 06:20:54,082 INFO org.apache.hadoop.mapreduce.Job:  map 12% reduce 0%
2017-02-16 06:20:56,829 INFO org.apache.hadoop.mapred.LocalJobRunner: map > map
2017-02-16 06:20:57,108 INFO org.apache.hadoop.mapreduce.Job:  map 13% reduce 0%
2017-02-16 06:20:59,852 INFO org.apache.hadoop.mapred.LocalJobRunner: map > map
2017-02-16 06:21:00,131 INFO org.apache.hadoop.mapreduce.Job:  map 15% reduce 0%
2017-02-16 06:21:02,855 INFO org.apache.hadoop.mapred.LocalJobRunner: map > map
2017-02-16 06:21:03,172 INFO org.apache.hadoop.mapreduce.Job:  map 16% reduce 0%
2017-02-16 06:21:05,859 INFO org.apache.hadoop.mapred.LocalJobRunner: map > map
2017-02-16 06:21:06,260 INFO org.apache.hadoop.mapreduce.Job:  map 17% reduce 0%
2017-02-16 06:21:08,881 INFO org.apache.hadoop.mapred.LocalJobRunner: map > map
2017-02-16 06:21:09,233 INFO org.apache.hadoop.mapred.MapTask: Spilling map output
2017-02-16 06:21:09,233 INFO org.apache.hadoop.mapred.MapTask: bufstart = 0; bufend = 44021904; bufvoid = 104857600
2017-02-16 06:21:09,234 INFO org.apache.hadoop.mapred.MapTask: kvstart = 26214396(104857584); kvend = 16248360(64993440); length = 9966037/6553600
2017-02-16 06:21:09,235 INFO org.apache.hadoop.mapred.MapTask: (EQUATOR) 54189904 kvi 13547472(54189888)
2017-02-16 06:21:09,287 INFO org.apache.hadoop.mapreduce.Job:  map 18% reduce 0%
2017-02-16 06:21:11,915 INFO org.apache.hadoop.mapred.LocalJobRunner: map > map
2017-02-16 06:21:12,318 INFO org.apache.hadoop.mapreduce.Job:  map 19% reduce 0%
2017-02-16 06:21:14,916 INFO org.apache.hadoop.mapred.LocalJobRunner: map > map
2017-02-16 06:21:15,387 INFO org.apache.hadoop.mapreduce.Job:  map 20% reduce 0%
2017-02-16 06:21:17,919 INFO org.apache.hadoop.mapred.LocalJobRunner: map > map
2017-02-16 06:21:18,439 INFO org.apache.hadoop.mapreduce.Job:  map 21% reduce 0%
2017-02-16 06:21:20,934 INFO org.apache.hadoop.mapred.LocalJobRunner: map > map
2017-02-16 06:21:21,480 INFO org.apache.hadoop.mapreduce.Job:  map 22% reduce 0%
2017-02-16 06:21:23,331 INFO org.apache.hadoop.mapred.LocalJobRunner: map > map
2017-02-16 06:21:23,334 INFO org.apache.hadoop.mapred.MapTask: Starting flush of map output
2017-02-16 06:21:23,940 INFO org.apache.hadoop.mapred.LocalJobRunner: map > sort
2017-02-16 06:21:26,964 INFO org.apache.hadoop.mapred.LocalJobRunner: map > sort
2017-02-16 06:21:29,969 INFO org.apache.hadoop.mapred.LocalJobRunner: map > sort
2017-02-16 06:21:31,678 INFO org.apache.hadoop.mapred.MapTask: Finished spill 0
2017-02-16 06:21:31,682 INFO org.apache.hadoop.mapred.MapTask: (RESET) equator 54189904 kv 13547472(54189888) kvi 11675656(46702624)
2017-02-16 06:21:31,682 INFO org.apache.hadoop.mapred.MapTask: Spilling map output
2017-02-16 06:21:31,682 INFO org.apache.hadoop.mapred.MapTask: bufstart = 54189904; bufend = 62445360; bufvoid = 104857600
2017-02-16 06:21:31,682 INFO org.apache.hadoop.mapred.MapTask: kvstart = 13547472(54189888); kvend = 11675660(46702640); length = 1871813/6553600
2017-02-16 06:21:34,335 INFO org.apache.hadoop.mapred.MapTask: Finished spill 1
2017-02-16 06:21:34,389 INFO org.apache.hadoop.mapred.Merger: Merging 2 sorted segments
2017-02-16 06:21:34,482 INFO org.apache.hadoop.mapred.Merger: Down to the last merge-pass, with 2 segments left of total size: 58196294 bytes
2017-02-16 06:21:35,985 INFO org.apache.hadoop.mapred.LocalJobRunner: map > sort > 
2017-02-16 06:21:36,578 INFO org.apache.hadoop.mapreduce.Job:  map 23% reduce 0%
2017-02-16 06:21:38,989 INFO org.apache.hadoop.mapred.LocalJobRunner: map > sort > 
2017-02-16 06:21:39,589 INFO org.apache.hadoop.mapreduce.Job:  map 25% reduce 0%
2017-02-16 06:21:41,992 INFO org.apache.hadoop.mapred.LocalJobRunner: map > sort > 
2017-02-16 06:21:42,609 INFO org.apache.hadoop.mapreduce.Job:  map 28% reduce 0%
2017-02-16 06:21:44,993 INFO org.apache.hadoop.mapred.LocalJobRunner: map > sort > 
2017-02-16 06:21:45,616 INFO org.apache.hadoop.mapreduce.Job:  map 31% reduce 0%
2017-02-16 06:21:47,370 INFO org.apache.hadoop.mapred.Task: Task:attempt_local1365262745_0001_m_000000_0 is done. And is in the process of committing
2017-02-16 06:21:47,379 INFO org.apache.hadoop.mapred.LocalJobRunner: map > sort
2017-02-16 06:21:47,383 INFO org.apache.hadoop.mapred.Task: Task 'attempt_local1365262745_0001_m_000000_0' done.
2017-02-16 06:21:47,384 INFO org.apache.hadoop.mapred.LocalJobRunner: Finishing task: attempt_local1365262745_0001_m_000000_0
2017-02-16 06:21:47,385 INFO org.apache.hadoop.mapred.LocalJobRunner: Starting task: attempt_local1365262745_0001_m_000001_0
2017-02-16 06:21:47,392 INFO org.apache.hadoop.mapreduce.lib.output.FileOutputCommitter: File Output Committer Algorithm version is 1
2017-02-16 06:21:47,393 INFO org.apache.hadoop.mapred.Task:  Using ResourceCalculatorProcessTree : [ ]
2017-02-16 06:21:47,406 INFO org.apache.hadoop.mapred.MapTask: Processing split: file:/home/cloudera/workspace/Assignment1/input/pg100.txt:0+5589886
2017-02-16 06:21:47,625 INFO org.apache.hadoop.mapred.MapTask: (EQUATOR) 0 kvi 26214396(104857584)
2017-02-16 06:21:47,629 INFO org.apache.hadoop.mapreduce.Job:  map 100% reduce 0%
2017-02-16 06:21:47,650 INFO org.apache.hadoop.mapred.MapTask: mapreduce.task.io.sort.mb: 100
2017-02-16 06:21:47,650 INFO org.apache.hadoop.mapred.MapTask: soft limit at 83886080
2017-02-16 06:21:47,651 INFO org.apache.hadoop.mapred.MapTask: bufstart = 0; bufvoid = 104857600
2017-02-16 06:21:47,651 INFO org.apache.hadoop.mapred.MapTask: kvstart = 26214396; length = 6553600
2017-02-16 06:21:47,663 INFO org.apache.hadoop.mapred.MapTask: Map output collector class = org.apache.hadoop.mapred.MapTask$MapOutputBuffer
2017-02-16 06:21:53,437 INFO org.apache.hadoop.mapred.LocalJobRunner: map > map
2017-02-16 06:21:53,708 INFO org.apache.hadoop.mapreduce.Job:  map 40% reduce 0%
2017-02-16 06:21:56,440 INFO org.apache.hadoop.mapred.LocalJobRunner: map > map
2017-02-16 06:21:56,740 INFO org.apache.hadoop.mapreduce.Job:  map 44% reduce 0%
2017-02-16 06:21:59,457 INFO org.apache.hadoop.mapred.LocalJobRunner: map > map
2017-02-16 06:21:59,758 INFO org.apache.hadoop.mapreduce.Job:  map 48% reduce 0%
2017-02-16 06:22:02,459 INFO org.apache.hadoop.mapred.LocalJobRunner: map > map
2017-02-16 06:22:02,774 INFO org.apache.hadoop.mapreduce.Job:  map 52% reduce 0%
2017-02-16 06:22:05,296 INFO org.apache.hadoop.mapred.LocalJobRunner: map > map
2017-02-16 06:22:05,297 INFO org.apache.hadoop.mapred.MapTask: Starting flush of map output
2017-02-16 06:22:05,298 INFO org.apache.hadoop.mapred.MapTask: Spilling map output
2017-02-16 06:22:05,298 INFO org.apache.hadoop.mapred.MapTask: bufstart = 0; bufend = 16143848; bufvoid = 104857600
2017-02-16 06:22:05,298 INFO org.apache.hadoop.mapred.MapTask: kvstart = 26214396(104857584); kvend = 22013108(88052432); length = 4201289/6553600
2017-02-16 06:22:05,469 INFO org.apache.hadoop.mapred.LocalJobRunner: map > sort
2017-02-16 06:22:05,798 INFO org.apache.hadoop.mapreduce.Job:  map 56% reduce 0%
2017-02-16 06:22:08,479 INFO org.apache.hadoop.mapred.LocalJobRunner: map > sort
2017-02-16 06:22:10,663 INFO org.apache.hadoop.mapred.MapTask: Finished spill 0
2017-02-16 06:22:10,673 INFO org.apache.hadoop.mapred.Task: Task:attempt_local1365262745_0001_m_000001_0 is done. And is in the process of committing
2017-02-16 06:22:10,678 INFO org.apache.hadoop.mapred.LocalJobRunner: map
2017-02-16 06:22:10,680 INFO org.apache.hadoop.mapred.Task: Task 'attempt_local1365262745_0001_m_000001_0' done.
2017-02-16 06:22:10,681 INFO org.apache.hadoop.mapred.LocalJobRunner: Finishing task: attempt_local1365262745_0001_m_000001_0
2017-02-16 06:22:10,681 INFO org.apache.hadoop.mapred.LocalJobRunner: Starting task: attempt_local1365262745_0001_m_000002_0
2017-02-16 06:22:10,689 INFO org.apache.hadoop.mapreduce.lib.output.FileOutputCommitter: File Output Committer Algorithm version is 1
2017-02-16 06:22:10,690 INFO org.apache.hadoop.mapred.Task:  Using ResourceCalculatorProcessTree : [ ]
2017-02-16 06:22:10,698 INFO org.apache.hadoop.mapred.MapTask: Processing split: file:/home/cloudera/workspace/Assignment1/input/pg31100.txt:0+4454047
2017-02-16 06:22:10,849 INFO org.apache.hadoop.mapreduce.Job:  map 100% reduce 0%
2017-02-16 06:22:10,888 INFO org.apache.hadoop.mapred.MapTask: (EQUATOR) 0 kvi 26214396(104857584)
2017-02-16 06:22:10,903 INFO org.apache.hadoop.mapred.MapTask: mapreduce.task.io.sort.mb: 100
2017-02-16 06:22:10,903 INFO org.apache.hadoop.mapred.MapTask: soft limit at 83886080
2017-02-16 06:22:10,904 INFO org.apache.hadoop.mapred.MapTask: bufstart = 0; bufvoid = 104857600
2017-02-16 06:22:10,904 INFO org.apache.hadoop.mapred.MapTask: kvstart = 26214396; length = 6553600
2017-02-16 06:22:10,916 INFO org.apache.hadoop.mapred.MapTask: Map output collector class = org.apache.hadoop.mapred.MapTask$MapOutputBuffer
2017-02-16 06:22:16,723 INFO org.apache.hadoop.mapred.LocalJobRunner: map > map
2017-02-16 06:22:16,889 INFO org.apache.hadoop.mapreduce.Job:  map 77% reduce 0%
2017-02-16 06:22:19,729 INFO org.apache.hadoop.mapred.LocalJobRunner: map > map
2017-02-16 06:22:19,908 INFO org.apache.hadoop.mapreduce.Job:  map 83% reduce 0%
2017-02-16 06:22:22,732 INFO org.apache.hadoop.mapred.LocalJobRunner: map > map
2017-02-16 06:22:22,928 INFO org.apache.hadoop.mapreduce.Job:  map 88% reduce 0%
2017-02-16 06:22:23,283 INFO org.apache.hadoop.mapred.LocalJobRunner: map > map
2017-02-16 06:22:23,285 INFO org.apache.hadoop.mapred.MapTask: Starting flush of map output
2017-02-16 06:22:23,285 INFO org.apache.hadoop.mapred.MapTask: Spilling map output
2017-02-16 06:22:23,286 INFO org.apache.hadoop.mapred.MapTask: bufstart = 0; bufend = 15558548; bufvoid = 104857600
2017-02-16 06:22:23,286 INFO org.apache.hadoop.mapred.MapTask: kvstart = 26214396(104857584); kvend = 22967804(91871216); length = 3246593/6553600
2017-02-16 06:22:25,733 INFO org.apache.hadoop.mapred.LocalJobRunner: map > sort
2017-02-16 06:22:25,955 INFO org.apache.hadoop.mapreduce.Job:  map 89% reduce 0%
2017-02-16 06:22:28,095 INFO org.apache.hadoop.mapred.MapTask: Finished spill 0
2017-02-16 06:22:28,104 INFO org.apache.hadoop.mapred.Task: Task:attempt_local1365262745_0001_m_000002_0 is done. And is in the process of committing
2017-02-16 06:22:28,110 INFO org.apache.hadoop.mapred.LocalJobRunner: map
2017-02-16 06:22:28,112 INFO org.apache.hadoop.mapred.Task: Task 'attempt_local1365262745_0001_m_000002_0' done.
2017-02-16 06:22:28,113 INFO org.apache.hadoop.mapred.LocalJobRunner: Finishing task: attempt_local1365262745_0001_m_000002_0
2017-02-16 06:22:28,114 INFO org.apache.hadoop.mapred.LocalJobRunner: map task executor complete.
2017-02-16 06:22:28,127 INFO org.apache.hadoop.mapred.LocalJobRunner: Waiting for reduce tasks
2017-02-16 06:22:28,128 INFO org.apache.hadoop.mapred.LocalJobRunner: Starting task: attempt_local1365262745_0001_r_000000_0
2017-02-16 06:22:28,192 INFO org.apache.hadoop.mapreduce.lib.output.FileOutputCommitter: File Output Committer Algorithm version is 1
2017-02-16 06:22:28,193 INFO org.apache.hadoop.mapred.Task:  Using ResourceCalculatorProcessTree : [ ]
2017-02-16 06:22:28,228 INFO org.apache.hadoop.mapred.ReduceTask: Using ShuffleConsumerPlugin: org.apache.hadoop.mapreduce.task.reduce.Shuffle@7d5cf78b
2017-02-16 06:22:28,387 INFO org.apache.hadoop.mapreduce.task.reduce.MergeManagerImpl: MergerManager: memoryLimit=261121632, maxSingleShuffleLimit=65280408, mergeThreshold=172340288, ioSortFactor=10, memToMemMergeOutputsThreshold=10
2017-02-16 06:22:28,398 INFO org.apache.hadoop.mapreduce.task.reduce.EventFetcher: attempt_local1365262745_0001_r_000000_0 Thread started: EventFetcher for fetching Map Completion Events
2017-02-16 06:22:28,759 INFO org.apache.hadoop.mapreduce.task.reduce.LocalFetcher: localfetcher#1 about to shuffle output of map attempt_local1365262745_0001_m_000002_0 decomp: 17181848 len: 17181852 to MEMORY
2017-02-16 06:22:28,959 INFO org.apache.hadoop.mapreduce.Job:  map 100% reduce 0%
2017-02-16 06:22:29,081 INFO org.apache.hadoop.mapreduce.task.reduce.InMemoryMapOutput: Read 17181848 bytes from map-output for attempt_local1365262745_0001_m_000002_0
2017-02-16 06:22:29,104 INFO org.apache.hadoop.mapreduce.task.reduce.MergeManagerImpl: closeInMemoryFile -> map-output of size: 17181848, inMemoryMapOutputs.size() -> 1, commitMemory -> 0, usedMemory ->17181848
2017-02-16 06:22:29,376 INFO org.apache.hadoop.mapreduce.task.reduce.LocalFetcher: localfetcher#1 about to shuffle output of map attempt_local1365262745_0001_m_000000_0 decomp: 58196290 len: 58196294 to MEMORY
2017-02-16 06:22:31,243 INFO org.apache.hadoop.mapreduce.task.reduce.InMemoryMapOutput: Read 58196290 bytes from map-output for attempt_local1365262745_0001_m_000000_0
2017-02-16 06:22:31,252 INFO org.apache.hadoop.mapreduce.task.reduce.MergeManagerImpl: closeInMemoryFile -> map-output of size: 58196290, inMemoryMapOutputs.size() -> 2, commitMemory -> 17181848, usedMemory ->75378138
2017-02-16 06:22:31,290 INFO org.apache.hadoop.mapreduce.task.reduce.LocalFetcher: localfetcher#1 about to shuffle output of map attempt_local1365262745_0001_m_000001_0 decomp: 18244496 len: 18244500 to MEMORY
2017-02-16 06:22:31,584 INFO org.apache.hadoop.mapreduce.task.reduce.InMemoryMapOutput: Read 18244496 bytes from map-output for attempt_local1365262745_0001_m_000001_0
2017-02-16 06:22:31,592 INFO org.apache.hadoop.mapreduce.task.reduce.MergeManagerImpl: closeInMemoryFile -> map-output of size: 18244496, inMemoryMapOutputs.size() -> 3, commitMemory -> 75378138, usedMemory ->93622634
2017-02-16 06:22:31,610 INFO org.apache.hadoop.mapreduce.task.reduce.EventFetcher: EventFetcher is interrupted.. Returning
2017-02-16 06:22:31,614 INFO org.apache.hadoop.mapred.LocalJobRunner: 3 / 3 copied.
2017-02-16 06:22:31,614 INFO org.apache.hadoop.mapreduce.task.reduce.MergeManagerImpl: finalMerge called with 3 in-memory map-outputs and 0 on-disk map-outputs
2017-02-16 06:22:31,631 INFO org.apache.hadoop.mapred.Merger: Merging 3 sorted segments
2017-02-16 06:22:31,632 INFO org.apache.hadoop.mapred.Merger: Down to the last merge-pass, with 3 segments left of total size: 93622625 bytes
2017-02-16 06:22:34,208 INFO org.apache.hadoop.mapred.LocalJobRunner: reduce > sort
2017-02-16 06:22:34,987 INFO org.apache.hadoop.mapreduce.Job:  map 100% reduce 41%
2017-02-16 06:22:37,213 INFO org.apache.hadoop.mapred.LocalJobRunner: reduce > sort
2017-02-16 06:22:37,992 INFO org.apache.hadoop.mapreduce.Job:  map 100% reduce 51%
2017-02-16 06:22:40,219 INFO org.apache.hadoop.mapred.LocalJobRunner: reduce > sort
2017-02-16 06:22:41,004 INFO org.apache.hadoop.mapreduce.Job:  map 100% reduce 60%
2017-02-16 06:22:42,366 INFO org.apache.hadoop.mapreduce.task.reduce.MergeManagerImpl: Merged 3 segments, 93622634 bytes to disk to satisfy reduce memory limit
2017-02-16 06:22:42,370 INFO org.apache.hadoop.mapreduce.task.reduce.MergeManagerImpl: Merging 1 files, 93622634 bytes from disk
2017-02-16 06:22:42,383 INFO org.apache.hadoop.mapreduce.task.reduce.MergeManagerImpl: Merging 0 segments, 0 bytes from memory into reduce
2017-02-16 06:22:42,385 INFO org.apache.hadoop.mapred.Merger: Merging 1 sorted segments
2017-02-16 06:22:42,387 INFO org.apache.hadoop.mapred.Merger: Down to the last merge-pass, with 1 segments left of total size: 93622627 bytes
2017-02-16 06:22:42,389 INFO org.apache.hadoop.mapred.LocalJobRunner: reduce > sort
2017-02-16 06:22:42,545 INFO org.apache.hadoop.conf.Configuration.deprecation: mapred.skip.on is deprecated. Instead, use mapreduce.job.skiprecords
2017-02-16 06:22:43,225 INFO org.apache.hadoop.mapred.LocalJobRunner: reduce > reduce
2017-02-16 06:22:44,018 INFO org.apache.hadoop.mapreduce.Job:  map 100% reduce 67%
2017-02-16 06:22:46,229 INFO org.apache.hadoop.mapred.LocalJobRunner: reduce > reduce
2017-02-16 06:22:47,029 INFO org.apache.hadoop.mapreduce.Job:  map 100% reduce 69%
2017-02-16 06:22:49,987 INFO org.apache.hadoop.mapred.LocalJobRunner: reduce > reduce
2017-02-16 06:22:50,043 INFO org.apache.hadoop.mapreduce.Job:  map 100% reduce 75%
2017-02-16 06:22:52,988 INFO org.apache.hadoop.mapred.LocalJobRunner: reduce > reduce
2017-02-16 06:22:53,048 INFO org.apache.hadoop.mapreduce.Job:  map 100% reduce 82%
2017-02-16 06:22:55,993 INFO org.apache.hadoop.mapred.LocalJobRunner: reduce > reduce
2017-02-16 06:22:56,059 INFO org.apache.hadoop.mapreduce.Job:  map 100% reduce 89%
2017-02-16 06:22:59,022 INFO org.apache.hadoop.mapred.LocalJobRunner: reduce > reduce
2017-02-16 06:22:59,079 INFO org.apache.hadoop.mapreduce.Job:  map 100% reduce 96%
2017-02-16 06:23:00,463 INFO org.apache.hadoop.mapred.Task: Task:attempt_local1365262745_0001_r_000000_0 is done. And is in the process of committing
2017-02-16 06:23:00,476 INFO org.apache.hadoop.mapred.LocalJobRunner: reduce > reduce
2017-02-16 06:23:00,476 INFO org.apache.hadoop.mapred.Task: Task attempt_local1365262745_0001_r_000000_0 is allowed to commit now
2017-02-16 06:23:00,488 INFO org.apache.hadoop.mapreduce.lib.output.FileOutputCommitter: Saved output of task 'attempt_local1365262745_0001_r_000000_0' to file:/home/cloudera/workspace/Assignment1/InvertedIndex/output/_temporary/0/task_local1365262745_0001_r_000000
2017-02-16 06:23:00,490 INFO org.apache.hadoop.mapred.LocalJobRunner: reduce > reduce
2017-02-16 06:23:00,492 INFO org.apache.hadoop.mapred.Task: Task 'attempt_local1365262745_0001_r_000000_0' done.
2017-02-16 06:23:00,493 INFO org.apache.hadoop.mapred.LocalJobRunner: Finishing task: attempt_local1365262745_0001_r_000000_0
2017-02-16 06:23:00,493 INFO org.apache.hadoop.mapred.LocalJobRunner: reduce task executor complete.
2017-02-16 06:23:01,088 INFO org.apache.hadoop.mapreduce.Job:  map 100% reduce 100%
2017-02-16 06:23:01,089 INFO org.apache.hadoop.mapreduce.Job: Job job_local1365262745_0001 completed successfully
2017-02-16 06:23:01,176 INFO org.apache.hadoop.mapreduce.Job: Counters: 34
	File System Counters
		FILE: Number of bytes read=509767836
		FILE: Number of bytes written=650762356
		FILE: Number of read operations=0
		FILE: Number of large read operations=0
		FILE: Number of write operations=0
	Map-Reduce Framework
		Map input records=507535
		Map output records=4821436
		Map output bytes=83979756
		Map output materialized bytes=93622646
		Input split bytes=369
		Combine input records=0
		Combine output records=0
		Reduce input groups=55642
		Reduce shuffle bytes=93622646
		Reduce input records=4821436
		Reduce output records=55642
		Spilled Records=12602336
		Shuffled Maps =3
		Failed Shuffles=0
		Merged Map outputs=3
		GC time elapsed (ms)=3009
		CPU time spent (ms)=0
		Physical memory (bytes) snapshot=0
		Virtual memory (bytes) snapshot=0
		Total committed heap usage (bytes)=615186432
	BDPA.InvertedIndex$COUNTER
		COUNT_UNIQUE_WORD=35724
	Shuffle Errors
		BAD_ID=0
		CONNECTION=0
		IO_ERROR=0
		WRONG_LENGTH=0
		WRONG_MAP=0
		WRONG_REDUCE=0
	File Input Format Counters 
		Bytes Read=26057865
	File Output Format Counters 
		Bytes Written=1411086
