2017-02-16 06:44:53,029 WARN org.apache.hadoop.util.NativeCodeLoader: Unable to load native-hadoop library for your platform... using builtin-java classes where applicable
2017-02-16 06:44:55,981 INFO org.apache.hadoop.conf.Configuration.deprecation: session.id is deprecated. Instead, use dfs.metrics.session-id
2017-02-16 06:44:56,019 INFO org.apache.hadoop.metrics.jvm.JvmMetrics: Initializing JVM Metrics with processName=JobTracker, sessionId=
2017-02-16 06:44:58,315 WARN org.apache.hadoop.mapreduce.JobResourceUploader: No job jar file set.  User classes may not be found. See Job or Job#setJar(String).
2017-02-16 06:44:58,692 INFO org.apache.hadoop.mapreduce.lib.input.FileInputFormat: Total input paths to process : 3
2017-02-16 06:44:59,041 INFO org.apache.hadoop.mapreduce.JobSubmitter: number of splits:3
2017-02-16 06:45:01,077 INFO org.apache.hadoop.mapreduce.JobSubmitter: Submitting tokens for job: job_local1893464747_0001
2017-02-16 06:45:03,307 INFO org.apache.hadoop.mapreduce.Job: The url to track the job: http://localhost:8080/
2017-02-16 06:45:03,325 INFO org.apache.hadoop.mapred.LocalJobRunner: OutputCommitter set in config null
2017-02-16 06:45:03,326 INFO org.apache.hadoop.mapreduce.Job: Running job: job_local1893464747_0001
2017-02-16 06:45:03,404 INFO org.apache.hadoop.mapreduce.lib.output.FileOutputCommitter: File Output Committer Algorithm version is 1
2017-02-16 06:45:03,437 INFO org.apache.hadoop.mapred.LocalJobRunner: OutputCommitter is org.apache.hadoop.mapreduce.lib.output.FileOutputCommitter
2017-02-16 06:45:04,026 INFO org.apache.hadoop.mapred.LocalJobRunner: Waiting for map tasks
2017-02-16 06:45:04,029 INFO org.apache.hadoop.mapred.LocalJobRunner: Starting task: attempt_local1893464747_0001_m_000000_0
2017-02-16 06:45:04,369 INFO org.apache.hadoop.mapreduce.Job: Job job_local1893464747_0001 running in uber mode : false
2017-02-16 06:45:04,387 INFO org.apache.hadoop.mapreduce.Job:  map 0% reduce 0%
2017-02-16 06:45:04,417 INFO org.apache.hadoop.mapreduce.lib.output.FileOutputCommitter: File Output Committer Algorithm version is 1
2017-02-16 06:45:04,551 INFO org.apache.hadoop.mapred.Task:  Using ResourceCalculatorProcessTree : [ ]
2017-02-16 06:45:04,589 INFO org.apache.hadoop.mapred.MapTask: Processing split: file:/home/cloudera/workspace/Assignment1/input/pg3200.txt:0+16013932
2017-02-16 06:45:05,509 INFO org.apache.hadoop.mapred.MapTask: (EQUATOR) 0 kvi 26214396(104857584)
2017-02-16 06:45:05,509 INFO org.apache.hadoop.mapred.MapTask: mapreduce.task.io.sort.mb: 100
2017-02-16 06:45:05,509 INFO org.apache.hadoop.mapred.MapTask: soft limit at 83886080
2017-02-16 06:45:05,509 INFO org.apache.hadoop.mapred.MapTask: bufstart = 0; bufvoid = 104857600
2017-02-16 06:45:05,510 INFO org.apache.hadoop.mapred.MapTask: kvstart = 26214396; length = 6553600
2017-02-16 06:45:05,984 INFO org.apache.hadoop.mapred.MapTask: Map output collector class = org.apache.hadoop.mapred.MapTask$MapOutputBuffer
2017-02-16 06:45:11,470 INFO org.apache.hadoop.mapred.LocalJobRunner: map > map
2017-02-16 06:45:14,480 INFO org.apache.hadoop.mapred.LocalJobRunner: map > map
2017-02-16 06:45:15,974 INFO org.apache.hadoop.mapreduce.Job:  map 1% reduce 0%
2017-02-16 06:45:17,617 INFO org.apache.hadoop.mapred.LocalJobRunner: map > map
2017-02-16 06:45:20,858 INFO org.apache.hadoop.mapred.LocalJobRunner: map > map
2017-02-16 06:45:23,859 INFO org.apache.hadoop.mapred.LocalJobRunner: map > map
2017-02-16 06:45:24,596 INFO org.apache.hadoop.mapreduce.Job:  map 2% reduce 0%
2017-02-16 06:45:26,860 INFO org.apache.hadoop.mapred.LocalJobRunner: map > map
2017-02-16 06:45:27,599 INFO org.apache.hadoop.mapreduce.Job:  map 3% reduce 0%
2017-02-16 06:45:29,862 INFO org.apache.hadoop.mapred.LocalJobRunner: map > map
2017-02-16 06:45:30,603 INFO org.apache.hadoop.mapreduce.Job:  map 4% reduce 0%
2017-02-16 06:45:32,862 INFO org.apache.hadoop.mapred.LocalJobRunner: map > map
2017-02-16 06:45:33,606 INFO org.apache.hadoop.mapreduce.Job:  map 5% reduce 0%
2017-02-16 06:45:35,866 INFO org.apache.hadoop.mapred.LocalJobRunner: map > map
2017-02-16 06:45:36,940 INFO org.apache.hadoop.mapreduce.Job:  map 6% reduce 0%
2017-02-16 06:45:38,871 INFO org.apache.hadoop.mapred.LocalJobRunner: map > map
2017-02-16 06:45:41,874 INFO org.apache.hadoop.mapred.LocalJobRunner: map > map
2017-02-16 06:45:42,696 INFO org.apache.hadoop.mapreduce.Job:  map 7% reduce 0%
2017-02-16 06:45:45,132 INFO org.apache.hadoop.mapred.LocalJobRunner: map > map
2017-02-16 06:45:48,134 INFO org.apache.hadoop.mapred.LocalJobRunner: map > map
2017-02-16 06:45:48,731 INFO org.apache.hadoop.mapreduce.Job:  map 8% reduce 0%
2017-02-16 06:45:51,135 INFO org.apache.hadoop.mapred.LocalJobRunner: map > map
2017-02-16 06:45:51,733 INFO org.apache.hadoop.mapreduce.Job:  map 9% reduce 0%
2017-02-16 06:45:54,136 INFO org.apache.hadoop.mapred.LocalJobRunner: map > map
2017-02-16 06:45:54,735 INFO org.apache.hadoop.mapreduce.Job:  map 10% reduce 0%
2017-02-16 06:45:57,139 INFO org.apache.hadoop.mapred.LocalJobRunner: map > map
2017-02-16 06:45:57,795 INFO org.apache.hadoop.mapreduce.Job:  map 11% reduce 0%
2017-02-16 06:46:00,140 INFO org.apache.hadoop.mapred.LocalJobRunner: map > map
2017-02-16 06:46:03,176 INFO org.apache.hadoop.mapred.LocalJobRunner: map > map
2017-02-16 06:46:03,944 INFO org.apache.hadoop.mapreduce.Job:  map 12% reduce 0%
2017-02-16 06:46:06,183 INFO org.apache.hadoop.mapred.LocalJobRunner: map > map
2017-02-16 06:46:06,948 INFO org.apache.hadoop.mapreduce.Job:  map 13% reduce 0%
2017-02-16 06:46:09,190 INFO org.apache.hadoop.mapred.LocalJobRunner: map > map
2017-02-16 06:46:09,953 INFO org.apache.hadoop.mapreduce.Job:  map 14% reduce 0%
2017-02-16 06:46:12,192 INFO org.apache.hadoop.mapred.LocalJobRunner: map > map
2017-02-16 06:46:15,195 INFO org.apache.hadoop.mapred.LocalJobRunner: map > map
2017-02-16 06:46:15,968 INFO org.apache.hadoop.mapreduce.Job:  map 15% reduce 0%
2017-02-16 06:46:18,198 INFO org.apache.hadoop.mapred.LocalJobRunner: map > map
2017-02-16 06:46:18,973 INFO org.apache.hadoop.mapreduce.Job:  map 16% reduce 0%
2017-02-16 06:46:21,201 INFO org.apache.hadoop.mapred.LocalJobRunner: map > map
2017-02-16 06:46:21,977 INFO org.apache.hadoop.mapreduce.Job:  map 17% reduce 0%
2017-02-16 06:46:24,219 INFO org.apache.hadoop.mapred.LocalJobRunner: map > map
2017-02-16 06:46:27,221 INFO org.apache.hadoop.mapred.LocalJobRunner: map > map
2017-02-16 06:46:27,989 INFO org.apache.hadoop.mapreduce.Job:  map 18% reduce 0%
2017-02-16 06:46:30,223 INFO org.apache.hadoop.mapred.LocalJobRunner: map > map
2017-02-16 06:46:30,789 INFO org.apache.hadoop.mapred.MapTask: Spilling map output
2017-02-16 06:46:30,790 INFO org.apache.hadoop.mapred.MapTask: bufstart = 0; bufend = 44283498; bufvoid = 104857600
2017-02-16 06:46:30,791 INFO org.apache.hadoop.mapred.MapTask: kvstart = 26214396(104857584); kvend = 16313752(65255008); length = 9900645/6553600
2017-02-16 06:46:30,793 INFO org.apache.hadoop.mapred.MapTask: (EQUATOR) 54451482 kvi 13612864(54451456)
2017-02-16 06:46:30,992 INFO org.apache.hadoop.mapreduce.Job:  map 19% reduce 0%
2017-02-16 06:46:33,243 INFO org.apache.hadoop.mapred.LocalJobRunner: map > map
2017-02-16 06:46:34,051 INFO org.apache.hadoop.mapreduce.Job:  map 20% reduce 0%
2017-02-16 06:46:36,267 INFO org.apache.hadoop.mapred.LocalJobRunner: map > map
2017-02-16 06:46:39,297 INFO org.apache.hadoop.mapred.LocalJobRunner: map > map
2017-02-16 06:46:42,298 INFO org.apache.hadoop.mapred.LocalJobRunner: map > map
2017-02-16 06:46:43,147 INFO org.apache.hadoop.mapreduce.Job:  map 21% reduce 0%
2017-02-16 06:46:45,300 INFO org.apache.hadoop.mapred.LocalJobRunner: map > map
2017-02-16 06:46:46,160 INFO org.apache.hadoop.mapreduce.Job:  map 22% reduce 0%
2017-02-16 06:46:48,307 INFO org.apache.hadoop.mapred.LocalJobRunner: map > map
2017-02-16 06:46:49,367 INFO org.apache.hadoop.mapred.LocalJobRunner: map > map
2017-02-16 06:46:49,378 INFO org.apache.hadoop.mapred.MapTask: Starting flush of map output
2017-02-16 06:46:51,309 INFO org.apache.hadoop.mapred.LocalJobRunner: map > sort
2017-02-16 06:46:54,310 INFO org.apache.hadoop.mapred.LocalJobRunner: map > sort
2017-02-16 06:46:57,312 INFO org.apache.hadoop.mapred.LocalJobRunner: map > sort
2017-02-16 06:47:00,315 INFO org.apache.hadoop.mapred.LocalJobRunner: map > sort
2017-02-16 06:47:06,381 INFO org.apache.hadoop.mapred.MapTask: Finished spill 0
2017-02-16 06:47:06,388 INFO org.apache.hadoop.mapred.MapTask: (RESET) equator 54451482 kv 13612864(54451456) kvi 12099216(48396864)
2017-02-16 06:47:06,388 INFO org.apache.hadoop.mapred.MapTask: Spilling map output
2017-02-16 06:47:06,388 INFO org.apache.hadoop.mapred.MapTask: bufstart = 54451482; bufend = 61175425; bufvoid = 104857600
2017-02-16 06:47:06,388 INFO org.apache.hadoop.mapred.MapTask: kvstart = 13612864(54451456); kvend = 12099220(48396880); length = 1513645/6553600
2017-02-16 06:47:09,939 INFO org.apache.hadoop.mapred.MapTask: Finished spill 1
2017-02-16 06:47:10,359 INFO org.apache.hadoop.mapred.Merger: Merging 2 sorted segments
2017-02-16 06:47:10,623 INFO org.apache.hadoop.mapred.Merger: Down to the last merge-pass, with 2 segments left of total size: 56714595 bytes
2017-02-16 06:47:12,323 INFO org.apache.hadoop.mapred.LocalJobRunner: map > sort > 
2017-02-16 06:47:15,369 INFO org.apache.hadoop.mapred.LocalJobRunner: map > sort > 
2017-02-16 06:47:16,207 INFO org.apache.hadoop.mapreduce.Job:  map 24% reduce 0%
2017-02-16 06:47:18,371 INFO org.apache.hadoop.mapred.LocalJobRunner: map > sort > 
2017-02-16 06:47:19,216 INFO org.apache.hadoop.mapreduce.Job:  map 25% reduce 0%
2017-02-16 06:47:21,373 INFO org.apache.hadoop.mapred.LocalJobRunner: map > sort > 
2017-02-16 06:47:22,236 INFO org.apache.hadoop.mapreduce.Job:  map 27% reduce 0%
2017-02-16 06:47:24,375 INFO org.apache.hadoop.mapred.LocalJobRunner: map > sort > 
2017-02-16 06:47:25,296 INFO org.apache.hadoop.mapreduce.Job:  map 28% reduce 0%
2017-02-16 06:47:27,377 INFO org.apache.hadoop.mapred.LocalJobRunner: map > sort > 
2017-02-16 06:47:28,300 INFO org.apache.hadoop.mapreduce.Job:  map 30% reduce 0%
2017-02-16 06:47:30,378 INFO org.apache.hadoop.mapred.LocalJobRunner: map > sort > 
2017-02-16 06:47:31,320 INFO org.apache.hadoop.mapreduce.Job:  map 31% reduce 0%
2017-02-16 06:47:33,463 INFO org.apache.hadoop.mapred.LocalJobRunner: map > sort > 
2017-02-16 06:47:34,323 INFO org.apache.hadoop.mapreduce.Job:  map 33% reduce 0%
2017-02-16 06:47:34,415 INFO org.apache.hadoop.mapred.Task: Task:attempt_local1893464747_0001_m_000000_0 is done. And is in the process of committing
2017-02-16 06:47:34,443 INFO org.apache.hadoop.mapred.LocalJobRunner: map > sort
2017-02-16 06:47:34,456 INFO org.apache.hadoop.mapred.Task: Task 'attempt_local1893464747_0001_m_000000_0' done.
2017-02-16 06:47:34,467 INFO org.apache.hadoop.mapred.LocalJobRunner: Finishing task: attempt_local1893464747_0001_m_000000_0
2017-02-16 06:47:34,468 INFO org.apache.hadoop.mapred.LocalJobRunner: Starting task: attempt_local1893464747_0001_m_000001_0
2017-02-16 06:47:34,578 INFO org.apache.hadoop.mapreduce.lib.output.FileOutputCommitter: File Output Committer Algorithm version is 1
2017-02-16 06:47:34,584 INFO org.apache.hadoop.mapred.Task:  Using ResourceCalculatorProcessTree : [ ]
2017-02-16 06:47:34,628 INFO org.apache.hadoop.mapred.MapTask: Processing split: file:/home/cloudera/workspace/Assignment1/input/pg100.txt:0+5589886
2017-02-16 06:47:35,099 INFO org.apache.hadoop.mapred.MapTask: (EQUATOR) 0 kvi 26214396(104857584)
2017-02-16 06:47:35,100 INFO org.apache.hadoop.mapred.MapTask: mapreduce.task.io.sort.mb: 100
2017-02-16 06:47:35,101 INFO org.apache.hadoop.mapred.MapTask: soft limit at 83886080
2017-02-16 06:47:35,101 INFO org.apache.hadoop.mapred.MapTask: bufstart = 0; bufvoid = 104857600
2017-02-16 06:47:35,102 INFO org.apache.hadoop.mapred.MapTask: kvstart = 26214396; length = 6553600
2017-02-16 06:47:35,111 INFO org.apache.hadoop.mapred.MapTask: Map output collector class = org.apache.hadoop.mapred.MapTask$MapOutputBuffer
2017-02-16 06:47:35,368 INFO org.apache.hadoop.mapreduce.Job:  map 100% reduce 0%
2017-02-16 06:47:40,595 INFO org.apache.hadoop.mapred.LocalJobRunner: map > map
2017-02-16 06:47:41,381 INFO org.apache.hadoop.mapreduce.Job:  map 36% reduce 0%
2017-02-16 06:47:43,599 INFO org.apache.hadoop.mapred.LocalJobRunner: map > map
2017-02-16 06:47:44,385 INFO org.apache.hadoop.mapreduce.Job:  map 37% reduce 0%
2017-02-16 06:47:46,601 INFO org.apache.hadoop.mapred.LocalJobRunner: map > map
2017-02-16 06:47:47,388 INFO org.apache.hadoop.mapreduce.Job:  map 39% reduce 0%
2017-02-16 06:47:49,603 INFO org.apache.hadoop.mapred.LocalJobRunner: map > map
2017-02-16 06:47:50,390 INFO org.apache.hadoop.mapreduce.Job:  map 41% reduce 0%
2017-02-16 06:47:52,605 INFO org.apache.hadoop.mapred.LocalJobRunner: map > map
2017-02-16 06:47:53,393 INFO org.apache.hadoop.mapreduce.Job:  map 43% reduce 0%
2017-02-16 06:47:55,607 INFO org.apache.hadoop.mapred.LocalJobRunner: map > map
2017-02-16 06:47:56,406 INFO org.apache.hadoop.mapreduce.Job:  map 44% reduce 0%
2017-02-16 06:47:58,608 INFO org.apache.hadoop.mapred.LocalJobRunner: map > map
2017-02-16 06:47:59,408 INFO org.apache.hadoop.mapreduce.Job:  map 46% reduce 0%
2017-02-16 06:48:01,609 INFO org.apache.hadoop.mapred.LocalJobRunner: map > map
2017-02-16 06:48:02,409 INFO org.apache.hadoop.mapreduce.Job:  map 48% reduce 0%
2017-02-16 06:48:04,610 INFO org.apache.hadoop.mapred.LocalJobRunner: map > map
2017-02-16 06:48:05,411 INFO org.apache.hadoop.mapreduce.Job:  map 50% reduce 0%
2017-02-16 06:48:07,612 INFO org.apache.hadoop.mapred.LocalJobRunner: map > map
2017-02-16 06:48:08,414 INFO org.apache.hadoop.mapreduce.Job:  map 52% reduce 0%
2017-02-16 06:48:10,615 INFO org.apache.hadoop.mapred.LocalJobRunner: map > map
2017-02-16 06:48:11,438 INFO org.apache.hadoop.mapreduce.Job:  map 54% reduce 0%
2017-02-16 06:48:12,953 INFO org.apache.hadoop.mapred.LocalJobRunner: map > map
2017-02-16 06:48:12,957 INFO org.apache.hadoop.mapred.MapTask: Starting flush of map output
2017-02-16 06:48:12,960 INFO org.apache.hadoop.mapred.MapTask: Spilling map output
2017-02-16 06:48:12,961 INFO org.apache.hadoop.mapred.MapTask: bufstart = 0; bufend = 15767742; bufvoid = 104857600
2017-02-16 06:48:12,962 INFO org.apache.hadoop.mapred.MapTask: kvstart = 26214396(104857584); kvend = 22127192(88508768); length = 4087205/6553600
2017-02-16 06:48:13,616 INFO org.apache.hadoop.mapred.LocalJobRunner: map > sort
2017-02-16 06:48:14,441 INFO org.apache.hadoop.mapreduce.Job:  map 56% reduce 0%
2017-02-16 06:48:16,617 INFO org.apache.hadoop.mapred.LocalJobRunner: map > sort
2017-02-16 06:48:19,618 INFO org.apache.hadoop.mapred.LocalJobRunner: map > sort
2017-02-16 06:48:22,618 INFO org.apache.hadoop.mapred.LocalJobRunner: map > sort
2017-02-16 06:48:22,928 INFO org.apache.hadoop.mapred.MapTask: Finished spill 0
2017-02-16 06:48:22,938 INFO org.apache.hadoop.mapred.Task: Task:attempt_local1893464747_0001_m_000001_0 is done. And is in the process of committing
2017-02-16 06:48:22,988 INFO org.apache.hadoop.mapred.LocalJobRunner: map
2017-02-16 06:48:22,990 INFO org.apache.hadoop.mapred.Task: Task 'attempt_local1893464747_0001_m_000001_0' done.
2017-02-16 06:48:22,993 INFO org.apache.hadoop.mapred.LocalJobRunner: Finishing task: attempt_local1893464747_0001_m_000001_0
2017-02-16 06:48:22,995 INFO org.apache.hadoop.mapred.LocalJobRunner: Starting task: attempt_local1893464747_0001_m_000002_0
2017-02-16 06:48:23,017 INFO org.apache.hadoop.mapreduce.lib.output.FileOutputCommitter: File Output Committer Algorithm version is 1
2017-02-16 06:48:23,031 INFO org.apache.hadoop.mapred.Task:  Using ResourceCalculatorProcessTree : [ ]
2017-02-16 06:48:23,064 INFO org.apache.hadoop.mapred.MapTask: Processing split: file:/home/cloudera/workspace/Assignment1/input/pg31100.txt:0+4454047
2017-02-16 06:48:23,413 INFO org.apache.hadoop.mapred.MapTask: (EQUATOR) 0 kvi 26214396(104857584)
2017-02-16 06:48:23,414 INFO org.apache.hadoop.mapred.MapTask: mapreduce.task.io.sort.mb: 100
2017-02-16 06:48:23,414 INFO org.apache.hadoop.mapred.MapTask: soft limit at 83886080
2017-02-16 06:48:23,414 INFO org.apache.hadoop.mapred.MapTask: bufstart = 0; bufvoid = 104857600
2017-02-16 06:48:23,416 INFO org.apache.hadoop.mapred.MapTask: kvstart = 26214396; length = 6553600
2017-02-16 06:48:23,425 INFO org.apache.hadoop.mapred.MapTask: Map output collector class = org.apache.hadoop.mapred.MapTask$MapOutputBuffer
2017-02-16 06:48:23,449 INFO org.apache.hadoop.mapreduce.Job:  map 100% reduce 0%
2017-02-16 06:48:29,022 INFO org.apache.hadoop.mapred.LocalJobRunner: map > map
2017-02-16 06:48:29,463 INFO org.apache.hadoop.mapreduce.Job:  map 72% reduce 0%
2017-02-16 06:48:32,024 INFO org.apache.hadoop.mapred.LocalJobRunner: map > map
2017-02-16 06:48:32,465 INFO org.apache.hadoop.mapreduce.Job:  map 75% reduce 0%
2017-02-16 06:48:35,025 INFO org.apache.hadoop.mapred.LocalJobRunner: map > map
2017-02-16 06:48:35,467 INFO org.apache.hadoop.mapreduce.Job:  map 78% reduce 0%
2017-02-16 06:48:38,026 INFO org.apache.hadoop.mapred.LocalJobRunner: map > map
2017-02-16 06:48:38,469 INFO org.apache.hadoop.mapreduce.Job:  map 81% reduce 0%
2017-02-16 06:48:41,027 INFO org.apache.hadoop.mapred.LocalJobRunner: map > map
2017-02-16 06:48:41,472 INFO org.apache.hadoop.mapreduce.Job:  map 84% reduce 0%
2017-02-16 06:48:44,029 INFO org.apache.hadoop.mapred.LocalJobRunner: map > map
2017-02-16 06:48:44,474 INFO org.apache.hadoop.mapreduce.Job:  map 86% reduce 0%
2017-02-16 06:48:47,032 INFO org.apache.hadoop.mapred.LocalJobRunner: map > map
2017-02-16 06:48:47,061 INFO org.apache.hadoop.mapred.LocalJobRunner: map > map
2017-02-16 06:48:47,062 INFO org.apache.hadoop.mapred.MapTask: Starting flush of map output
2017-02-16 06:48:47,063 INFO org.apache.hadoop.mapred.MapTask: Spilling map output
2017-02-16 06:48:47,063 INFO org.apache.hadoop.mapred.MapTask: bufstart = 0; bufend = 15304553; bufvoid = 104857600
2017-02-16 06:48:47,063 INFO org.apache.hadoop.mapred.MapTask: kvstart = 26214396(104857584); kvend = 23043300(92173200); length = 3171097/6553600
2017-02-16 06:48:47,477 INFO org.apache.hadoop.mapreduce.Job:  map 89% reduce 0%
2017-02-16 06:48:50,032 INFO org.apache.hadoop.mapred.LocalJobRunner: map > sort
2017-02-16 06:48:53,035 INFO org.apache.hadoop.mapred.LocalJobRunner: map > sort
2017-02-16 06:48:55,012 INFO org.apache.hadoop.mapred.MapTask: Finished spill 0
2017-02-16 06:48:55,024 INFO org.apache.hadoop.mapred.Task: Task:attempt_local1893464747_0001_m_000002_0 is done. And is in the process of committing
2017-02-16 06:48:55,031 INFO org.apache.hadoop.mapred.LocalJobRunner: map
2017-02-16 06:48:55,033 INFO org.apache.hadoop.mapred.Task: Task 'attempt_local1893464747_0001_m_000002_0' done.
2017-02-16 06:48:55,034 INFO org.apache.hadoop.mapred.LocalJobRunner: Finishing task: attempt_local1893464747_0001_m_000002_0
2017-02-16 06:48:55,037 INFO org.apache.hadoop.mapred.LocalJobRunner: map task executor complete.
2017-02-16 06:48:55,105 INFO org.apache.hadoop.mapred.LocalJobRunner: Waiting for reduce tasks
2017-02-16 06:48:55,105 INFO org.apache.hadoop.mapred.LocalJobRunner: Starting task: attempt_local1893464747_0001_r_000000_0
2017-02-16 06:48:55,182 INFO org.apache.hadoop.mapreduce.lib.output.FileOutputCommitter: File Output Committer Algorithm version is 1
2017-02-16 06:48:55,183 INFO org.apache.hadoop.mapred.Task:  Using ResourceCalculatorProcessTree : [ ]
2017-02-16 06:48:55,226 INFO org.apache.hadoop.mapred.ReduceTask: Using ShuffleConsumerPlugin: org.apache.hadoop.mapreduce.task.reduce.Shuffle@1d634758
2017-02-16 06:48:55,394 INFO org.apache.hadoop.mapreduce.task.reduce.MergeManagerImpl: MergerManager: memoryLimit=261121632, maxSingleShuffleLimit=65280408, mergeThreshold=172340288, ioSortFactor=10, memToMemMergeOutputsThreshold=10
2017-02-16 06:48:55,436 INFO org.apache.hadoop.mapreduce.task.reduce.EventFetcher: attempt_local1893464747_0001_r_000000_0 Thread started: EventFetcher for fetching Map Completion Events
2017-02-16 06:48:55,485 INFO org.apache.hadoop.mapreduce.Job:  map 100% reduce 0%
2017-02-16 06:48:55,818 INFO org.apache.hadoop.mapreduce.task.reduce.LocalFetcher: localfetcher#1 about to shuffle output of map attempt_local1893464747_0001_m_000001_0 decomp: 17811348 len: 17811352 to MEMORY
2017-02-16 06:48:56,203 INFO org.apache.hadoop.mapreduce.task.reduce.InMemoryMapOutput: Read 17811348 bytes from map-output for attempt_local1893464747_0001_m_000001_0
2017-02-16 06:48:56,218 INFO org.apache.hadoop.mapreduce.task.reduce.MergeManagerImpl: closeInMemoryFile -> map-output of size: 17811348, inMemoryMapOutputs.size() -> 1, commitMemory -> 0, usedMemory ->17811348
2017-02-16 06:48:56,259 INFO org.apache.hadoop.mapreduce.task.reduce.LocalFetcher: localfetcher#1 about to shuffle output of map attempt_local1893464747_0001_m_000002_0 decomp: 16890105 len: 16890109 to MEMORY
2017-02-16 06:48:56,540 INFO org.apache.hadoop.mapreduce.task.reduce.InMemoryMapOutput: Read 16890105 bytes from map-output for attempt_local1893464747_0001_m_000002_0
2017-02-16 06:48:56,542 INFO org.apache.hadoop.mapreduce.task.reduce.MergeManagerImpl: closeInMemoryFile -> map-output of size: 16890105, inMemoryMapOutputs.size() -> 2, commitMemory -> 17811348, usedMemory ->34701453
2017-02-16 06:48:57,091 INFO org.apache.hadoop.mapreduce.task.reduce.LocalFetcher: localfetcher#1 about to shuffle output of map attempt_local1893464747_0001_m_000000_0 decomp: 56714591 len: 56714595 to MEMORY
2017-02-16 06:48:58,884 INFO org.apache.hadoop.mapreduce.task.reduce.InMemoryMapOutput: Read 56714591 bytes from map-output for attempt_local1893464747_0001_m_000000_0
2017-02-16 06:48:58,887 INFO org.apache.hadoop.mapreduce.task.reduce.MergeManagerImpl: closeInMemoryFile -> map-output of size: 56714591, inMemoryMapOutputs.size() -> 3, commitMemory -> 34701453, usedMemory ->91416044
2017-02-16 06:48:58,889 INFO org.apache.hadoop.mapreduce.task.reduce.EventFetcher: EventFetcher is interrupted.. Returning
2017-02-16 06:48:58,893 INFO org.apache.hadoop.mapred.LocalJobRunner: 3 / 3 copied.
2017-02-16 06:48:58,898 INFO org.apache.hadoop.mapreduce.task.reduce.MergeManagerImpl: finalMerge called with 3 in-memory map-outputs and 0 on-disk map-outputs
2017-02-16 06:48:59,013 INFO org.apache.hadoop.mapred.Merger: Merging 3 sorted segments
2017-02-16 06:48:59,013 INFO org.apache.hadoop.mapred.Merger: Down to the last merge-pass, with 3 segments left of total size: 91416035 bytes
2017-02-16 06:49:01,193 INFO org.apache.hadoop.mapred.LocalJobRunner: reduce > sort
2017-02-16 06:49:01,491 INFO org.apache.hadoop.mapreduce.Job:  map 100% reduce 36%
2017-02-16 06:49:04,195 INFO org.apache.hadoop.mapred.LocalJobRunner: reduce > sort
2017-02-16 06:49:04,493 INFO org.apache.hadoop.mapreduce.Job:  map 100% reduce 41%
2017-02-16 06:49:07,196 INFO org.apache.hadoop.mapred.LocalJobRunner: reduce > sort
2017-02-16 06:49:07,496 INFO org.apache.hadoop.mapreduce.Job:  map 100% reduce 46%
2017-02-16 06:49:10,197 INFO org.apache.hadoop.mapred.LocalJobRunner: reduce > sort
2017-02-16 06:49:10,498 INFO org.apache.hadoop.mapreduce.Job:  map 100% reduce 52%
2017-02-16 06:49:13,197 INFO org.apache.hadoop.mapred.LocalJobRunner: reduce > sort
2017-02-16 06:49:13,501 INFO org.apache.hadoop.mapreduce.Job:  map 100% reduce 57%
2017-02-16 06:49:16,199 INFO org.apache.hadoop.mapred.LocalJobRunner: reduce > sort
2017-02-16 06:49:16,503 INFO org.apache.hadoop.mapreduce.Job:  map 100% reduce 62%
2017-02-16 06:49:18,707 INFO org.apache.hadoop.mapreduce.task.reduce.MergeManagerImpl: Merged 3 segments, 91416044 bytes to disk to satisfy reduce memory limit
2017-02-16 06:49:18,720 INFO org.apache.hadoop.mapreduce.task.reduce.MergeManagerImpl: Merging 1 files, 91416044 bytes from disk
2017-02-16 06:49:18,756 INFO org.apache.hadoop.mapreduce.task.reduce.MergeManagerImpl: Merging 0 segments, 0 bytes from memory into reduce
2017-02-16 06:49:18,756 INFO org.apache.hadoop.mapred.Merger: Merging 1 sorted segments
2017-02-16 06:49:18,770 INFO org.apache.hadoop.mapred.Merger: Down to the last merge-pass, with 1 segments left of total size: 91416037 bytes
2017-02-16 06:49:18,772 INFO org.apache.hadoop.mapred.LocalJobRunner: reduce > sort
2017-02-16 06:49:18,951 INFO org.apache.hadoop.conf.Configuration.deprecation: mapred.skip.on is deprecated. Instead, use mapreduce.job.skiprecords
2017-02-16 06:49:19,201 INFO org.apache.hadoop.mapred.LocalJobRunner: reduce > reduce
2017-02-16 06:49:19,506 INFO org.apache.hadoop.mapreduce.Job:  map 100% reduce 67%
2017-02-16 06:49:22,475 INFO org.apache.hadoop.mapred.LocalJobRunner: reduce > reduce
2017-02-16 06:49:22,508 INFO org.apache.hadoop.mapreduce.Job:  map 100% reduce 68%
2017-02-16 06:49:25,501 INFO org.apache.hadoop.mapred.LocalJobRunner: reduce > reduce
2017-02-16 06:49:25,512 INFO org.apache.hadoop.mapreduce.Job:  map 100% reduce 70%
2017-02-16 06:49:28,505 INFO org.apache.hadoop.mapred.LocalJobRunner: reduce > reduce
2017-02-16 06:49:28,517 INFO org.apache.hadoop.mapreduce.Job:  map 100% reduce 73%
2017-02-16 06:49:31,508 INFO org.apache.hadoop.mapred.LocalJobRunner: reduce > reduce
2017-02-16 06:49:31,520 INFO org.apache.hadoop.mapreduce.Job:  map 100% reduce 76%
2017-02-16 06:49:34,509 INFO org.apache.hadoop.mapred.LocalJobRunner: reduce > reduce
2017-02-16 06:49:34,522 INFO org.apache.hadoop.mapreduce.Job:  map 100% reduce 79%
2017-02-16 06:49:37,510 INFO org.apache.hadoop.mapred.LocalJobRunner: reduce > reduce
2017-02-16 06:49:37,525 INFO org.apache.hadoop.mapreduce.Job:  map 100% reduce 82%
2017-02-16 06:49:40,510 INFO org.apache.hadoop.mapred.LocalJobRunner: reduce > reduce
2017-02-16 06:49:40,528 INFO org.apache.hadoop.mapreduce.Job:  map 100% reduce 85%
2017-02-16 06:49:43,511 INFO org.apache.hadoop.mapred.LocalJobRunner: reduce > reduce
2017-02-16 06:49:43,532 INFO org.apache.hadoop.mapreduce.Job:  map 100% reduce 88%
2017-02-16 06:49:46,513 INFO org.apache.hadoop.mapred.LocalJobRunner: reduce > reduce
2017-02-16 06:49:46,535 INFO org.apache.hadoop.mapreduce.Job:  map 100% reduce 92%
2017-02-16 06:49:49,514 INFO org.apache.hadoop.mapred.LocalJobRunner: reduce > reduce
2017-02-16 06:49:49,537 INFO org.apache.hadoop.mapreduce.Job:  map 100% reduce 95%
2017-02-16 06:49:52,516 INFO org.apache.hadoop.mapred.LocalJobRunner: reduce > reduce
2017-02-16 06:49:52,540 INFO org.apache.hadoop.mapreduce.Job:  map 100% reduce 99%
2017-02-16 06:49:53,494 INFO org.apache.hadoop.mapred.Task: Task:attempt_local1893464747_0001_r_000000_0 is done. And is in the process of committing
2017-02-16 06:49:53,504 INFO org.apache.hadoop.mapred.LocalJobRunner: reduce > reduce
2017-02-16 06:49:53,506 INFO org.apache.hadoop.mapred.Task: Task attempt_local1893464747_0001_r_000000_0 is allowed to commit now
2017-02-16 06:49:53,510 INFO org.apache.hadoop.mapreduce.lib.output.FileOutputCommitter: Saved output of task 'attempt_local1893464747_0001_r_000000_0' to file:/home/cloudera/workspace/Assignment1/InvertedIndexFrequence/output/_temporary/0/task_local1893464747_0001_r_000000
2017-02-16 06:49:53,512 INFO org.apache.hadoop.mapred.LocalJobRunner: reduce > reduce
2017-02-16 06:49:53,514 INFO org.apache.hadoop.mapred.Task: Task 'attempt_local1893464747_0001_r_000000_0' done.
2017-02-16 06:49:53,515 INFO org.apache.hadoop.mapred.LocalJobRunner: Finishing task: attempt_local1893464747_0001_r_000000_0
2017-02-16 06:49:53,516 INFO org.apache.hadoop.mapred.LocalJobRunner: reduce task executor complete.
2017-02-16 06:49:53,541 INFO org.apache.hadoop.mapreduce.Job:  map 100% reduce 100%
2017-02-16 06:49:54,542 INFO org.apache.hadoop.mapreduce.Job: Job job_local1893464747_0001 completed successfully
2017-02-16 06:49:54,740 INFO org.apache.hadoop.mapreduce.Job: Counters: 33
	File System Counters
		FILE: Number of bytes read=499427860
		FILE: Number of bytes written=635999245
		FILE: Number of read operations=0
		FILE: Number of large read operations=0
		FILE: Number of write operations=0
	Map-Reduce Framework
		Map input records=507535
		Map output records=4668151
		Map output bytes=82079736
		Map output materialized bytes=91416056
		Input split bytes=369
		Combine input records=0
		Combine output records=0
		Reduce input groups=94725
		Reduce shuffle bytes=91416056
		Reduce input records=4668151
		Reduce output records=94725
		Spilled Records=12189876
		Shuffled Maps =3
		Failed Shuffles=0
		Merged Map outputs=3
		GC time elapsed (ms)=6185
		CPU time spent (ms)=0
		Physical memory (bytes) snapshot=0
		Virtual memory (bytes) snapshot=0
		Total committed heap usage (bytes)=583643136
	Shuffle Errors
		BAD_ID=0
		CONNECTION=0
		IO_ERROR=0
		WRONG_LENGTH=0
		WRONG_MAP=0
		WRONG_REDUCE=0
	File Input Format Counters 
		Bytes Read=26057865
	File Output Format Counters 
		Bytes Written=2590799
2017-02-16 07:29:15,045 WARN org.apache.hadoop.util.NativeCodeLoader: Unable to load native-hadoop library for your platform... using builtin-java classes where applicable
2017-02-16 07:29:17,818 INFO org.apache.hadoop.conf.Configuration.deprecation: session.id is deprecated. Instead, use dfs.metrics.session-id
2017-02-16 07:29:17,829 INFO org.apache.hadoop.metrics.jvm.JvmMetrics: Initializing JVM Metrics with processName=JobTracker, sessionId=
2017-02-16 07:29:19,870 WARN org.apache.hadoop.mapreduce.JobResourceUploader: No job jar file set.  User classes may not be found. See Job or Job#setJar(String).
2017-02-16 07:29:20,195 INFO org.apache.hadoop.mapreduce.lib.input.FileInputFormat: Total input paths to process : 3
2017-02-16 07:29:20,563 INFO org.apache.hadoop.mapreduce.JobSubmitter: number of splits:3
2017-02-16 07:29:22,254 INFO org.apache.hadoop.mapreduce.JobSubmitter: Submitting tokens for job: job_local301626988_0001
2017-02-16 07:29:24,421 INFO org.apache.hadoop.mapreduce.Job: The url to track the job: http://localhost:8080/
2017-02-16 07:29:24,436 INFO org.apache.hadoop.mapreduce.Job: Running job: job_local301626988_0001
2017-02-16 07:29:24,469 INFO org.apache.hadoop.mapred.LocalJobRunner: OutputCommitter set in config null
2017-02-16 07:29:24,612 INFO org.apache.hadoop.mapreduce.lib.output.FileOutputCommitter: File Output Committer Algorithm version is 1
2017-02-16 07:29:24,636 INFO org.apache.hadoop.mapred.LocalJobRunner: OutputCommitter is org.apache.hadoop.mapreduce.lib.output.FileOutputCommitter
2017-02-16 07:29:25,271 INFO org.apache.hadoop.mapred.LocalJobRunner: Waiting for map tasks
2017-02-16 07:29:25,277 INFO org.apache.hadoop.mapred.LocalJobRunner: Starting task: attempt_local301626988_0001_m_000000_0
2017-02-16 07:29:25,469 INFO org.apache.hadoop.mapreduce.Job: Job job_local301626988_0001 running in uber mode : false
2017-02-16 07:29:25,481 INFO org.apache.hadoop.mapreduce.Job:  map 0% reduce 0%
2017-02-16 07:29:25,784 INFO org.apache.hadoop.mapreduce.lib.output.FileOutputCommitter: File Output Committer Algorithm version is 1
2017-02-16 07:29:26,016 INFO org.apache.hadoop.mapred.Task:  Using ResourceCalculatorProcessTree : [ ]
2017-02-16 07:29:26,050 INFO org.apache.hadoop.mapred.MapTask: Processing split: file:/home/cloudera/workspace/Assignment1/input/pg3200.txt:0+16013932
2017-02-16 07:29:27,089 INFO org.apache.hadoop.mapred.MapTask: (EQUATOR) 0 kvi 26214396(104857584)
2017-02-16 07:29:27,101 INFO org.apache.hadoop.mapred.MapTask: mapreduce.task.io.sort.mb: 100
2017-02-16 07:29:27,101 INFO org.apache.hadoop.mapred.MapTask: soft limit at 83886080
2017-02-16 07:29:27,101 INFO org.apache.hadoop.mapred.MapTask: bufstart = 0; bufvoid = 104857600
2017-02-16 07:29:27,101 INFO org.apache.hadoop.mapred.MapTask: kvstart = 26214396; length = 6553600
2017-02-16 07:29:27,172 INFO org.apache.hadoop.mapred.MapTask: Map output collector class = org.apache.hadoop.mapred.MapTask$MapOutputBuffer
2017-02-16 07:29:32,202 INFO org.apache.hadoop.mapred.LocalJobRunner: map > map
2017-02-16 07:29:35,337 INFO org.apache.hadoop.mapred.LocalJobRunner: map > map
2017-02-16 07:29:38,344 INFO org.apache.hadoop.mapred.LocalJobRunner: map > map
2017-02-16 07:29:38,524 INFO org.apache.hadoop.mapreduce.Job:  map 1% reduce 0%
2017-02-16 07:29:41,345 INFO org.apache.hadoop.mapred.LocalJobRunner: map > map
2017-02-16 07:29:44,346 INFO org.apache.hadoop.mapred.LocalJobRunner: map > map
2017-02-16 07:29:44,530 INFO org.apache.hadoop.mapreduce.Job:  map 2% reduce 0%
2017-02-16 07:29:47,348 INFO org.apache.hadoop.mapred.LocalJobRunner: map > map
2017-02-16 07:29:47,532 INFO org.apache.hadoop.mapreduce.Job:  map 3% reduce 0%
2017-02-16 07:29:50,354 INFO org.apache.hadoop.mapred.LocalJobRunner: map > map
2017-02-16 07:29:50,535 INFO org.apache.hadoop.mapreduce.Job:  map 4% reduce 0%
2017-02-16 07:29:53,469 INFO org.apache.hadoop.mapred.LocalJobRunner: map > map
2017-02-16 07:29:53,543 INFO org.apache.hadoop.mapreduce.Job:  map 5% reduce 0%
2017-02-16 07:29:56,470 INFO org.apache.hadoop.mapred.LocalJobRunner: map > map
2017-02-16 07:29:59,471 INFO org.apache.hadoop.mapred.LocalJobRunner: map > map
2017-02-16 07:29:59,551 INFO org.apache.hadoop.mapreduce.Job:  map 6% reduce 0%
2017-02-16 07:30:02,473 INFO org.apache.hadoop.mapred.LocalJobRunner: map > map
2017-02-16 07:30:02,554 INFO org.apache.hadoop.mapreduce.Job:  map 7% reduce 0%
2017-02-16 07:30:05,475 INFO org.apache.hadoop.mapred.LocalJobRunner: map > map
2017-02-16 07:30:08,476 INFO org.apache.hadoop.mapred.LocalJobRunner: map > map
2017-02-16 07:30:08,576 INFO org.apache.hadoop.mapreduce.Job:  map 8% reduce 0%
2017-02-16 07:30:11,479 INFO org.apache.hadoop.mapred.LocalJobRunner: map > map
2017-02-16 07:30:11,578 INFO org.apache.hadoop.mapreduce.Job:  map 9% reduce 0%
2017-02-16 07:30:14,486 INFO org.apache.hadoop.mapred.LocalJobRunner: map > map
2017-02-16 07:30:17,487 INFO org.apache.hadoop.mapred.LocalJobRunner: map > map
2017-02-16 07:30:17,583 INFO org.apache.hadoop.mapreduce.Job:  map 10% reduce 0%
2017-02-16 07:30:20,489 INFO org.apache.hadoop.mapred.LocalJobRunner: map > map
2017-02-16 07:30:20,586 INFO org.apache.hadoop.mapreduce.Job:  map 11% reduce 0%
2017-02-16 07:30:23,491 INFO org.apache.hadoop.mapred.LocalJobRunner: map > map
2017-02-16 07:30:26,501 INFO org.apache.hadoop.mapred.LocalJobRunner: map > map
2017-02-16 07:30:26,596 INFO org.apache.hadoop.mapreduce.Job:  map 12% reduce 0%
2017-02-16 07:30:29,506 INFO org.apache.hadoop.mapred.LocalJobRunner: map > map
2017-02-16 07:30:29,599 INFO org.apache.hadoop.mapreduce.Job:  map 13% reduce 0%
2017-02-16 07:30:32,509 INFO org.apache.hadoop.mapred.LocalJobRunner: map > map
2017-02-16 07:30:35,513 INFO org.apache.hadoop.mapred.LocalJobRunner: map > map
2017-02-16 07:30:35,605 INFO org.apache.hadoop.mapreduce.Job:  map 14% reduce 0%
2017-02-16 07:30:38,515 INFO org.apache.hadoop.mapred.LocalJobRunner: map > map
2017-02-16 07:30:38,608 INFO org.apache.hadoop.mapreduce.Job:  map 15% reduce 0%
2017-02-16 07:30:41,517 INFO org.apache.hadoop.mapred.LocalJobRunner: map > map
2017-02-16 07:30:41,625 INFO org.apache.hadoop.mapreduce.Job:  map 16% reduce 0%
2017-02-16 07:30:44,518 INFO org.apache.hadoop.mapred.LocalJobRunner: map > map
2017-02-16 07:30:47,519 INFO org.apache.hadoop.mapred.LocalJobRunner: map > map
2017-02-16 07:30:47,632 INFO org.apache.hadoop.mapreduce.Job:  map 17% reduce 0%
2017-02-16 07:30:50,520 INFO org.apache.hadoop.mapred.LocalJobRunner: map > map
2017-02-16 07:30:50,633 INFO org.apache.hadoop.mapreduce.Job:  map 18% reduce 0%
2017-02-16 07:30:53,522 INFO org.apache.hadoop.mapred.LocalJobRunner: map > map
2017-02-16 07:30:55,414 INFO org.apache.hadoop.mapred.MapTask: Spilling map output
2017-02-16 07:30:55,424 INFO org.apache.hadoop.mapred.MapTask: bufstart = 0; bufend = 44021904; bufvoid = 104857600
2017-02-16 07:30:55,424 INFO org.apache.hadoop.mapred.MapTask: kvstart = 26214396(104857584); kvend = 16248360(64993440); length = 9966037/6553600
2017-02-16 07:30:55,424 INFO org.apache.hadoop.mapred.MapTask: (EQUATOR) 54189904 kvi 13547472(54189888)
2017-02-16 07:30:56,537 INFO org.apache.hadoop.mapred.LocalJobRunner: map > map
2017-02-16 07:30:56,650 INFO org.apache.hadoop.mapreduce.Job:  map 19% reduce 0%
2017-02-16 07:30:59,539 INFO org.apache.hadoop.mapred.LocalJobRunner: map > map
2017-02-16 07:31:02,540 INFO org.apache.hadoop.mapred.LocalJobRunner: map > map
2017-02-16 07:31:02,702 INFO org.apache.hadoop.mapreduce.Job:  map 20% reduce 0%
2017-02-16 07:31:05,549 INFO org.apache.hadoop.mapred.LocalJobRunner: map > map
2017-02-16 07:31:08,574 INFO org.apache.hadoop.mapred.LocalJobRunner: map > map
2017-02-16 07:31:08,707 INFO org.apache.hadoop.mapreduce.Job:  map 21% reduce 0%
2017-02-16 07:31:11,577 INFO org.apache.hadoop.mapred.LocalJobRunner: map > map
2017-02-16 07:31:14,587 INFO org.apache.hadoop.mapred.LocalJobRunner: map > map
2017-02-16 07:31:14,737 INFO org.apache.hadoop.mapreduce.Job:  map 22% reduce 0%
2017-02-16 07:31:17,806 INFO org.apache.hadoop.mapred.LocalJobRunner: map > map
2017-02-16 07:31:21,447 INFO org.apache.hadoop.mapred.LocalJobRunner: map > map
2017-02-16 07:31:22,369 INFO org.apache.hadoop.mapred.LocalJobRunner: map > map
2017-02-16 07:31:22,406 INFO org.apache.hadoop.mapred.MapTask: Starting flush of map output
2017-02-16 07:31:24,463 INFO org.apache.hadoop.mapred.LocalJobRunner: map > sort
2017-02-16 07:31:27,465 INFO org.apache.hadoop.mapred.LocalJobRunner: map > sort
2017-02-16 07:31:30,525 INFO org.apache.hadoop.mapred.LocalJobRunner: map > sort
2017-02-16 07:31:39,150 INFO org.apache.hadoop.mapred.MapTask: Finished spill 0
2017-02-16 07:31:39,174 INFO org.apache.hadoop.mapred.MapTask: (RESET) equator 54189904 kv 13547472(54189888) kvi 11675656(46702624)
2017-02-16 07:31:39,174 INFO org.apache.hadoop.mapred.MapTask: Spilling map output
2017-02-16 07:31:39,174 INFO org.apache.hadoop.mapred.MapTask: bufstart = 54189904; bufend = 62445360; bufvoid = 104857600
2017-02-16 07:31:39,182 INFO org.apache.hadoop.mapred.MapTask: kvstart = 13547472(54189888); kvend = 11675660(46702640); length = 1871813/6553600
2017-02-16 07:31:42,534 INFO org.apache.hadoop.mapred.LocalJobRunner: map > sort
2017-02-16 07:31:43,748 INFO org.apache.hadoop.mapred.MapTask: Finished spill 1
2017-02-16 07:31:44,416 INFO org.apache.hadoop.mapred.Merger: Merging 2 sorted segments
2017-02-16 07:31:44,971 INFO org.apache.hadoop.mapred.Merger: Down to the last merge-pass, with 2 segments left of total size: 58196294 bytes
2017-02-16 07:31:45,651 INFO org.apache.hadoop.mapred.LocalJobRunner: map > sort > 
2017-02-16 07:31:48,662 INFO org.apache.hadoop.mapred.LocalJobRunner: map > sort > 
2017-02-16 07:31:48,960 INFO org.apache.hadoop.mapreduce.Job:  map 23% reduce 0%
2017-02-16 07:31:51,696 INFO org.apache.hadoop.mapred.LocalJobRunner: map > sort > 
2017-02-16 07:31:52,004 INFO org.apache.hadoop.mapreduce.Job:  map 25% reduce 0%
2017-02-16 07:31:54,780 INFO org.apache.hadoop.mapred.LocalJobRunner: map > sort > 
2017-02-16 07:31:55,010 INFO org.apache.hadoop.mapreduce.Job:  map 26% reduce 0%
2017-02-16 07:31:57,782 INFO org.apache.hadoop.mapred.LocalJobRunner: map > sort > 
2017-02-16 07:31:58,014 INFO org.apache.hadoop.mapreduce.Job:  map 28% reduce 0%
2017-02-16 07:32:00,782 INFO org.apache.hadoop.mapred.LocalJobRunner: map > sort > 
2017-02-16 07:32:01,017 INFO org.apache.hadoop.mapreduce.Job:  map 29% reduce 0%
2017-02-16 07:32:03,783 INFO org.apache.hadoop.mapred.LocalJobRunner: map > sort > 
2017-02-16 07:32:04,018 INFO org.apache.hadoop.mapreduce.Job:  map 31% reduce 0%
2017-02-16 07:32:06,784 INFO org.apache.hadoop.mapred.LocalJobRunner: map > sort > 
2017-02-16 07:32:07,022 INFO org.apache.hadoop.mapreduce.Job:  map 32% reduce 0%
2017-02-16 07:32:08,249 INFO org.apache.hadoop.mapred.Task: Task:attempt_local301626988_0001_m_000000_0 is done. And is in the process of committing
2017-02-16 07:32:08,264 INFO org.apache.hadoop.mapred.LocalJobRunner: map > sort
2017-02-16 07:32:08,264 INFO org.apache.hadoop.mapred.Task: Task 'attempt_local301626988_0001_m_000000_0' done.
2017-02-16 07:32:08,264 INFO org.apache.hadoop.mapred.LocalJobRunner: Finishing task: attempt_local301626988_0001_m_000000_0
2017-02-16 07:32:08,265 INFO org.apache.hadoop.mapred.LocalJobRunner: Starting task: attempt_local301626988_0001_m_000001_0
2017-02-16 07:32:08,276 INFO org.apache.hadoop.mapreduce.lib.output.FileOutputCommitter: File Output Committer Algorithm version is 1
2017-02-16 07:32:08,277 INFO org.apache.hadoop.mapred.Task:  Using ResourceCalculatorProcessTree : [ ]
2017-02-16 07:32:08,298 INFO org.apache.hadoop.mapred.MapTask: Processing split: file:/home/cloudera/workspace/Assignment1/input/pg100.txt:0+5589886
2017-02-16 07:32:08,610 INFO org.apache.hadoop.mapred.MapTask: (EQUATOR) 0 kvi 26214396(104857584)
2017-02-16 07:32:08,610 INFO org.apache.hadoop.mapred.MapTask: mapreduce.task.io.sort.mb: 100
2017-02-16 07:32:08,611 INFO org.apache.hadoop.mapred.MapTask: soft limit at 83886080
2017-02-16 07:32:08,611 INFO org.apache.hadoop.mapred.MapTask: bufstart = 0; bufvoid = 104857600
2017-02-16 07:32:08,614 INFO org.apache.hadoop.mapred.MapTask: kvstart = 26214396; length = 6553600
2017-02-16 07:32:08,622 INFO org.apache.hadoop.mapred.MapTask: Map output collector class = org.apache.hadoop.mapred.MapTask$MapOutputBuffer
2017-02-16 07:32:09,024 INFO org.apache.hadoop.mapreduce.Job:  map 100% reduce 0%
2017-02-16 07:32:14,286 INFO org.apache.hadoop.mapred.LocalJobRunner: map > map
2017-02-16 07:32:15,040 INFO org.apache.hadoop.mapreduce.Job:  map 37% reduce 0%
2017-02-16 07:32:17,296 INFO org.apache.hadoop.mapred.LocalJobRunner: map > map
2017-02-16 07:32:18,045 INFO org.apache.hadoop.mapreduce.Job:  map 39% reduce 0%
2017-02-16 07:32:20,297 INFO org.apache.hadoop.mapred.LocalJobRunner: map > map
2017-02-16 07:32:21,047 INFO org.apache.hadoop.mapreduce.Job:  map 41% reduce 0%
2017-02-16 07:32:23,300 INFO org.apache.hadoop.mapred.LocalJobRunner: map > map
2017-02-16 07:32:24,049 INFO org.apache.hadoop.mapreduce.Job:  map 43% reduce 0%
2017-02-16 07:32:26,300 INFO org.apache.hadoop.mapred.LocalJobRunner: map > map
2017-02-16 07:32:27,051 INFO org.apache.hadoop.mapreduce.Job:  map 46% reduce 0%
2017-02-16 07:32:29,304 INFO org.apache.hadoop.mapred.LocalJobRunner: map > map
2017-02-16 07:32:30,054 INFO org.apache.hadoop.mapreduce.Job:  map 48% reduce 0%
2017-02-16 07:32:32,305 INFO org.apache.hadoop.mapred.LocalJobRunner: map > map
2017-02-16 07:32:33,056 INFO org.apache.hadoop.mapreduce.Job:  map 50% reduce 0%
2017-02-16 07:32:35,306 INFO org.apache.hadoop.mapred.LocalJobRunner: map > map
2017-02-16 07:32:36,058 INFO org.apache.hadoop.mapreduce.Job:  map 52% reduce 0%
2017-02-16 07:32:38,308 INFO org.apache.hadoop.mapred.LocalJobRunner: map > map
2017-02-16 07:32:39,061 INFO org.apache.hadoop.mapreduce.Job:  map 55% reduce 0%
2017-02-16 07:32:39,673 INFO org.apache.hadoop.mapred.LocalJobRunner: map > map
2017-02-16 07:32:39,676 INFO org.apache.hadoop.mapred.MapTask: Starting flush of map output
2017-02-16 07:32:39,676 INFO org.apache.hadoop.mapred.MapTask: Spilling map output
2017-02-16 07:32:39,677 INFO org.apache.hadoop.mapred.MapTask: bufstart = 0; bufend = 16143848; bufvoid = 104857600
2017-02-16 07:32:39,677 INFO org.apache.hadoop.mapred.MapTask: kvstart = 26214396(104857584); kvend = 22013108(88052432); length = 4201289/6553600
2017-02-16 07:32:41,312 INFO org.apache.hadoop.mapred.LocalJobRunner: map > sort
2017-02-16 07:32:42,063 INFO org.apache.hadoop.mapreduce.Job:  map 56% reduce 0%
2017-02-16 07:32:44,313 INFO org.apache.hadoop.mapred.LocalJobRunner: map > sort
2017-02-16 07:32:47,303 INFO org.apache.hadoop.mapred.MapTask: Finished spill 0
2017-02-16 07:32:47,314 INFO org.apache.hadoop.mapred.LocalJobRunner: map > sort
2017-02-16 07:32:47,330 INFO org.apache.hadoop.mapred.Task: Task:attempt_local301626988_0001_m_000001_0 is done. And is in the process of committing
2017-02-16 07:32:47,336 INFO org.apache.hadoop.mapred.LocalJobRunner: map
2017-02-16 07:32:47,337 INFO org.apache.hadoop.mapred.Task: Task 'attempt_local301626988_0001_m_000001_0' done.
2017-02-16 07:32:47,337 INFO org.apache.hadoop.mapred.LocalJobRunner: Finishing task: attempt_local301626988_0001_m_000001_0
2017-02-16 07:32:47,337 INFO org.apache.hadoop.mapred.LocalJobRunner: Starting task: attempt_local301626988_0001_m_000002_0
2017-02-16 07:32:47,346 INFO org.apache.hadoop.mapreduce.lib.output.FileOutputCommitter: File Output Committer Algorithm version is 1
2017-02-16 07:32:47,347 INFO org.apache.hadoop.mapred.Task:  Using ResourceCalculatorProcessTree : [ ]
2017-02-16 07:32:47,357 INFO org.apache.hadoop.mapred.MapTask: Processing split: file:/home/cloudera/workspace/Assignment1/input/pg31100.txt:0+4454047
2017-02-16 07:32:47,637 INFO org.apache.hadoop.mapred.MapTask: (EQUATOR) 0 kvi 26214396(104857584)
2017-02-16 07:32:47,638 INFO org.apache.hadoop.mapred.MapTask: mapreduce.task.io.sort.mb: 100
2017-02-16 07:32:47,639 INFO org.apache.hadoop.mapred.MapTask: soft limit at 83886080
2017-02-16 07:32:47,639 INFO org.apache.hadoop.mapred.MapTask: bufstart = 0; bufvoid = 104857600
2017-02-16 07:32:47,639 INFO org.apache.hadoop.mapred.MapTask: kvstart = 26214396; length = 6553600
2017-02-16 07:32:47,650 INFO org.apache.hadoop.mapred.MapTask: Map output collector class = org.apache.hadoop.mapred.MapTask$MapOutputBuffer
2017-02-16 07:32:48,067 INFO org.apache.hadoop.mapreduce.Job:  map 100% reduce 0%
2017-02-16 07:32:53,352 INFO org.apache.hadoop.mapred.LocalJobRunner: map > map
2017-02-16 07:32:54,072 INFO org.apache.hadoop.mapreduce.Job:  map 73% reduce 0%
2017-02-16 07:32:56,354 INFO org.apache.hadoop.mapred.LocalJobRunner: map > map
2017-02-16 07:32:57,081 INFO org.apache.hadoop.mapreduce.Job:  map 76% reduce 0%
2017-02-16 07:32:59,355 INFO org.apache.hadoop.mapred.LocalJobRunner: map > map
2017-02-16 07:33:00,082 INFO org.apache.hadoop.mapreduce.Job:  map 80% reduce 0%
2017-02-16 07:33:02,358 INFO org.apache.hadoop.mapred.LocalJobRunner: map > map
2017-02-16 07:33:03,084 INFO org.apache.hadoop.mapreduce.Job:  map 83% reduce 0%
2017-02-16 07:33:05,360 INFO org.apache.hadoop.mapred.LocalJobRunner: map > map
2017-02-16 07:33:06,086 INFO org.apache.hadoop.mapreduce.Job:  map 87% reduce 0%
2017-02-16 07:33:07,515 INFO org.apache.hadoop.mapred.LocalJobRunner: map > map
2017-02-16 07:33:07,516 INFO org.apache.hadoop.mapred.MapTask: Starting flush of map output
2017-02-16 07:33:07,516 INFO org.apache.hadoop.mapred.MapTask: Spilling map output
2017-02-16 07:33:07,516 INFO org.apache.hadoop.mapred.MapTask: bufstart = 0; bufend = 15558548; bufvoid = 104857600
2017-02-16 07:33:07,516 INFO org.apache.hadoop.mapred.MapTask: kvstart = 26214396(104857584); kvend = 22967804(91871216); length = 3246593/6553600
2017-02-16 07:33:08,361 INFO org.apache.hadoop.mapred.LocalJobRunner: map > sort
2017-02-16 07:33:09,087 INFO org.apache.hadoop.mapreduce.Job:  map 89% reduce 0%
2017-02-16 07:33:11,362 INFO org.apache.hadoop.mapred.LocalJobRunner: map > sort
2017-02-16 07:33:14,344 INFO org.apache.hadoop.mapred.MapTask: Finished spill 0
2017-02-16 07:33:14,356 INFO org.apache.hadoop.mapred.Task: Task:attempt_local301626988_0001_m_000002_0 is done. And is in the process of committing
2017-02-16 07:33:14,364 INFO org.apache.hadoop.mapred.LocalJobRunner: map
2017-02-16 07:33:14,365 INFO org.apache.hadoop.mapred.Task: Task 'attempt_local301626988_0001_m_000002_0' done.
2017-02-16 07:33:14,366 INFO org.apache.hadoop.mapred.LocalJobRunner: Finishing task: attempt_local301626988_0001_m_000002_0
2017-02-16 07:33:14,367 INFO org.apache.hadoop.mapred.LocalJobRunner: map task executor complete.
2017-02-16 07:33:14,426 INFO org.apache.hadoop.mapred.LocalJobRunner: Waiting for reduce tasks
2017-02-16 07:33:14,427 INFO org.apache.hadoop.mapred.LocalJobRunner: Starting task: attempt_local301626988_0001_r_000000_0
2017-02-16 07:33:14,512 INFO org.apache.hadoop.mapreduce.lib.output.FileOutputCommitter: File Output Committer Algorithm version is 1
2017-02-16 07:33:14,514 INFO org.apache.hadoop.mapred.Task:  Using ResourceCalculatorProcessTree : [ ]
2017-02-16 07:33:14,555 INFO org.apache.hadoop.mapred.ReduceTask: Using ShuffleConsumerPlugin: org.apache.hadoop.mapreduce.task.reduce.Shuffle@1d634758
2017-02-16 07:33:14,706 INFO org.apache.hadoop.mapreduce.task.reduce.MergeManagerImpl: MergerManager: memoryLimit=261121632, maxSingleShuffleLimit=65280408, mergeThreshold=172340288, ioSortFactor=10, memToMemMergeOutputsThreshold=10
2017-02-16 07:33:14,726 INFO org.apache.hadoop.mapreduce.task.reduce.EventFetcher: attempt_local301626988_0001_r_000000_0 Thread started: EventFetcher for fetching Map Completion Events
2017-02-16 07:33:15,242 INFO org.apache.hadoop.mapreduce.Job:  map 100% reduce 0%
2017-02-16 07:33:15,313 INFO org.apache.hadoop.mapreduce.task.reduce.LocalFetcher: localfetcher#1 about to shuffle output of map attempt_local301626988_0001_m_000000_0 decomp: 58196290 len: 58196294 to MEMORY
2017-02-16 07:33:17,494 INFO org.apache.hadoop.mapreduce.task.reduce.InMemoryMapOutput: Read 58196290 bytes from map-output for attempt_local301626988_0001_m_000000_0
2017-02-16 07:33:17,562 INFO org.apache.hadoop.mapreduce.task.reduce.MergeManagerImpl: closeInMemoryFile -> map-output of size: 58196290, inMemoryMapOutputs.size() -> 1, commitMemory -> 0, usedMemory ->58196290
2017-02-16 07:33:17,634 INFO org.apache.hadoop.mapreduce.task.reduce.LocalFetcher: localfetcher#1 about to shuffle output of map attempt_local301626988_0001_m_000002_0 decomp: 17181848 len: 17181852 to MEMORY
2017-02-16 07:33:18,369 INFO org.apache.hadoop.mapreduce.task.reduce.InMemoryMapOutput: Read 17181848 bytes from map-output for attempt_local301626988_0001_m_000002_0
2017-02-16 07:33:18,371 INFO org.apache.hadoop.mapreduce.task.reduce.MergeManagerImpl: closeInMemoryFile -> map-output of size: 17181848, inMemoryMapOutputs.size() -> 2, commitMemory -> 58196290, usedMemory ->75378138
2017-02-16 07:33:18,643 INFO org.apache.hadoop.mapreduce.task.reduce.LocalFetcher: localfetcher#1 about to shuffle output of map attempt_local301626988_0001_m_000001_0 decomp: 18244496 len: 18244500 to MEMORY
2017-02-16 07:33:19,228 INFO org.apache.hadoop.mapreduce.task.reduce.InMemoryMapOutput: Read 18244496 bytes from map-output for attempt_local301626988_0001_m_000001_0
2017-02-16 07:33:19,230 INFO org.apache.hadoop.mapreduce.task.reduce.MergeManagerImpl: closeInMemoryFile -> map-output of size: 18244496, inMemoryMapOutputs.size() -> 3, commitMemory -> 75378138, usedMemory ->93622634
2017-02-16 07:33:19,233 INFO org.apache.hadoop.mapreduce.task.reduce.EventFetcher: EventFetcher is interrupted.. Returning
2017-02-16 07:33:19,235 INFO org.apache.hadoop.mapred.LocalJobRunner: 3 / 3 copied.
2017-02-16 07:33:19,236 INFO org.apache.hadoop.mapreduce.task.reduce.MergeManagerImpl: finalMerge called with 3 in-memory map-outputs and 0 on-disk map-outputs
2017-02-16 07:33:19,242 INFO org.apache.hadoop.mapred.Merger: Merging 3 sorted segments
2017-02-16 07:33:19,242 INFO org.apache.hadoop.mapred.Merger: Down to the last merge-pass, with 3 segments left of total size: 93622625 bytes
2017-02-16 07:33:20,520 INFO org.apache.hadoop.mapred.LocalJobRunner: reduce > sort
2017-02-16 07:33:21,263 INFO org.apache.hadoop.mapreduce.Job:  map 100% reduce 34%
2017-02-16 07:33:23,521 INFO org.apache.hadoop.mapred.LocalJobRunner: reduce > sort
2017-02-16 07:33:24,265 INFO org.apache.hadoop.mapreduce.Job:  map 100% reduce 39%
2017-02-16 07:33:26,522 INFO org.apache.hadoop.mapred.LocalJobRunner: reduce > sort
2017-02-16 07:33:27,268 INFO org.apache.hadoop.mapreduce.Job:  map 100% reduce 44%
2017-02-16 07:33:29,524 INFO org.apache.hadoop.mapred.LocalJobRunner: reduce > sort
2017-02-16 07:33:30,270 INFO org.apache.hadoop.mapreduce.Job:  map 100% reduce 50%
2017-02-16 07:33:32,525 INFO org.apache.hadoop.mapred.LocalJobRunner: reduce > sort
2017-02-16 07:33:33,274 INFO org.apache.hadoop.mapreduce.Job:  map 100% reduce 55%
2017-02-16 07:33:35,526 INFO org.apache.hadoop.mapred.LocalJobRunner: reduce > sort
2017-02-16 07:33:36,276 INFO org.apache.hadoop.mapreduce.Job:  map 100% reduce 61%
2017-02-16 07:33:38,527 INFO org.apache.hadoop.mapred.LocalJobRunner: reduce > sort
2017-02-16 07:33:39,281 INFO org.apache.hadoop.mapreduce.Job:  map 100% reduce 65%
2017-02-16 07:33:39,845 INFO org.apache.hadoop.mapreduce.task.reduce.MergeManagerImpl: Merged 3 segments, 93622634 bytes to disk to satisfy reduce memory limit
2017-02-16 07:33:39,855 INFO org.apache.hadoop.mapreduce.task.reduce.MergeManagerImpl: Merging 1 files, 93622634 bytes from disk
2017-02-16 07:33:39,907 INFO org.apache.hadoop.mapreduce.task.reduce.MergeManagerImpl: Merging 0 segments, 0 bytes from memory into reduce
2017-02-16 07:33:39,908 INFO org.apache.hadoop.mapred.Merger: Merging 1 sorted segments
2017-02-16 07:33:39,909 INFO org.apache.hadoop.mapred.Merger: Down to the last merge-pass, with 1 segments left of total size: 93622627 bytes
2017-02-16 07:33:39,910 INFO org.apache.hadoop.mapred.LocalJobRunner: reduce > sort
2017-02-16 07:33:40,017 INFO org.apache.hadoop.conf.Configuration.deprecation: mapred.skip.on is deprecated. Instead, use mapreduce.job.skiprecords
2017-02-16 07:33:41,529 INFO org.apache.hadoop.mapred.LocalJobRunner: reduce > reduce
2017-02-16 07:33:42,284 INFO org.apache.hadoop.mapreduce.Job:  map 100% reduce 67%
2017-02-16 07:33:44,530 INFO org.apache.hadoop.mapred.LocalJobRunner: reduce > reduce
2017-02-16 07:33:45,287 INFO org.apache.hadoop.mapreduce.Job:  map 100% reduce 69%
2017-02-16 07:33:47,538 INFO org.apache.hadoop.mapred.LocalJobRunner: reduce > reduce
2017-02-16 07:33:48,345 INFO org.apache.hadoop.mapreduce.Job:  map 100% reduce 71%
2017-02-16 07:33:50,539 INFO org.apache.hadoop.mapred.LocalJobRunner: reduce > reduce
2017-02-16 07:33:51,347 INFO org.apache.hadoop.mapreduce.Job:  map 100% reduce 74%
2017-02-16 07:33:53,593 INFO org.apache.hadoop.mapred.LocalJobRunner: reduce > reduce
2017-02-16 07:33:54,350 INFO org.apache.hadoop.mapreduce.Job:  map 100% reduce 77%
2017-02-16 07:33:56,604 INFO org.apache.hadoop.mapred.LocalJobRunner: reduce > reduce
2017-02-16 07:33:58,013 INFO org.apache.hadoop.mapreduce.Job:  map 100% reduce 80%
2017-02-16 07:33:59,607 INFO org.apache.hadoop.mapred.LocalJobRunner: reduce > reduce
2017-02-16 07:34:00,256 INFO org.apache.hadoop.mapreduce.Job:  map 100% reduce 81%
2017-02-16 07:34:02,629 INFO org.apache.hadoop.mapred.LocalJobRunner: reduce > reduce
2017-02-16 07:34:03,356 INFO org.apache.hadoop.mapreduce.Job:  map 100% reduce 84%
2017-02-16 07:34:05,632 INFO org.apache.hadoop.mapred.LocalJobRunner: reduce > reduce
2017-02-16 07:34:06,362 INFO org.apache.hadoop.mapreduce.Job:  map 100% reduce 87%
2017-02-16 07:34:09,468 INFO org.apache.hadoop.mapred.LocalJobRunner: reduce > reduce
2017-02-16 07:34:10,470 INFO org.apache.hadoop.mapreduce.Job:  map 100% reduce 89%
2017-02-16 07:34:12,482 INFO org.apache.hadoop.mapred.LocalJobRunner: reduce > reduce
2017-02-16 07:34:12,551 INFO org.apache.hadoop.mapreduce.Job:  map 100% reduce 92%
2017-02-16 07:34:15,505 INFO org.apache.hadoop.mapred.LocalJobRunner: reduce > reduce
2017-02-16 07:34:16,234 INFO org.apache.hadoop.mapreduce.Job:  map 100% reduce 94%
2017-02-16 07:34:18,820 INFO org.apache.hadoop.mapred.LocalJobRunner: reduce > reduce
2017-02-16 07:34:20,002 INFO org.apache.hadoop.mapreduce.Job:  map 100% reduce 97%
2017-02-16 07:34:21,835 INFO org.apache.hadoop.mapred.LocalJobRunner: reduce > reduce
2017-02-16 07:34:22,037 INFO org.apache.hadoop.mapreduce.Job:  map 100% reduce 100%
2017-02-16 07:34:22,382 INFO org.apache.hadoop.mapred.Task: Task:attempt_local301626988_0001_r_000000_0 is done. And is in the process of committing
2017-02-16 07:34:22,396 INFO org.apache.hadoop.mapred.LocalJobRunner: reduce > reduce
2017-02-16 07:34:22,398 INFO org.apache.hadoop.mapred.Task: Task attempt_local301626988_0001_r_000000_0 is allowed to commit now
2017-02-16 07:34:22,409 INFO org.apache.hadoop.mapreduce.lib.output.FileOutputCommitter: Saved output of task 'attempt_local301626988_0001_r_000000_0' to file:/home/cloudera/workspace/Assignment1/InvertedIndexFrequence/output/_temporary/0/task_local301626988_0001_r_000000
2017-02-16 07:34:22,437 INFO org.apache.hadoop.mapred.LocalJobRunner: reduce > reduce
2017-02-16 07:34:22,437 INFO org.apache.hadoop.mapred.Task: Task 'attempt_local301626988_0001_r_000000_0' done.
2017-02-16 07:34:22,437 INFO org.apache.hadoop.mapred.LocalJobRunner: Finishing task: attempt_local301626988_0001_r_000000_0
2017-02-16 07:34:22,438 INFO org.apache.hadoop.mapred.LocalJobRunner: reduce task executor complete.
2017-02-16 07:34:23,040 INFO org.apache.hadoop.mapreduce.Job: Job job_local301626988_0001 completed successfully
2017-02-16 07:34:23,635 INFO org.apache.hadoop.mapreduce.Job: Counters: 33
	File System Counters
		FILE: Number of bytes read=509767836
		FILE: Number of bytes written=650968642
		FILE: Number of read operations=0
		FILE: Number of large read operations=0
		FILE: Number of write operations=0
	Map-Reduce Framework
		Map input records=507535
		Map output records=4821436
		Map output bytes=83979756
		Map output materialized bytes=93622646
		Input split bytes=369
		Combine input records=0
		Combine output records=0
		Reduce input groups=55642
		Reduce shuffle bytes=93622646
		Reduce input records=4821436
		Reduce output records=55642
		Spilled Records=12602336
		Shuffled Maps =3
		Failed Shuffles=0
		Merged Map outputs=3
		GC time elapsed (ms)=7999
		CPU time spent (ms)=0
		Physical memory (bytes) snapshot=0
		Virtual memory (bytes) snapshot=0
		Total committed heap usage (bytes)=655175680
	Shuffle Errors
		BAD_ID=0
		CONNECTION=0
		IO_ERROR=0
		WRONG_LENGTH=0
		WRONG_MAP=0
		WRONG_REDUCE=0
	File Input Format Counters 
		Bytes Read=26057865
	File Output Format Counters 
		Bytes Written=1622700
