2017-02-15 14:39:19,436 WARN org.apache.hadoop.util.NativeCodeLoader: Unable to load native-hadoop library for your platform... using builtin-java classes where applicable
2017-02-15 14:39:21,808 INFO org.apache.hadoop.conf.Configuration.deprecation: session.id is deprecated. Instead, use dfs.metrics.session-id
2017-02-15 14:39:21,822 INFO org.apache.hadoop.metrics.jvm.JvmMetrics: Initializing JVM Metrics with processName=JobTracker, sessionId=
2017-02-15 14:39:24,271 WARN org.apache.hadoop.mapreduce.JobResourceUploader: No job jar file set.  User classes may not be found. See Job or Job#setJar(String).
2017-02-15 14:39:24,452 INFO org.apache.hadoop.mapreduce.lib.input.FileInputFormat: Total input paths to process : 3
2017-02-15 14:39:24,746 INFO org.apache.hadoop.mapreduce.JobSubmitter: number of splits:3
2017-02-15 14:39:26,092 INFO org.apache.hadoop.mapreduce.JobSubmitter: Submitting tokens for job: job_local1558182883_0001
2017-02-15 14:39:27,841 INFO org.apache.hadoop.mapreduce.Job: The url to track the job: http://localhost:8080/
2017-02-15 14:39:27,843 INFO org.apache.hadoop.mapreduce.Job: Running job: job_local1558182883_0001
2017-02-15 14:39:27,867 INFO org.apache.hadoop.mapred.LocalJobRunner: OutputCommitter set in config null
2017-02-15 14:39:27,976 INFO org.apache.hadoop.mapreduce.lib.output.FileOutputCommitter: File Output Committer Algorithm version is 1
2017-02-15 14:39:28,018 INFO org.apache.hadoop.mapred.LocalJobRunner: OutputCommitter is org.apache.hadoop.mapreduce.lib.output.FileOutputCommitter
2017-02-15 14:39:28,493 INFO org.apache.hadoop.mapred.LocalJobRunner: Waiting for map tasks
2017-02-15 14:39:28,496 INFO org.apache.hadoop.mapred.LocalJobRunner: Starting task: attempt_local1558182883_0001_m_000000_0
2017-02-15 14:39:28,778 INFO org.apache.hadoop.mapreduce.lib.output.FileOutputCommitter: File Output Committer Algorithm version is 1
2017-02-15 14:39:28,871 INFO org.apache.hadoop.mapreduce.Job: Job job_local1558182883_0001 running in uber mode : false
2017-02-15 14:39:28,875 INFO org.apache.hadoop.mapreduce.Job:  map 0% reduce 0%
2017-02-15 14:39:28,900 INFO org.apache.hadoop.mapred.Task:  Using ResourceCalculatorProcessTree : [ ]
2017-02-15 14:39:28,937 INFO org.apache.hadoop.mapred.MapTask: Processing split: file:/home/cloudera/workspace/Assignment1/input/pg3200.txt:0+16013932
2017-02-15 14:39:29,585 INFO org.apache.hadoop.mapred.MapTask: (EQUATOR) 0 kvi 26214396(104857584)
2017-02-15 14:39:29,585 INFO org.apache.hadoop.mapred.MapTask: mapreduce.task.io.sort.mb: 100
2017-02-15 14:39:29,585 INFO org.apache.hadoop.mapred.MapTask: soft limit at 83886080
2017-02-15 14:39:29,585 INFO org.apache.hadoop.mapred.MapTask: bufstart = 0; bufvoid = 104857600
2017-02-15 14:39:29,585 INFO org.apache.hadoop.mapred.MapTask: kvstart = 26214396; length = 6553600
2017-02-15 14:39:29,640 INFO org.apache.hadoop.mapred.MapTask: Map output collector class = org.apache.hadoop.mapred.MapTask$MapOutputBuffer
2017-02-15 14:39:34,874 INFO org.apache.hadoop.mapred.LocalJobRunner: map > map
2017-02-15 14:39:34,918 INFO org.apache.hadoop.mapreduce.Job:  map 2% reduce 0%
2017-02-15 14:39:37,879 INFO org.apache.hadoop.mapred.LocalJobRunner: map > map
2017-02-15 14:39:37,920 INFO org.apache.hadoop.mapreduce.Job:  map 6% reduce 0%
2017-02-15 14:39:40,880 INFO org.apache.hadoop.mapred.LocalJobRunner: map > map
2017-02-15 14:39:40,922 INFO org.apache.hadoop.mapreduce.Job:  map 10% reduce 0%
2017-02-15 14:39:43,881 INFO org.apache.hadoop.mapred.LocalJobRunner: map > map
2017-02-15 14:39:43,924 INFO org.apache.hadoop.mapreduce.Job:  map 14% reduce 0%
2017-02-15 14:39:46,882 INFO org.apache.hadoop.mapred.LocalJobRunner: map > map
2017-02-15 14:39:46,927 INFO org.apache.hadoop.mapreduce.Job:  map 18% reduce 0%
2017-02-15 14:39:49,883 INFO org.apache.hadoop.mapred.LocalJobRunner: map > map
2017-02-15 14:39:49,928 INFO org.apache.hadoop.mapreduce.Job:  map 22% reduce 0%
2017-02-15 14:39:50,221 INFO org.apache.hadoop.mapred.LocalJobRunner: map > map
2017-02-15 14:39:50,227 INFO org.apache.hadoop.mapred.MapTask: Starting flush of map output
2017-02-15 14:39:50,228 INFO org.apache.hadoop.mapred.MapTask: Spilling map output
2017-02-15 14:39:50,229 INFO org.apache.hadoop.mapred.MapTask: bufstart = 0; bufend = 26808574; bufvoid = 104857600
2017-02-15 14:39:50,230 INFO org.apache.hadoop.mapred.MapTask: kvstart = 26214396(104857584); kvend = 14376544(57506176); length = 11837853/6553600
2017-02-15 14:39:52,884 INFO org.apache.hadoop.mapred.LocalJobRunner: map > sort
2017-02-15 14:39:55,885 INFO org.apache.hadoop.mapred.LocalJobRunner: map > sort
2017-02-15 14:39:58,887 INFO org.apache.hadoop.mapred.LocalJobRunner: map > sort
2017-02-15 14:40:01,889 INFO org.apache.hadoop.mapred.LocalJobRunner: map > sort
2017-02-15 14:40:04,889 INFO org.apache.hadoop.mapred.LocalJobRunner: map > sort
2017-02-15 14:40:07,890 INFO org.apache.hadoop.mapred.LocalJobRunner: map > sort
2017-02-15 14:40:10,891 INFO org.apache.hadoop.mapred.LocalJobRunner: map > sort
2017-02-15 14:40:13,078 INFO org.apache.hadoop.mapred.MapTask: Finished spill 0
2017-02-15 14:40:13,108 INFO org.apache.hadoop.mapred.Task: Task:attempt_local1558182883_0001_m_000000_0 is done. And is in the process of committing
2017-02-15 14:40:13,119 INFO org.apache.hadoop.mapred.LocalJobRunner: map
2017-02-15 14:40:13,121 INFO org.apache.hadoop.mapred.Task: Task 'attempt_local1558182883_0001_m_000000_0' done.
2017-02-15 14:40:13,121 INFO org.apache.hadoop.mapred.LocalJobRunner: Finishing task: attempt_local1558182883_0001_m_000000_0
2017-02-15 14:40:13,121 INFO org.apache.hadoop.mapred.LocalJobRunner: Starting task: attempt_local1558182883_0001_m_000001_0
2017-02-15 14:40:13,130 INFO org.apache.hadoop.mapreduce.lib.output.FileOutputCommitter: File Output Committer Algorithm version is 1
2017-02-15 14:40:13,131 INFO org.apache.hadoop.mapred.Task:  Using ResourceCalculatorProcessTree : [ ]
2017-02-15 14:40:13,142 INFO org.apache.hadoop.mapred.MapTask: Processing split: file:/home/cloudera/workspace/Assignment1/input/pg100.txt:0+5589886
2017-02-15 14:40:13,424 INFO org.apache.hadoop.mapred.MapTask: (EQUATOR) 0 kvi 26214396(104857584)
2017-02-15 14:40:13,425 INFO org.apache.hadoop.mapred.MapTask: mapreduce.task.io.sort.mb: 100
2017-02-15 14:40:13,426 INFO org.apache.hadoop.mapred.MapTask: soft limit at 83886080
2017-02-15 14:40:13,426 INFO org.apache.hadoop.mapred.MapTask: bufstart = 0; bufvoid = 104857600
2017-02-15 14:40:13,427 INFO org.apache.hadoop.mapred.MapTask: kvstart = 26214396; length = 6553600
2017-02-15 14:40:13,432 INFO org.apache.hadoop.mapred.MapTask: Map output collector class = org.apache.hadoop.mapred.MapTask$MapOutputBuffer
2017-02-15 14:40:13,955 INFO org.apache.hadoop.mapreduce.Job:  map 100% reduce 0%
2017-02-15 14:40:19,161 INFO org.apache.hadoop.mapred.LocalJobRunner: map > map
2017-02-15 14:40:19,739 INFO org.apache.hadoop.mapred.LocalJobRunner: map > map
2017-02-15 14:40:19,744 INFO org.apache.hadoop.mapred.MapTask: Starting flush of map output
2017-02-15 14:40:19,744 INFO org.apache.hadoop.mapred.MapTask: Spilling map output
2017-02-15 14:40:19,745 INFO org.apache.hadoop.mapred.MapTask: bufstart = 0; bufend = 9056486; bufvoid = 104857600
2017-02-15 14:40:19,746 INFO org.apache.hadoop.mapred.MapTask: kvstart = 26214396(104857584); kvend = 22013108(88052432); length = 4201289/6553600
2017-02-15 14:40:19,958 INFO org.apache.hadoop.mapreduce.Job:  map 53% reduce 0%
2017-02-15 14:40:22,185 INFO org.apache.hadoop.mapred.LocalJobRunner: map > sort
2017-02-15 14:40:22,961 INFO org.apache.hadoop.mapreduce.Job:  map 56% reduce 0%
2017-02-15 14:40:25,186 INFO org.apache.hadoop.mapred.LocalJobRunner: map > sort
2017-02-15 14:40:26,781 INFO org.apache.hadoop.mapred.MapTask: Finished spill 0
2017-02-15 14:40:26,912 INFO org.apache.hadoop.mapred.Task: Task:attempt_local1558182883_0001_m_000001_0 is done. And is in the process of committing
2017-02-15 14:40:26,918 INFO org.apache.hadoop.mapred.LocalJobRunner: map
2017-02-15 14:40:26,922 INFO org.apache.hadoop.mapred.Task: Task 'attempt_local1558182883_0001_m_000001_0' done.
2017-02-15 14:40:26,923 INFO org.apache.hadoop.mapred.LocalJobRunner: Finishing task: attempt_local1558182883_0001_m_000001_0
2017-02-15 14:40:26,924 INFO org.apache.hadoop.mapred.LocalJobRunner: Starting task: attempt_local1558182883_0001_m_000002_0
2017-02-15 14:40:26,964 INFO org.apache.hadoop.mapreduce.Job:  map 100% reduce 0%
2017-02-15 14:40:26,974 INFO org.apache.hadoop.mapreduce.lib.output.FileOutputCommitter: File Output Committer Algorithm version is 1
2017-02-15 14:40:26,974 INFO org.apache.hadoop.mapred.Task:  Using ResourceCalculatorProcessTree : [ ]
2017-02-15 14:40:27,113 INFO org.apache.hadoop.mapred.MapTask: Processing split: file:/home/cloudera/workspace/Assignment1/input/pg31100.txt:0+4454047
2017-02-15 14:40:27,489 INFO org.apache.hadoop.mapred.MapTask: (EQUATOR) 0 kvi 26214396(104857584)
2017-02-15 14:40:27,492 INFO org.apache.hadoop.mapred.MapTask: mapreduce.task.io.sort.mb: 100
2017-02-15 14:40:27,492 INFO org.apache.hadoop.mapred.MapTask: soft limit at 83886080
2017-02-15 14:40:27,493 INFO org.apache.hadoop.mapred.MapTask: bufstart = 0; bufvoid = 104857600
2017-02-15 14:40:27,494 INFO org.apache.hadoop.mapred.MapTask: kvstart = 26214396; length = 6553600
2017-02-15 14:40:27,510 INFO org.apache.hadoop.mapred.MapTask: Map output collector class = org.apache.hadoop.mapred.MapTask$MapOutputBuffer
2017-02-15 14:40:31,860 INFO org.apache.hadoop.mapred.LocalJobRunner: 
2017-02-15 14:40:31,861 INFO org.apache.hadoop.mapred.MapTask: Starting flush of map output
2017-02-15 14:40:31,861 INFO org.apache.hadoop.mapred.MapTask: Spilling map output
2017-02-15 14:40:31,861 INFO org.apache.hadoop.mapred.MapTask: bufstart = 0; bufend = 7476348; bufvoid = 104857600
2017-02-15 14:40:31,861 INFO org.apache.hadoop.mapred.MapTask: kvstart = 26214396(104857584); kvend = 22967804(91871216); length = 3246593/6553600
2017-02-15 14:40:31,975 INFO org.apache.hadoop.mapreduce.Job:  map 67% reduce 0%
2017-02-15 14:40:32,991 INFO org.apache.hadoop.mapred.LocalJobRunner: map > sort
2017-02-15 14:40:33,977 INFO org.apache.hadoop.mapreduce.Job:  map 89% reduce 0%
2017-02-15 14:40:35,992 INFO org.apache.hadoop.mapred.LocalJobRunner: map > sort
2017-02-15 14:40:36,237 INFO org.apache.hadoop.mapred.MapTask: Finished spill 0
2017-02-15 14:40:36,252 INFO org.apache.hadoop.mapred.Task: Task:attempt_local1558182883_0001_m_000002_0 is done. And is in the process of committing
2017-02-15 14:40:36,259 INFO org.apache.hadoop.mapred.LocalJobRunner: map
2017-02-15 14:40:36,259 INFO org.apache.hadoop.mapred.Task: Task 'attempt_local1558182883_0001_m_000002_0' done.
2017-02-15 14:40:36,260 INFO org.apache.hadoop.mapred.LocalJobRunner: Finishing task: attempt_local1558182883_0001_m_000002_0
2017-02-15 14:40:36,265 INFO org.apache.hadoop.mapred.LocalJobRunner: map task executor complete.
2017-02-15 14:40:36,392 INFO org.apache.hadoop.mapred.LocalJobRunner: Waiting for reduce tasks
2017-02-15 14:40:36,400 INFO org.apache.hadoop.mapred.LocalJobRunner: Starting task: attempt_local1558182883_0001_r_000000_0
2017-02-15 14:40:36,462 INFO org.apache.hadoop.mapreduce.lib.output.FileOutputCommitter: File Output Committer Algorithm version is 1
2017-02-15 14:40:36,464 INFO org.apache.hadoop.mapred.Task:  Using ResourceCalculatorProcessTree : [ ]
2017-02-15 14:40:36,490 INFO org.apache.hadoop.mapred.ReduceTask: Using ShuffleConsumerPlugin: org.apache.hadoop.mapreduce.task.reduce.Shuffle@a746115
2017-02-15 14:40:36,654 INFO org.apache.hadoop.mapreduce.task.reduce.MergeManagerImpl: MergerManager: memoryLimit=261121632, maxSingleShuffleLimit=65280408, mergeThreshold=172340288, ioSortFactor=10, memToMemMergeOutputsThreshold=10
2017-02-15 14:40:36,676 INFO org.apache.hadoop.mapreduce.task.reduce.EventFetcher: attempt_local1558182883_0001_r_000000_0 Thread started: EventFetcher for fetching Map Completion Events
2017-02-15 14:40:36,910 INFO org.apache.hadoop.mapreduce.task.reduce.LocalFetcher: localfetcher#1 about to shuffle output of map attempt_local1558182883_0001_m_000000_0 decomp: 61 len: 65 to MEMORY
2017-02-15 14:40:36,979 INFO org.apache.hadoop.mapreduce.task.reduce.InMemoryMapOutput: Read 61 bytes from map-output for attempt_local1558182883_0001_m_000000_0
2017-02-15 14:40:36,979 INFO org.apache.hadoop.mapreduce.Job:  map 100% reduce 0%
2017-02-15 14:40:36,998 INFO org.apache.hadoop.mapreduce.task.reduce.MergeManagerImpl: closeInMemoryFile -> map-output of size: 61, inMemoryMapOutputs.size() -> 1, commitMemory -> 0, usedMemory ->61
2017-02-15 14:40:37,022 INFO org.apache.hadoop.mapreduce.task.reduce.LocalFetcher: localfetcher#1 about to shuffle output of map attempt_local1558182883_0001_m_000002_0 decomp: 31 len: 35 to MEMORY
2017-02-15 14:40:37,029 INFO org.apache.hadoop.mapreduce.task.reduce.InMemoryMapOutput: Read 31 bytes from map-output for attempt_local1558182883_0001_m_000002_0
2017-02-15 14:40:37,032 INFO org.apache.hadoop.mapreduce.task.reduce.MergeManagerImpl: closeInMemoryFile -> map-output of size: 31, inMemoryMapOutputs.size() -> 2, commitMemory -> 61, usedMemory ->92
2017-02-15 14:40:37,042 INFO org.apache.hadoop.mapreduce.task.reduce.LocalFetcher: localfetcher#1 about to shuffle output of map attempt_local1558182883_0001_m_000001_0 decomp: 30 len: 34 to MEMORY
2017-02-15 14:40:37,048 INFO org.apache.hadoop.mapreduce.task.reduce.InMemoryMapOutput: Read 30 bytes from map-output for attempt_local1558182883_0001_m_000001_0
2017-02-15 14:40:37,049 INFO org.apache.hadoop.mapreduce.task.reduce.MergeManagerImpl: closeInMemoryFile -> map-output of size: 30, inMemoryMapOutputs.size() -> 3, commitMemory -> 92, usedMemory ->122
2017-02-15 14:40:37,053 INFO org.apache.hadoop.mapreduce.task.reduce.EventFetcher: EventFetcher is interrupted.. Returning
2017-02-15 14:40:37,055 INFO org.apache.hadoop.mapred.LocalJobRunner: 3 / 3 copied.
2017-02-15 14:40:37,055 INFO org.apache.hadoop.mapreduce.task.reduce.MergeManagerImpl: finalMerge called with 3 in-memory map-outputs and 0 on-disk map-outputs
2017-02-15 14:40:37,115 INFO org.apache.hadoop.mapred.Merger: Merging 3 sorted segments
2017-02-15 14:40:37,116 INFO org.apache.hadoop.mapred.Merger: Down to the last merge-pass, with 3 segments left of total size: 104 bytes
2017-02-15 14:40:37,121 INFO org.apache.hadoop.mapreduce.task.reduce.MergeManagerImpl: Merged 3 segments, 122 bytes to disk to satisfy reduce memory limit
2017-02-15 14:40:37,127 INFO org.apache.hadoop.mapreduce.task.reduce.MergeManagerImpl: Merging 1 files, 122 bytes from disk
2017-02-15 14:40:37,133 INFO org.apache.hadoop.mapreduce.task.reduce.MergeManagerImpl: Merging 0 segments, 0 bytes from memory into reduce
2017-02-15 14:40:37,135 INFO org.apache.hadoop.mapred.Merger: Merging 1 sorted segments
2017-02-15 14:40:37,144 INFO org.apache.hadoop.mapred.Merger: Down to the last merge-pass, with 1 segments left of total size: 110 bytes
2017-02-15 14:40:37,146 INFO org.apache.hadoop.mapred.LocalJobRunner: 3 / 3 copied.
2017-02-15 14:40:37,218 INFO org.apache.hadoop.conf.Configuration.deprecation: mapred.skip.on is deprecated. Instead, use mapreduce.job.skiprecords
2017-02-15 14:40:37,224 INFO org.apache.hadoop.mapred.Task: Task:attempt_local1558182883_0001_r_000000_0 is done. And is in the process of committing
2017-02-15 14:40:37,237 INFO org.apache.hadoop.mapred.LocalJobRunner: 3 / 3 copied.
2017-02-15 14:40:37,239 INFO org.apache.hadoop.mapred.Task: Task attempt_local1558182883_0001_r_000000_0 is allowed to commit now
2017-02-15 14:40:37,245 INFO org.apache.hadoop.mapreduce.lib.output.FileOutputCommitter: Saved output of task 'attempt_local1558182883_0001_r_000000_0' to file:/home/cloudera/workspace/Assignment1/Stopwords_10red_comb_compr/output/_temporary/0/task_local1558182883_0001_r_000000
2017-02-15 14:40:37,250 INFO org.apache.hadoop.mapred.LocalJobRunner: reduce > reduce
2017-02-15 14:40:37,255 INFO org.apache.hadoop.mapred.Task: Task 'attempt_local1558182883_0001_r_000000_0' done.
2017-02-15 14:40:37,255 INFO org.apache.hadoop.mapred.LocalJobRunner: Finishing task: attempt_local1558182883_0001_r_000000_0
2017-02-15 14:40:37,256 INFO org.apache.hadoop.mapred.LocalJobRunner: Starting task: attempt_local1558182883_0001_r_000001_0
2017-02-15 14:40:37,266 INFO org.apache.hadoop.mapreduce.lib.output.FileOutputCommitter: File Output Committer Algorithm version is 1
2017-02-15 14:40:37,271 INFO org.apache.hadoop.mapred.Task:  Using ResourceCalculatorProcessTree : [ ]
2017-02-15 14:40:37,272 INFO org.apache.hadoop.mapred.ReduceTask: Using ShuffleConsumerPlugin: org.apache.hadoop.mapreduce.task.reduce.Shuffle@33ef546f
2017-02-15 14:40:37,276 INFO org.apache.hadoop.mapreduce.task.reduce.MergeManagerImpl: MergerManager: memoryLimit=261121632, maxSingleShuffleLimit=65280408, mergeThreshold=172340288, ioSortFactor=10, memToMemMergeOutputsThreshold=10
2017-02-15 14:40:37,287 INFO org.apache.hadoop.mapreduce.task.reduce.EventFetcher: attempt_local1558182883_0001_r_000001_0 Thread started: EventFetcher for fetching Map Completion Events
2017-02-15 14:40:37,309 INFO org.apache.hadoop.mapreduce.task.reduce.LocalFetcher: localfetcher#2 about to shuffle output of map attempt_local1558182883_0001_m_000000_0 decomp: 175 len: 179 to MEMORY
2017-02-15 14:40:37,311 INFO org.apache.hadoop.mapreduce.task.reduce.InMemoryMapOutput: Read 175 bytes from map-output for attempt_local1558182883_0001_m_000000_0
2017-02-15 14:40:37,312 INFO org.apache.hadoop.mapreduce.task.reduce.MergeManagerImpl: closeInMemoryFile -> map-output of size: 175, inMemoryMapOutputs.size() -> 1, commitMemory -> 0, usedMemory ->175
2017-02-15 14:40:37,317 INFO org.apache.hadoop.mapreduce.task.reduce.LocalFetcher: localfetcher#2 about to shuffle output of map attempt_local1558182883_0001_m_000002_0 decomp: 48 len: 52 to MEMORY
2017-02-15 14:40:37,328 INFO org.apache.hadoop.mapreduce.task.reduce.InMemoryMapOutput: Read 48 bytes from map-output for attempt_local1558182883_0001_m_000002_0
2017-02-15 14:40:37,330 INFO org.apache.hadoop.mapreduce.task.reduce.MergeManagerImpl: closeInMemoryFile -> map-output of size: 48, inMemoryMapOutputs.size() -> 2, commitMemory -> 175, usedMemory ->223
2017-02-15 14:40:37,334 INFO org.apache.hadoop.mapreduce.task.reduce.LocalFetcher: localfetcher#2 about to shuffle output of map attempt_local1558182883_0001_m_000001_0 decomp: 77 len: 81 to MEMORY
2017-02-15 14:40:37,339 INFO org.apache.hadoop.mapreduce.task.reduce.InMemoryMapOutput: Read 77 bytes from map-output for attempt_local1558182883_0001_m_000001_0
2017-02-15 14:40:37,340 INFO org.apache.hadoop.mapreduce.task.reduce.MergeManagerImpl: closeInMemoryFile -> map-output of size: 77, inMemoryMapOutputs.size() -> 3, commitMemory -> 223, usedMemory ->300
2017-02-15 14:40:37,341 INFO org.apache.hadoop.mapreduce.task.reduce.EventFetcher: EventFetcher is interrupted.. Returning
2017-02-15 14:40:37,342 INFO org.apache.hadoop.mapred.LocalJobRunner: 3 / 3 copied.
2017-02-15 14:40:37,342 INFO org.apache.hadoop.mapreduce.task.reduce.MergeManagerImpl: finalMerge called with 3 in-memory map-outputs and 0 on-disk map-outputs
2017-02-15 14:40:37,346 INFO org.apache.hadoop.mapred.Merger: Merging 3 sorted segments
2017-02-15 14:40:37,346 INFO org.apache.hadoop.mapred.Merger: Down to the last merge-pass, with 3 segments left of total size: 291 bytes
2017-02-15 14:40:37,350 INFO org.apache.hadoop.mapreduce.task.reduce.MergeManagerImpl: Merged 3 segments, 300 bytes to disk to satisfy reduce memory limit
2017-02-15 14:40:37,352 INFO org.apache.hadoop.mapreduce.task.reduce.MergeManagerImpl: Merging 1 files, 300 bytes from disk
2017-02-15 14:40:37,352 INFO org.apache.hadoop.mapreduce.task.reduce.MergeManagerImpl: Merging 0 segments, 0 bytes from memory into reduce
2017-02-15 14:40:37,352 INFO org.apache.hadoop.mapred.Merger: Merging 1 sorted segments
2017-02-15 14:40:37,355 INFO org.apache.hadoop.mapred.Merger: Down to the last merge-pass, with 1 segments left of total size: 293 bytes
2017-02-15 14:40:37,359 INFO org.apache.hadoop.mapred.LocalJobRunner: 3 / 3 copied.
2017-02-15 14:40:37,392 INFO org.apache.hadoop.mapred.Task: Task:attempt_local1558182883_0001_r_000001_0 is done. And is in the process of committing
2017-02-15 14:40:37,393 INFO org.apache.hadoop.mapred.LocalJobRunner: 3 / 3 copied.
2017-02-15 14:40:37,394 INFO org.apache.hadoop.mapred.Task: Task attempt_local1558182883_0001_r_000001_0 is allowed to commit now
2017-02-15 14:40:37,405 INFO org.apache.hadoop.mapreduce.lib.output.FileOutputCommitter: Saved output of task 'attempt_local1558182883_0001_r_000001_0' to file:/home/cloudera/workspace/Assignment1/Stopwords_10red_comb_compr/output/_temporary/0/task_local1558182883_0001_r_000001
2017-02-15 14:40:37,410 INFO org.apache.hadoop.mapred.LocalJobRunner: reduce > reduce
2017-02-15 14:40:37,411 INFO org.apache.hadoop.mapred.Task: Task 'attempt_local1558182883_0001_r_000001_0' done.
2017-02-15 14:40:37,413 INFO org.apache.hadoop.mapred.LocalJobRunner: Finishing task: attempt_local1558182883_0001_r_000001_0
2017-02-15 14:40:37,414 INFO org.apache.hadoop.mapred.LocalJobRunner: Starting task: attempt_local1558182883_0001_r_000002_0
2017-02-15 14:40:37,426 INFO org.apache.hadoop.mapreduce.lib.output.FileOutputCommitter: File Output Committer Algorithm version is 1
2017-02-15 14:40:37,427 INFO org.apache.hadoop.mapred.Task:  Using ResourceCalculatorProcessTree : [ ]
2017-02-15 14:40:37,427 INFO org.apache.hadoop.mapred.ReduceTask: Using ShuffleConsumerPlugin: org.apache.hadoop.mapreduce.task.reduce.Shuffle@596bb944
2017-02-15 14:40:37,433 INFO org.apache.hadoop.mapreduce.task.reduce.MergeManagerImpl: MergerManager: memoryLimit=261121632, maxSingleShuffleLimit=65280408, mergeThreshold=172340288, ioSortFactor=10, memToMemMergeOutputsThreshold=10
2017-02-15 14:40:37,450 INFO org.apache.hadoop.mapreduce.task.reduce.EventFetcher: attempt_local1558182883_0001_r_000002_0 Thread started: EventFetcher for fetching Map Completion Events
2017-02-15 14:40:37,462 INFO org.apache.hadoop.mapreduce.task.reduce.LocalFetcher: localfetcher#3 about to shuffle output of map attempt_local1558182883_0001_m_000000_0 decomp: 123 len: 127 to MEMORY
2017-02-15 14:40:37,466 INFO org.apache.hadoop.mapreduce.task.reduce.InMemoryMapOutput: Read 123 bytes from map-output for attempt_local1558182883_0001_m_000000_0
2017-02-15 14:40:37,467 INFO org.apache.hadoop.mapreduce.task.reduce.MergeManagerImpl: closeInMemoryFile -> map-output of size: 123, inMemoryMapOutputs.size() -> 1, commitMemory -> 0, usedMemory ->123
2017-02-15 14:40:37,478 INFO org.apache.hadoop.mapreduce.task.reduce.LocalFetcher: localfetcher#3 about to shuffle output of map attempt_local1558182883_0001_m_000002_0 decomp: 51 len: 55 to MEMORY
2017-02-15 14:40:37,491 INFO org.apache.hadoop.mapreduce.task.reduce.InMemoryMapOutput: Read 51 bytes from map-output for attempt_local1558182883_0001_m_000002_0
2017-02-15 14:40:37,492 INFO org.apache.hadoop.mapreduce.task.reduce.MergeManagerImpl: closeInMemoryFile -> map-output of size: 51, inMemoryMapOutputs.size() -> 2, commitMemory -> 123, usedMemory ->174
2017-02-15 14:40:37,499 INFO org.apache.hadoop.mapreduce.task.reduce.LocalFetcher: localfetcher#3 about to shuffle output of map attempt_local1558182883_0001_m_000001_0 decomp: 41 len: 45 to MEMORY
2017-02-15 14:40:37,506 INFO org.apache.hadoop.mapreduce.task.reduce.InMemoryMapOutput: Read 41 bytes from map-output for attempt_local1558182883_0001_m_000001_0
2017-02-15 14:40:37,506 INFO org.apache.hadoop.mapreduce.task.reduce.MergeManagerImpl: closeInMemoryFile -> map-output of size: 41, inMemoryMapOutputs.size() -> 3, commitMemory -> 174, usedMemory ->215
2017-02-15 14:40:37,514 INFO org.apache.hadoop.mapreduce.task.reduce.EventFetcher: EventFetcher is interrupted.. Returning
2017-02-15 14:40:37,515 INFO org.apache.hadoop.mapred.LocalJobRunner: 3 / 3 copied.
2017-02-15 14:40:37,515 INFO org.apache.hadoop.mapreduce.task.reduce.MergeManagerImpl: finalMerge called with 3 in-memory map-outputs and 0 on-disk map-outputs
2017-02-15 14:40:37,518 INFO org.apache.hadoop.mapred.Merger: Merging 3 sorted segments
2017-02-15 14:40:37,518 INFO org.apache.hadoop.mapred.Merger: Down to the last merge-pass, with 3 segments left of total size: 197 bytes
2017-02-15 14:40:37,523 INFO org.apache.hadoop.mapreduce.task.reduce.MergeManagerImpl: Merged 3 segments, 215 bytes to disk to satisfy reduce memory limit
2017-02-15 14:40:37,526 INFO org.apache.hadoop.mapreduce.task.reduce.MergeManagerImpl: Merging 1 files, 215 bytes from disk
2017-02-15 14:40:37,526 INFO org.apache.hadoop.mapreduce.task.reduce.MergeManagerImpl: Merging 0 segments, 0 bytes from memory into reduce
2017-02-15 14:40:37,527 INFO org.apache.hadoop.mapred.Merger: Merging 1 sorted segments
2017-02-15 14:40:37,528 INFO org.apache.hadoop.mapred.Merger: Down to the last merge-pass, with 1 segments left of total size: 205 bytes
2017-02-15 14:40:37,529 INFO org.apache.hadoop.mapred.LocalJobRunner: 3 / 3 copied.
2017-02-15 14:40:37,561 INFO org.apache.hadoop.mapred.Task: Task:attempt_local1558182883_0001_r_000002_0 is done. And is in the process of committing
2017-02-15 14:40:37,563 INFO org.apache.hadoop.mapred.LocalJobRunner: 3 / 3 copied.
2017-02-15 14:40:37,563 INFO org.apache.hadoop.mapred.Task: Task attempt_local1558182883_0001_r_000002_0 is allowed to commit now
2017-02-15 14:40:37,570 INFO org.apache.hadoop.mapreduce.lib.output.FileOutputCommitter: Saved output of task 'attempt_local1558182883_0001_r_000002_0' to file:/home/cloudera/workspace/Assignment1/Stopwords_10red_comb_compr/output/_temporary/0/task_local1558182883_0001_r_000002
2017-02-15 14:40:37,579 INFO org.apache.hadoop.mapred.LocalJobRunner: reduce > reduce
2017-02-15 14:40:37,581 INFO org.apache.hadoop.mapred.Task: Task 'attempt_local1558182883_0001_r_000002_0' done.
2017-02-15 14:40:37,581 INFO org.apache.hadoop.mapred.LocalJobRunner: Finishing task: attempt_local1558182883_0001_r_000002_0
2017-02-15 14:40:37,582 INFO org.apache.hadoop.mapred.LocalJobRunner: Starting task: attempt_local1558182883_0001_r_000003_0
2017-02-15 14:40:37,590 INFO org.apache.hadoop.mapreduce.lib.output.FileOutputCommitter: File Output Committer Algorithm version is 1
2017-02-15 14:40:37,594 INFO org.apache.hadoop.mapred.Task:  Using ResourceCalculatorProcessTree : [ ]
2017-02-15 14:40:37,597 INFO org.apache.hadoop.mapred.ReduceTask: Using ShuffleConsumerPlugin: org.apache.hadoop.mapreduce.task.reduce.Shuffle@78df509f
2017-02-15 14:40:37,612 INFO org.apache.hadoop.mapreduce.task.reduce.MergeManagerImpl: MergerManager: memoryLimit=261121632, maxSingleShuffleLimit=65280408, mergeThreshold=172340288, ioSortFactor=10, memToMemMergeOutputsThreshold=10
2017-02-15 14:40:37,620 INFO org.apache.hadoop.mapreduce.task.reduce.EventFetcher: attempt_local1558182883_0001_r_000003_0 Thread started: EventFetcher for fetching Map Completion Events
2017-02-15 14:40:37,635 INFO org.apache.hadoop.mapreduce.task.reduce.LocalFetcher: localfetcher#4 about to shuffle output of map attempt_local1558182883_0001_m_000000_0 decomp: 63 len: 67 to MEMORY
2017-02-15 14:40:37,642 INFO org.apache.hadoop.mapreduce.task.reduce.InMemoryMapOutput: Read 63 bytes from map-output for attempt_local1558182883_0001_m_000000_0
2017-02-15 14:40:37,643 INFO org.apache.hadoop.mapreduce.task.reduce.MergeManagerImpl: closeInMemoryFile -> map-output of size: 63, inMemoryMapOutputs.size() -> 1, commitMemory -> 0, usedMemory ->63
2017-02-15 14:40:37,652 INFO org.apache.hadoop.mapreduce.task.reduce.LocalFetcher: localfetcher#4 about to shuffle output of map attempt_local1558182883_0001_m_000002_0 decomp: 11 len: 15 to MEMORY
2017-02-15 14:40:37,655 INFO org.apache.hadoop.mapreduce.task.reduce.InMemoryMapOutput: Read 11 bytes from map-output for attempt_local1558182883_0001_m_000002_0
2017-02-15 14:40:37,656 INFO org.apache.hadoop.mapreduce.task.reduce.MergeManagerImpl: closeInMemoryFile -> map-output of size: 11, inMemoryMapOutputs.size() -> 2, commitMemory -> 63, usedMemory ->74
2017-02-15 14:40:37,668 INFO org.apache.hadoop.mapreduce.task.reduce.LocalFetcher: localfetcher#4 about to shuffle output of map attempt_local1558182883_0001_m_000001_0 decomp: 11 len: 15 to MEMORY
2017-02-15 14:40:37,679 INFO org.apache.hadoop.mapreduce.task.reduce.InMemoryMapOutput: Read 11 bytes from map-output for attempt_local1558182883_0001_m_000001_0
2017-02-15 14:40:37,681 INFO org.apache.hadoop.mapreduce.task.reduce.MergeManagerImpl: closeInMemoryFile -> map-output of size: 11, inMemoryMapOutputs.size() -> 3, commitMemory -> 74, usedMemory ->85
2017-02-15 14:40:37,682 INFO org.apache.hadoop.mapreduce.task.reduce.EventFetcher: EventFetcher is interrupted.. Returning
2017-02-15 14:40:37,683 INFO org.apache.hadoop.mapred.LocalJobRunner: 3 / 3 copied.
2017-02-15 14:40:37,683 INFO org.apache.hadoop.mapreduce.task.reduce.MergeManagerImpl: finalMerge called with 3 in-memory map-outputs and 0 on-disk map-outputs
2017-02-15 14:40:37,689 INFO org.apache.hadoop.mapred.Merger: Merging 3 sorted segments
2017-02-15 14:40:37,690 INFO org.apache.hadoop.mapred.Merger: Down to the last merge-pass, with 3 segments left of total size: 69 bytes
2017-02-15 14:40:37,693 INFO org.apache.hadoop.mapreduce.task.reduce.MergeManagerImpl: Merged 3 segments, 85 bytes to disk to satisfy reduce memory limit
2017-02-15 14:40:37,699 INFO org.apache.hadoop.mapreduce.task.reduce.MergeManagerImpl: Merging 1 files, 85 bytes from disk
2017-02-15 14:40:37,703 INFO org.apache.hadoop.mapreduce.task.reduce.MergeManagerImpl: Merging 0 segments, 0 bytes from memory into reduce
2017-02-15 14:40:37,704 INFO org.apache.hadoop.mapred.Merger: Merging 1 sorted segments
2017-02-15 14:40:37,705 INFO org.apache.hadoop.mapred.Merger: Down to the last merge-pass, with 1 segments left of total size: 75 bytes
2017-02-15 14:40:37,710 INFO org.apache.hadoop.mapred.LocalJobRunner: 3 / 3 copied.
2017-02-15 14:40:37,727 INFO org.apache.hadoop.mapred.Task: Task:attempt_local1558182883_0001_r_000003_0 is done. And is in the process of committing
2017-02-15 14:40:37,732 INFO org.apache.hadoop.mapred.LocalJobRunner: 3 / 3 copied.
2017-02-15 14:40:37,734 INFO org.apache.hadoop.mapred.Task: Task attempt_local1558182883_0001_r_000003_0 is allowed to commit now
2017-02-15 14:40:37,738 INFO org.apache.hadoop.mapreduce.lib.output.FileOutputCommitter: Saved output of task 'attempt_local1558182883_0001_r_000003_0' to file:/home/cloudera/workspace/Assignment1/Stopwords_10red_comb_compr/output/_temporary/0/task_local1558182883_0001_r_000003
2017-02-15 14:40:37,743 INFO org.apache.hadoop.mapred.LocalJobRunner: reduce > reduce
2017-02-15 14:40:37,744 INFO org.apache.hadoop.mapred.Task: Task 'attempt_local1558182883_0001_r_000003_0' done.
2017-02-15 14:40:37,745 INFO org.apache.hadoop.mapred.LocalJobRunner: Finishing task: attempt_local1558182883_0001_r_000003_0
2017-02-15 14:40:37,747 INFO org.apache.hadoop.mapred.LocalJobRunner: Starting task: attempt_local1558182883_0001_r_000004_0
2017-02-15 14:40:37,755 INFO org.apache.hadoop.mapreduce.lib.output.FileOutputCommitter: File Output Committer Algorithm version is 1
2017-02-15 14:40:37,756 INFO org.apache.hadoop.mapred.Task:  Using ResourceCalculatorProcessTree : [ ]
2017-02-15 14:40:37,757 INFO org.apache.hadoop.mapred.ReduceTask: Using ShuffleConsumerPlugin: org.apache.hadoop.mapreduce.task.reduce.Shuffle@7826221e
2017-02-15 14:40:37,762 INFO org.apache.hadoop.mapreduce.task.reduce.MergeManagerImpl: MergerManager: memoryLimit=261121632, maxSingleShuffleLimit=65280408, mergeThreshold=172340288, ioSortFactor=10, memToMemMergeOutputsThreshold=10
2017-02-15 14:40:37,781 INFO org.apache.hadoop.mapreduce.task.reduce.EventFetcher: attempt_local1558182883_0001_r_000004_0 Thread started: EventFetcher for fetching Map Completion Events
2017-02-15 14:40:37,789 INFO org.apache.hadoop.mapreduce.task.reduce.LocalFetcher: localfetcher#5 about to shuffle output of map attempt_local1558182883_0001_m_000000_0 decomp: 52 len: 56 to MEMORY
2017-02-15 14:40:37,791 INFO org.apache.hadoop.mapreduce.task.reduce.InMemoryMapOutput: Read 52 bytes from map-output for attempt_local1558182883_0001_m_000000_0
2017-02-15 14:40:37,793 INFO org.apache.hadoop.mapreduce.task.reduce.MergeManagerImpl: closeInMemoryFile -> map-output of size: 52, inMemoryMapOutputs.size() -> 1, commitMemory -> 0, usedMemory ->52
2017-02-15 14:40:37,800 INFO org.apache.hadoop.mapreduce.task.reduce.LocalFetcher: localfetcher#5 about to shuffle output of map attempt_local1558182883_0001_m_000002_0 decomp: 41 len: 45 to MEMORY
2017-02-15 14:40:37,805 INFO org.apache.hadoop.mapreduce.task.reduce.InMemoryMapOutput: Read 41 bytes from map-output for attempt_local1558182883_0001_m_000002_0
2017-02-15 14:40:37,808 INFO org.apache.hadoop.mapreduce.task.reduce.MergeManagerImpl: closeInMemoryFile -> map-output of size: 41, inMemoryMapOutputs.size() -> 2, commitMemory -> 52, usedMemory ->93
2017-02-15 14:40:37,817 INFO org.apache.hadoop.mapreduce.task.reduce.LocalFetcher: localfetcher#5 about to shuffle output of map attempt_local1558182883_0001_m_000001_0 decomp: 33 len: 37 to MEMORY
2017-02-15 14:40:37,820 INFO org.apache.hadoop.mapreduce.task.reduce.InMemoryMapOutput: Read 33 bytes from map-output for attempt_local1558182883_0001_m_000001_0
2017-02-15 14:40:37,823 INFO org.apache.hadoop.mapreduce.task.reduce.MergeManagerImpl: closeInMemoryFile -> map-output of size: 33, inMemoryMapOutputs.size() -> 3, commitMemory -> 93, usedMemory ->126
2017-02-15 14:40:37,828 INFO org.apache.hadoop.mapreduce.task.reduce.EventFetcher: EventFetcher is interrupted.. Returning
2017-02-15 14:40:37,829 INFO org.apache.hadoop.mapred.LocalJobRunner: 3 / 3 copied.
2017-02-15 14:40:37,829 INFO org.apache.hadoop.mapreduce.task.reduce.MergeManagerImpl: finalMerge called with 3 in-memory map-outputs and 0 on-disk map-outputs
2017-02-15 14:40:37,835 INFO org.apache.hadoop.mapred.Merger: Merging 3 sorted segments
2017-02-15 14:40:37,836 INFO org.apache.hadoop.mapred.Merger: Down to the last merge-pass, with 3 segments left of total size: 109 bytes
2017-02-15 14:40:37,842 INFO org.apache.hadoop.mapreduce.task.reduce.MergeManagerImpl: Merged 3 segments, 126 bytes to disk to satisfy reduce memory limit
2017-02-15 14:40:37,845 INFO org.apache.hadoop.mapreduce.task.reduce.MergeManagerImpl: Merging 1 files, 126 bytes from disk
2017-02-15 14:40:37,846 INFO org.apache.hadoop.mapreduce.task.reduce.MergeManagerImpl: Merging 0 segments, 0 bytes from memory into reduce
2017-02-15 14:40:37,847 INFO org.apache.hadoop.mapred.Merger: Merging 1 sorted segments
2017-02-15 14:40:37,847 INFO org.apache.hadoop.mapred.Merger: Down to the last merge-pass, with 1 segments left of total size: 116 bytes
2017-02-15 14:40:37,847 INFO org.apache.hadoop.mapred.LocalJobRunner: 3 / 3 copied.
2017-02-15 14:40:37,870 INFO org.apache.hadoop.mapred.Task: Task:attempt_local1558182883_0001_r_000004_0 is done. And is in the process of committing
2017-02-15 14:40:37,871 INFO org.apache.hadoop.mapred.LocalJobRunner: 3 / 3 copied.
2017-02-15 14:40:37,871 INFO org.apache.hadoop.mapred.Task: Task attempt_local1558182883_0001_r_000004_0 is allowed to commit now
2017-02-15 14:40:37,872 INFO org.apache.hadoop.mapreduce.lib.output.FileOutputCommitter: Saved output of task 'attempt_local1558182883_0001_r_000004_0' to file:/home/cloudera/workspace/Assignment1/Stopwords_10red_comb_compr/output/_temporary/0/task_local1558182883_0001_r_000004
2017-02-15 14:40:37,879 INFO org.apache.hadoop.mapred.LocalJobRunner: reduce > reduce
2017-02-15 14:40:37,880 INFO org.apache.hadoop.mapred.Task: Task 'attempt_local1558182883_0001_r_000004_0' done.
2017-02-15 14:40:37,881 INFO org.apache.hadoop.mapred.LocalJobRunner: Finishing task: attempt_local1558182883_0001_r_000004_0
2017-02-15 14:40:37,882 INFO org.apache.hadoop.mapred.LocalJobRunner: Starting task: attempt_local1558182883_0001_r_000005_0
2017-02-15 14:40:37,896 INFO org.apache.hadoop.mapreduce.lib.output.FileOutputCommitter: File Output Committer Algorithm version is 1
2017-02-15 14:40:37,900 INFO org.apache.hadoop.mapred.Task:  Using ResourceCalculatorProcessTree : [ ]
2017-02-15 14:40:37,900 INFO org.apache.hadoop.mapred.ReduceTask: Using ShuffleConsumerPlugin: org.apache.hadoop.mapreduce.task.reduce.Shuffle@30e9b11c
2017-02-15 14:40:37,906 INFO org.apache.hadoop.mapreduce.task.reduce.MergeManagerImpl: MergerManager: memoryLimit=261121632, maxSingleShuffleLimit=65280408, mergeThreshold=172340288, ioSortFactor=10, memToMemMergeOutputsThreshold=10
2017-02-15 14:40:37,920 INFO org.apache.hadoop.mapreduce.task.reduce.EventFetcher: attempt_local1558182883_0001_r_000005_0 Thread started: EventFetcher for fetching Map Completion Events
2017-02-15 14:40:37,931 INFO org.apache.hadoop.mapreduce.task.reduce.LocalFetcher: localfetcher#6 about to shuffle output of map attempt_local1558182883_0001_m_000000_0 decomp: 66 len: 70 to MEMORY
2017-02-15 14:40:37,943 INFO org.apache.hadoop.mapreduce.task.reduce.InMemoryMapOutput: Read 66 bytes from map-output for attempt_local1558182883_0001_m_000000_0
2017-02-15 14:40:37,948 INFO org.apache.hadoop.mapreduce.task.reduce.MergeManagerImpl: closeInMemoryFile -> map-output of size: 66, inMemoryMapOutputs.size() -> 1, commitMemory -> 0, usedMemory ->66
2017-02-15 14:40:37,956 INFO org.apache.hadoop.mapreduce.task.reduce.LocalFetcher: localfetcher#6 about to shuffle output of map attempt_local1558182883_0001_m_000002_0 decomp: 23 len: 27 to MEMORY
2017-02-15 14:40:37,960 INFO org.apache.hadoop.mapreduce.task.reduce.InMemoryMapOutput: Read 23 bytes from map-output for attempt_local1558182883_0001_m_000002_0
2017-02-15 14:40:37,962 INFO org.apache.hadoop.mapreduce.task.reduce.MergeManagerImpl: closeInMemoryFile -> map-output of size: 23, inMemoryMapOutputs.size() -> 2, commitMemory -> 66, usedMemory ->89
2017-02-15 14:40:37,972 INFO org.apache.hadoop.mapreduce.task.reduce.LocalFetcher: localfetcher#6 about to shuffle output of map attempt_local1558182883_0001_m_000001_0 decomp: 23 len: 27 to MEMORY
2017-02-15 14:40:37,974 INFO org.apache.hadoop.mapreduce.task.reduce.InMemoryMapOutput: Read 23 bytes from map-output for attempt_local1558182883_0001_m_000001_0
2017-02-15 14:40:37,975 INFO org.apache.hadoop.mapreduce.task.reduce.MergeManagerImpl: closeInMemoryFile -> map-output of size: 23, inMemoryMapOutputs.size() -> 3, commitMemory -> 89, usedMemory ->112
2017-02-15 14:40:37,975 INFO org.apache.hadoop.mapreduce.task.reduce.EventFetcher: EventFetcher is interrupted.. Returning
2017-02-15 14:40:37,977 INFO org.apache.hadoop.mapred.LocalJobRunner: 3 / 3 copied.
2017-02-15 14:40:37,978 INFO org.apache.hadoop.mapreduce.task.reduce.MergeManagerImpl: finalMerge called with 3 in-memory map-outputs and 0 on-disk map-outputs
2017-02-15 14:40:37,979 INFO org.apache.hadoop.mapred.Merger: Merging 3 sorted segments
2017-02-15 14:40:37,979 INFO org.apache.hadoop.mapred.Merger: Down to the last merge-pass, with 3 segments left of total size: 94 bytes
2017-02-15 14:40:37,981 INFO org.apache.hadoop.mapreduce.task.reduce.MergeManagerImpl: Merged 3 segments, 112 bytes to disk to satisfy reduce memory limit
2017-02-15 14:40:37,982 INFO org.apache.hadoop.mapreduce.Job:  map 100% reduce 50%
2017-02-15 14:40:37,984 INFO org.apache.hadoop.mapreduce.task.reduce.MergeManagerImpl: Merging 1 files, 112 bytes from disk
2017-02-15 14:40:37,985 INFO org.apache.hadoop.mapreduce.task.reduce.MergeManagerImpl: Merging 0 segments, 0 bytes from memory into reduce
2017-02-15 14:40:37,989 INFO org.apache.hadoop.mapred.Merger: Merging 1 sorted segments
2017-02-15 14:40:37,990 INFO org.apache.hadoop.mapred.Merger: Down to the last merge-pass, with 1 segments left of total size: 102 bytes
2017-02-15 14:40:38,006 INFO org.apache.hadoop.mapred.LocalJobRunner: 3 / 3 copied.
2017-02-15 14:40:38,049 INFO org.apache.hadoop.mapred.Task: Task:attempt_local1558182883_0001_r_000005_0 is done. And is in the process of committing
2017-02-15 14:40:38,051 INFO org.apache.hadoop.mapred.LocalJobRunner: 3 / 3 copied.
2017-02-15 14:40:38,058 INFO org.apache.hadoop.mapred.Task: Task attempt_local1558182883_0001_r_000005_0 is allowed to commit now
2017-02-15 14:40:38,066 INFO org.apache.hadoop.mapreduce.lib.output.FileOutputCommitter: Saved output of task 'attempt_local1558182883_0001_r_000005_0' to file:/home/cloudera/workspace/Assignment1/Stopwords_10red_comb_compr/output/_temporary/0/task_local1558182883_0001_r_000005
2017-02-15 14:40:38,073 INFO org.apache.hadoop.mapred.LocalJobRunner: reduce > reduce
2017-02-15 14:40:38,075 INFO org.apache.hadoop.mapred.Task: Task 'attempt_local1558182883_0001_r_000005_0' done.
2017-02-15 14:40:38,075 INFO org.apache.hadoop.mapred.LocalJobRunner: Finishing task: attempt_local1558182883_0001_r_000005_0
2017-02-15 14:40:38,076 INFO org.apache.hadoop.mapred.LocalJobRunner: Starting task: attempt_local1558182883_0001_r_000006_0
2017-02-15 14:40:38,088 INFO org.apache.hadoop.mapreduce.lib.output.FileOutputCommitter: File Output Committer Algorithm version is 1
2017-02-15 14:40:38,092 INFO org.apache.hadoop.mapred.Task:  Using ResourceCalculatorProcessTree : [ ]
2017-02-15 14:40:38,092 INFO org.apache.hadoop.mapred.ReduceTask: Using ShuffleConsumerPlugin: org.apache.hadoop.mapreduce.task.reduce.Shuffle@50fc1387
2017-02-15 14:40:38,112 INFO org.apache.hadoop.mapreduce.task.reduce.MergeManagerImpl: MergerManager: memoryLimit=261121632, maxSingleShuffleLimit=65280408, mergeThreshold=172340288, ioSortFactor=10, memToMemMergeOutputsThreshold=10
2017-02-15 14:40:38,125 INFO org.apache.hadoop.mapreduce.task.reduce.EventFetcher: attempt_local1558182883_0001_r_000006_0 Thread started: EventFetcher for fetching Map Completion Events
2017-02-15 14:40:38,162 INFO org.apache.hadoop.mapreduce.task.reduce.LocalFetcher: localfetcher#7 about to shuffle output of map attempt_local1558182883_0001_m_000000_0 decomp: 112 len: 116 to MEMORY
2017-02-15 14:40:38,163 INFO org.apache.hadoop.mapreduce.task.reduce.InMemoryMapOutput: Read 112 bytes from map-output for attempt_local1558182883_0001_m_000000_0
2017-02-15 14:40:38,163 INFO org.apache.hadoop.mapreduce.task.reduce.MergeManagerImpl: closeInMemoryFile -> map-output of size: 112, inMemoryMapOutputs.size() -> 1, commitMemory -> 0, usedMemory ->112
2017-02-15 14:40:38,181 INFO org.apache.hadoop.mapreduce.task.reduce.LocalFetcher: localfetcher#7 about to shuffle output of map attempt_local1558182883_0001_m_000002_0 decomp: 36 len: 40 to MEMORY
2017-02-15 14:40:38,185 INFO org.apache.hadoop.mapreduce.task.reduce.InMemoryMapOutput: Read 36 bytes from map-output for attempt_local1558182883_0001_m_000002_0
2017-02-15 14:40:38,186 INFO org.apache.hadoop.mapreduce.task.reduce.MergeManagerImpl: closeInMemoryFile -> map-output of size: 36, inMemoryMapOutputs.size() -> 2, commitMemory -> 112, usedMemory ->148
2017-02-15 14:40:38,206 INFO org.apache.hadoop.mapreduce.task.reduce.LocalFetcher: localfetcher#7 about to shuffle output of map attempt_local1558182883_0001_m_000001_0 decomp: 36 len: 40 to MEMORY
2017-02-15 14:40:38,209 INFO org.apache.hadoop.mapreduce.task.reduce.InMemoryMapOutput: Read 36 bytes from map-output for attempt_local1558182883_0001_m_000001_0
2017-02-15 14:40:38,210 INFO org.apache.hadoop.mapreduce.task.reduce.MergeManagerImpl: closeInMemoryFile -> map-output of size: 36, inMemoryMapOutputs.size() -> 3, commitMemory -> 148, usedMemory ->184
2017-02-15 14:40:38,213 INFO org.apache.hadoop.mapreduce.task.reduce.EventFetcher: EventFetcher is interrupted.. Returning
2017-02-15 14:40:38,214 INFO org.apache.hadoop.mapred.LocalJobRunner: 3 / 3 copied.
2017-02-15 14:40:38,214 INFO org.apache.hadoop.mapreduce.task.reduce.MergeManagerImpl: finalMerge called with 3 in-memory map-outputs and 0 on-disk map-outputs
2017-02-15 14:40:38,216 INFO org.apache.hadoop.mapred.Merger: Merging 3 sorted segments
2017-02-15 14:40:38,217 INFO org.apache.hadoop.mapred.Merger: Down to the last merge-pass, with 3 segments left of total size: 166 bytes
2017-02-15 14:40:38,221 INFO org.apache.hadoop.mapreduce.task.reduce.MergeManagerImpl: Merged 3 segments, 184 bytes to disk to satisfy reduce memory limit
2017-02-15 14:40:38,223 INFO org.apache.hadoop.mapreduce.task.reduce.MergeManagerImpl: Merging 1 files, 184 bytes from disk
2017-02-15 14:40:38,224 INFO org.apache.hadoop.mapreduce.task.reduce.MergeManagerImpl: Merging 0 segments, 0 bytes from memory into reduce
2017-02-15 14:40:38,224 INFO org.apache.hadoop.mapred.Merger: Merging 1 sorted segments
2017-02-15 14:40:38,226 INFO org.apache.hadoop.mapred.Merger: Down to the last merge-pass, with 1 segments left of total size: 172 bytes
2017-02-15 14:40:38,233 INFO org.apache.hadoop.mapred.LocalJobRunner: 3 / 3 copied.
2017-02-15 14:40:38,273 INFO org.apache.hadoop.mapred.Task: Task:attempt_local1558182883_0001_r_000006_0 is done. And is in the process of committing
2017-02-15 14:40:38,275 INFO org.apache.hadoop.mapred.LocalJobRunner: 3 / 3 copied.
2017-02-15 14:40:38,276 INFO org.apache.hadoop.mapred.Task: Task attempt_local1558182883_0001_r_000006_0 is allowed to commit now
2017-02-15 14:40:38,297 INFO org.apache.hadoop.mapreduce.lib.output.FileOutputCommitter: Saved output of task 'attempt_local1558182883_0001_r_000006_0' to file:/home/cloudera/workspace/Assignment1/Stopwords_10red_comb_compr/output/_temporary/0/task_local1558182883_0001_r_000006
2017-02-15 14:40:38,300 INFO org.apache.hadoop.mapred.LocalJobRunner: reduce > reduce
2017-02-15 14:40:38,302 INFO org.apache.hadoop.mapred.Task: Task 'attempt_local1558182883_0001_r_000006_0' done.
2017-02-15 14:40:38,302 INFO org.apache.hadoop.mapred.LocalJobRunner: Finishing task: attempt_local1558182883_0001_r_000006_0
2017-02-15 14:40:38,306 INFO org.apache.hadoop.mapred.LocalJobRunner: Starting task: attempt_local1558182883_0001_r_000007_0
2017-02-15 14:40:38,316 INFO org.apache.hadoop.mapreduce.lib.output.FileOutputCommitter: File Output Committer Algorithm version is 1
2017-02-15 14:40:38,317 INFO org.apache.hadoop.mapred.Task:  Using ResourceCalculatorProcessTree : [ ]
2017-02-15 14:40:38,318 INFO org.apache.hadoop.mapred.ReduceTask: Using ShuffleConsumerPlugin: org.apache.hadoop.mapreduce.task.reduce.Shuffle@49a931a8
2017-02-15 14:40:38,325 INFO org.apache.hadoop.mapreduce.task.reduce.MergeManagerImpl: MergerManager: memoryLimit=261121632, maxSingleShuffleLimit=65280408, mergeThreshold=172340288, ioSortFactor=10, memToMemMergeOutputsThreshold=10
2017-02-15 14:40:38,342 INFO org.apache.hadoop.mapreduce.task.reduce.EventFetcher: attempt_local1558182883_0001_r_000007_0 Thread started: EventFetcher for fetching Map Completion Events
2017-02-15 14:40:38,354 INFO org.apache.hadoop.mapreduce.task.reduce.LocalFetcher: localfetcher#8 about to shuffle output of map attempt_local1558182883_0001_m_000000_0 decomp: 150 len: 154 to MEMORY
2017-02-15 14:40:38,363 INFO org.apache.hadoop.mapreduce.task.reduce.InMemoryMapOutput: Read 150 bytes from map-output for attempt_local1558182883_0001_m_000000_0
2017-02-15 14:40:38,366 INFO org.apache.hadoop.mapreduce.task.reduce.MergeManagerImpl: closeInMemoryFile -> map-output of size: 150, inMemoryMapOutputs.size() -> 1, commitMemory -> 0, usedMemory ->150
2017-02-15 14:40:38,376 INFO org.apache.hadoop.mapreduce.task.reduce.LocalFetcher: localfetcher#8 about to shuffle output of map attempt_local1558182883_0001_m_000002_0 decomp: 11 len: 15 to MEMORY
2017-02-15 14:40:38,380 INFO org.apache.hadoop.mapreduce.task.reduce.InMemoryMapOutput: Read 11 bytes from map-output for attempt_local1558182883_0001_m_000002_0
2017-02-15 14:40:38,381 INFO org.apache.hadoop.mapreduce.task.reduce.MergeManagerImpl: closeInMemoryFile -> map-output of size: 11, inMemoryMapOutputs.size() -> 2, commitMemory -> 150, usedMemory ->161
2017-02-15 14:40:38,387 INFO org.apache.hadoop.mapreduce.task.reduce.LocalFetcher: localfetcher#8 about to shuffle output of map attempt_local1558182883_0001_m_000001_0 decomp: 22 len: 26 to MEMORY
2017-02-15 14:40:38,393 INFO org.apache.hadoop.mapreduce.task.reduce.InMemoryMapOutput: Read 22 bytes from map-output for attempt_local1558182883_0001_m_000001_0
2017-02-15 14:40:38,393 INFO org.apache.hadoop.mapreduce.task.reduce.MergeManagerImpl: closeInMemoryFile -> map-output of size: 22, inMemoryMapOutputs.size() -> 3, commitMemory -> 161, usedMemory ->183
2017-02-15 14:40:38,394 INFO org.apache.hadoop.mapreduce.task.reduce.EventFetcher: EventFetcher is interrupted.. Returning
2017-02-15 14:40:38,395 INFO org.apache.hadoop.mapred.LocalJobRunner: 3 / 3 copied.
2017-02-15 14:40:38,395 INFO org.apache.hadoop.mapreduce.task.reduce.MergeManagerImpl: finalMerge called with 3 in-memory map-outputs and 0 on-disk map-outputs
2017-02-15 14:40:38,397 INFO org.apache.hadoop.mapred.Merger: Merging 3 sorted segments
2017-02-15 14:40:38,398 INFO org.apache.hadoop.mapred.Merger: Down to the last merge-pass, with 3 segments left of total size: 167 bytes
2017-02-15 14:40:38,411 INFO org.apache.hadoop.mapreduce.task.reduce.MergeManagerImpl: Merged 3 segments, 183 bytes to disk to satisfy reduce memory limit
2017-02-15 14:40:38,413 INFO org.apache.hadoop.mapreduce.task.reduce.MergeManagerImpl: Merging 1 files, 183 bytes from disk
2017-02-15 14:40:38,415 INFO org.apache.hadoop.mapreduce.task.reduce.MergeManagerImpl: Merging 0 segments, 0 bytes from memory into reduce
2017-02-15 14:40:38,415 INFO org.apache.hadoop.mapred.Merger: Merging 1 sorted segments
2017-02-15 14:40:38,416 INFO org.apache.hadoop.mapred.Merger: Down to the last merge-pass, with 1 segments left of total size: 173 bytes
2017-02-15 14:40:38,418 INFO org.apache.hadoop.mapred.LocalJobRunner: 3 / 3 copied.
2017-02-15 14:40:38,445 INFO org.apache.hadoop.mapred.Task: Task:attempt_local1558182883_0001_r_000007_0 is done. And is in the process of committing
2017-02-15 14:40:38,447 INFO org.apache.hadoop.mapred.LocalJobRunner: 3 / 3 copied.
2017-02-15 14:40:38,450 INFO org.apache.hadoop.mapred.Task: Task attempt_local1558182883_0001_r_000007_0 is allowed to commit now
2017-02-15 14:40:38,458 INFO org.apache.hadoop.mapreduce.lib.output.FileOutputCommitter: Saved output of task 'attempt_local1558182883_0001_r_000007_0' to file:/home/cloudera/workspace/Assignment1/Stopwords_10red_comb_compr/output/_temporary/0/task_local1558182883_0001_r_000007
2017-02-15 14:40:38,463 INFO org.apache.hadoop.mapred.LocalJobRunner: reduce > reduce
2017-02-15 14:40:38,463 INFO org.apache.hadoop.mapred.Task: Task 'attempt_local1558182883_0001_r_000007_0' done.
2017-02-15 14:40:38,464 INFO org.apache.hadoop.mapred.LocalJobRunner: Finishing task: attempt_local1558182883_0001_r_000007_0
2017-02-15 14:40:38,464 INFO org.apache.hadoop.mapred.LocalJobRunner: Starting task: attempt_local1558182883_0001_r_000008_0
2017-02-15 14:40:38,476 INFO org.apache.hadoop.mapreduce.lib.output.FileOutputCommitter: File Output Committer Algorithm version is 1
2017-02-15 14:40:38,478 INFO org.apache.hadoop.mapred.Task:  Using ResourceCalculatorProcessTree : [ ]
2017-02-15 14:40:38,480 INFO org.apache.hadoop.mapred.ReduceTask: Using ShuffleConsumerPlugin: org.apache.hadoop.mapreduce.task.reduce.Shuffle@3ac9a820
2017-02-15 14:40:38,489 INFO org.apache.hadoop.mapreduce.task.reduce.MergeManagerImpl: MergerManager: memoryLimit=261121632, maxSingleShuffleLimit=65280408, mergeThreshold=172340288, ioSortFactor=10, memToMemMergeOutputsThreshold=10
2017-02-15 14:40:38,505 INFO org.apache.hadoop.mapreduce.task.reduce.EventFetcher: attempt_local1558182883_0001_r_000008_0 Thread started: EventFetcher for fetching Map Completion Events
2017-02-15 14:40:38,529 INFO org.apache.hadoop.mapreduce.task.reduce.LocalFetcher: localfetcher#9 about to shuffle output of map attempt_local1558182883_0001_m_000000_0 decomp: 122 len: 126 to MEMORY
2017-02-15 14:40:38,532 INFO org.apache.hadoop.mapreduce.task.reduce.InMemoryMapOutput: Read 122 bytes from map-output for attempt_local1558182883_0001_m_000000_0
2017-02-15 14:40:38,534 INFO org.apache.hadoop.mapreduce.task.reduce.MergeManagerImpl: closeInMemoryFile -> map-output of size: 122, inMemoryMapOutputs.size() -> 1, commitMemory -> 0, usedMemory ->122
2017-02-15 14:40:38,551 INFO org.apache.hadoop.mapreduce.task.reduce.LocalFetcher: localfetcher#9 about to shuffle output of map attempt_local1558182883_0001_m_000002_0 decomp: 49 len: 53 to MEMORY
2017-02-15 14:40:38,555 INFO org.apache.hadoop.mapreduce.task.reduce.InMemoryMapOutput: Read 49 bytes from map-output for attempt_local1558182883_0001_m_000002_0
2017-02-15 14:40:38,555 INFO org.apache.hadoop.mapreduce.task.reduce.MergeManagerImpl: closeInMemoryFile -> map-output of size: 49, inMemoryMapOutputs.size() -> 2, commitMemory -> 122, usedMemory ->171
2017-02-15 14:40:38,557 INFO org.apache.hadoop.mapreduce.task.reduce.LocalFetcher: localfetcher#9 about to shuffle output of map attempt_local1558182883_0001_m_000001_0 decomp: 49 len: 53 to MEMORY
2017-02-15 14:40:38,566 INFO org.apache.hadoop.mapreduce.task.reduce.InMemoryMapOutput: Read 49 bytes from map-output for attempt_local1558182883_0001_m_000001_0
2017-02-15 14:40:38,571 INFO org.apache.hadoop.mapreduce.task.reduce.MergeManagerImpl: closeInMemoryFile -> map-output of size: 49, inMemoryMapOutputs.size() -> 3, commitMemory -> 171, usedMemory ->220
2017-02-15 14:40:38,572 INFO org.apache.hadoop.mapreduce.task.reduce.EventFetcher: EventFetcher is interrupted.. Returning
2017-02-15 14:40:38,574 INFO org.apache.hadoop.mapred.LocalJobRunner: 3 / 3 copied.
2017-02-15 14:40:38,574 INFO org.apache.hadoop.mapreduce.task.reduce.MergeManagerImpl: finalMerge called with 3 in-memory map-outputs and 0 on-disk map-outputs
2017-02-15 14:40:38,576 INFO org.apache.hadoop.mapred.Merger: Merging 3 sorted segments
2017-02-15 14:40:38,577 INFO org.apache.hadoop.mapred.Merger: Down to the last merge-pass, with 3 segments left of total size: 208 bytes
2017-02-15 14:40:38,579 INFO org.apache.hadoop.mapreduce.task.reduce.MergeManagerImpl: Merged 3 segments, 220 bytes to disk to satisfy reduce memory limit
2017-02-15 14:40:38,583 INFO org.apache.hadoop.mapreduce.task.reduce.MergeManagerImpl: Merging 1 files, 220 bytes from disk
2017-02-15 14:40:38,585 INFO org.apache.hadoop.mapreduce.task.reduce.MergeManagerImpl: Merging 0 segments, 0 bytes from memory into reduce
2017-02-15 14:40:38,585 INFO org.apache.hadoop.mapred.Merger: Merging 1 sorted segments
2017-02-15 14:40:38,593 INFO org.apache.hadoop.mapred.Merger: Down to the last merge-pass, with 1 segments left of total size: 212 bytes
2017-02-15 14:40:38,595 INFO org.apache.hadoop.mapred.LocalJobRunner: 3 / 3 copied.
2017-02-15 14:40:38,633 INFO org.apache.hadoop.mapred.Task: Task:attempt_local1558182883_0001_r_000008_0 is done. And is in the process of committing
2017-02-15 14:40:38,635 INFO org.apache.hadoop.mapred.LocalJobRunner: 3 / 3 copied.
2017-02-15 14:40:38,635 INFO org.apache.hadoop.mapred.Task: Task attempt_local1558182883_0001_r_000008_0 is allowed to commit now
2017-02-15 14:40:38,638 INFO org.apache.hadoop.mapreduce.lib.output.FileOutputCommitter: Saved output of task 'attempt_local1558182883_0001_r_000008_0' to file:/home/cloudera/workspace/Assignment1/Stopwords_10red_comb_compr/output/_temporary/0/task_local1558182883_0001_r_000008
2017-02-15 14:40:38,642 INFO org.apache.hadoop.mapred.LocalJobRunner: reduce > reduce
2017-02-15 14:40:38,647 INFO org.apache.hadoop.mapred.Task: Task 'attempt_local1558182883_0001_r_000008_0' done.
2017-02-15 14:40:38,647 INFO org.apache.hadoop.mapred.LocalJobRunner: Finishing task: attempt_local1558182883_0001_r_000008_0
2017-02-15 14:40:38,647 INFO org.apache.hadoop.mapred.LocalJobRunner: Starting task: attempt_local1558182883_0001_r_000009_0
2017-02-15 14:40:38,658 INFO org.apache.hadoop.mapreduce.lib.output.FileOutputCommitter: File Output Committer Algorithm version is 1
2017-02-15 14:40:38,660 INFO org.apache.hadoop.mapred.Task:  Using ResourceCalculatorProcessTree : [ ]
2017-02-15 14:40:38,660 INFO org.apache.hadoop.mapred.ReduceTask: Using ShuffleConsumerPlugin: org.apache.hadoop.mapreduce.task.reduce.Shuffle@10ca3e66
2017-02-15 14:40:38,671 INFO org.apache.hadoop.mapreduce.task.reduce.MergeManagerImpl: MergerManager: memoryLimit=261121632, maxSingleShuffleLimit=65280408, mergeThreshold=172340288, ioSortFactor=10, memToMemMergeOutputsThreshold=10
2017-02-15 14:40:38,683 INFO org.apache.hadoop.mapreduce.task.reduce.EventFetcher: attempt_local1558182883_0001_r_000009_0 Thread started: EventFetcher for fetching Map Completion Events
2017-02-15 14:40:38,695 INFO org.apache.hadoop.mapreduce.task.reduce.LocalFetcher: localfetcher#10 about to shuffle output of map attempt_local1558182883_0001_m_000000_0 decomp: 32 len: 36 to MEMORY
2017-02-15 14:40:38,700 INFO org.apache.hadoop.mapreduce.task.reduce.InMemoryMapOutput: Read 32 bytes from map-output for attempt_local1558182883_0001_m_000000_0
2017-02-15 14:40:38,703 INFO org.apache.hadoop.mapreduce.task.reduce.MergeManagerImpl: closeInMemoryFile -> map-output of size: 32, inMemoryMapOutputs.size() -> 1, commitMemory -> 0, usedMemory ->32
2017-02-15 14:40:38,712 INFO org.apache.hadoop.mapreduce.task.reduce.LocalFetcher: localfetcher#10 about to shuffle output of map attempt_local1558182883_0001_m_000002_0 decomp: 2 len: 6 to MEMORY
2017-02-15 14:40:38,714 INFO org.apache.hadoop.mapreduce.task.reduce.InMemoryMapOutput: Read 2 bytes from map-output for attempt_local1558182883_0001_m_000002_0
2017-02-15 14:40:38,716 INFO org.apache.hadoop.mapreduce.task.reduce.MergeManagerImpl: closeInMemoryFile -> map-output of size: 2, inMemoryMapOutputs.size() -> 2, commitMemory -> 32, usedMemory ->34
2017-02-15 14:40:38,726 INFO org.apache.hadoop.mapreduce.task.reduce.LocalFetcher: localfetcher#10 about to shuffle output of map attempt_local1558182883_0001_m_000001_0 decomp: 23 len: 27 to MEMORY
2017-02-15 14:40:38,730 INFO org.apache.hadoop.mapreduce.task.reduce.InMemoryMapOutput: Read 23 bytes from map-output for attempt_local1558182883_0001_m_000001_0
2017-02-15 14:40:38,731 INFO org.apache.hadoop.mapreduce.task.reduce.MergeManagerImpl: closeInMemoryFile -> map-output of size: 23, inMemoryMapOutputs.size() -> 3, commitMemory -> 34, usedMemory ->57
2017-02-15 14:40:38,732 INFO org.apache.hadoop.mapreduce.task.reduce.EventFetcher: EventFetcher is interrupted.. Returning
2017-02-15 14:40:38,742 INFO org.apache.hadoop.mapred.LocalJobRunner: 3 / 3 copied.
2017-02-15 14:40:38,742 INFO org.apache.hadoop.mapreduce.task.reduce.MergeManagerImpl: finalMerge called with 3 in-memory map-outputs and 0 on-disk map-outputs
2017-02-15 14:40:38,743 INFO org.apache.hadoop.mapred.Merger: Merging 3 sorted segments
2017-02-15 14:40:38,745 INFO org.apache.hadoop.mapred.Merger: Down to the last merge-pass, with 2 segments left of total size: 43 bytes
2017-02-15 14:40:38,747 INFO org.apache.hadoop.mapreduce.task.reduce.MergeManagerImpl: Merged 3 segments, 57 bytes to disk to satisfy reduce memory limit
2017-02-15 14:40:38,747 INFO org.apache.hadoop.mapreduce.task.reduce.MergeManagerImpl: Merging 1 files, 57 bytes from disk
2017-02-15 14:40:38,747 INFO org.apache.hadoop.mapreduce.task.reduce.MergeManagerImpl: Merging 0 segments, 0 bytes from memory into reduce
2017-02-15 14:40:38,747 INFO org.apache.hadoop.mapred.Merger: Merging 1 sorted segments
2017-02-15 14:40:38,754 INFO org.apache.hadoop.mapred.Merger: Down to the last merge-pass, with 1 segments left of total size: 47 bytes
2017-02-15 14:40:38,756 INFO org.apache.hadoop.mapred.LocalJobRunner: 3 / 3 copied.
2017-02-15 14:40:38,783 INFO org.apache.hadoop.mapred.Task: Task:attempt_local1558182883_0001_r_000009_0 is done. And is in the process of committing
2017-02-15 14:40:38,784 INFO org.apache.hadoop.mapred.LocalJobRunner: 3 / 3 copied.
2017-02-15 14:40:38,785 INFO org.apache.hadoop.mapred.Task: Task attempt_local1558182883_0001_r_000009_0 is allowed to commit now
2017-02-15 14:40:38,795 INFO org.apache.hadoop.mapreduce.lib.output.FileOutputCommitter: Saved output of task 'attempt_local1558182883_0001_r_000009_0' to file:/home/cloudera/workspace/Assignment1/Stopwords_10red_comb_compr/output/_temporary/0/task_local1558182883_0001_r_000009
2017-02-15 14:40:38,797 INFO org.apache.hadoop.mapred.LocalJobRunner: reduce > reduce
2017-02-15 14:40:38,799 INFO org.apache.hadoop.mapred.Task: Task 'attempt_local1558182883_0001_r_000009_0' done.
2017-02-15 14:40:38,800 INFO org.apache.hadoop.mapred.LocalJobRunner: Finishing task: attempt_local1558182883_0001_r_000009_0
2017-02-15 14:40:38,801 INFO org.apache.hadoop.mapred.LocalJobRunner: reduce task executor complete.
2017-02-15 14:40:38,984 INFO org.apache.hadoop.mapreduce.Job:  map 100% reduce 100%
2017-02-15 14:40:39,986 INFO org.apache.hadoop.mapreduce.Job: Job job_local1558182883_0001 completed successfully
2017-02-15 14:40:40,257 INFO org.apache.hadoop.mapreduce.Job: Counters: 33
	File System Counters
		FILE: Number of bytes read=324383284
		FILE: Number of bytes written=3520509
		FILE: Number of read operations=0
		FILE: Number of large read operations=0
		FILE: Number of write operations=0
	Map-Reduce Framework
		Map input records=507535
		Map output records=4821436
		Map output bytes=43341408
		Map output materialized bytes=1724
		Input split bytes=369
		Combine input records=4821436
		Combine output records=156
		Reduce input groups=95
		Reduce shuffle bytes=1724
		Reduce input records=156
		Reduce output records=95
		Spilled Records=312
		Shuffled Maps =30
		Failed Shuffles=0
		Merged Map outputs=30
		GC time elapsed (ms)=1275
		CPU time spent (ms)=0
		Physical memory (bytes) snapshot=0
		Virtual memory (bytes) snapshot=0
		Total committed heap usage (bytes)=2066702336
	Shuffle Errors
		BAD_ID=0
		CONNECTION=0
		IO_ERROR=0
		WRONG_LENGTH=0
		WRONG_MAP=0
		WRONG_REDUCE=0
	File Input Format Counters 
		Bytes Read=26057865
	File Output Format Counters 
		Bytes Written=1040
